#
# There is insufficient memory for the Java Runtime Environment to continue.
# Native memory allocation (malloc) failed to allocate 1569760 bytes. Error detail: Chunk::new
# Possible reasons:
#   The system is out of physical RAM or swap space
#   This process is running with CompressedOops enabled, and the Java Heap may be blocking the growth of the native heap
# Possible solutions:
#   Reduce memory load on the system
#   Increase physical memory or swap space
#   Check if swap backing store is full
#   Decrease Java heap size (-Xmx/-Xms)
#   Decrease number of Java threads
#   Decrease Java thread stack sizes (-Xss)
#   Set larger code cache with -XX:ReservedCodeCacheSize=
#   JVM is running with Unscaled Compressed Oops mode in which the Java heap is
#     placed in the first 4GB address space. The Java Heap base address is the
#     maximum limit for the native heap growth. Please use -XX:HeapBaseMinAddress
#     to set the Java Heap base and to place the Java Heap above 4GB virtual address.
# This output file may be truncated or incomplete.
#
#  Out of Memory Error (arena.cpp:168), pid=23864, tid=10452
#
# JRE version: OpenJDK Runtime Environment Temurin-21.0.8+9 (21.0.8+9) (build 21.0.8+9-LTS)
# Java VM: OpenJDK 64-Bit Server VM Temurin-21.0.8+9 (21.0.8+9-LTS, mixed mode, sharing, tiered, compressed oops, compressed class ptrs, parallel gc, windows-amd64)
# No core dump will be written. Minidumps are not enabled by default on client versions of Windows
#

---------------  S U M M A R Y ------------

Command Line: --add-modules=ALL-SYSTEM --add-opens=java.base/java.util=ALL-UNNAMED --add-opens=java.base/java.lang=ALL-UNNAMED --add-opens=java.base/sun.nio.fs=ALL-UNNAMED -Declipse.application=org.eclipse.jdt.ls.core.id1 -Dosgi.bundles.defaultStartLevel=4 -Declipse.product=org.eclipse.jdt.ls.core.product -Djava.import.generatesMetadataFilesAtProjectRoot=false -DDetectVMInstallationsJob.disabled=true -Dfile.encoding=utf8 -XX:+UseParallelGC -XX:GCTimeRatio=4 -XX:AdaptiveSizePolicyWeight=90 -Dsun.zip.disableMemoryMapping=true -Xmx2G -Xms100m -Xlog:disable -javaagent:c:\Users\Administrator\.windsurf\extensions\redhat.java-1.45.0-win32-x64\lombok\lombok-1.18.39-4050.jar -XX:+HeapDumpOnOutOfMemoryError -XX:HeapDumpPath=c:\Users\Administrator\AppData\Roaming\Windsurf\User\workspaceStorage\36ce390dab02e965a489977d07a55338\redhat.java -Daether.dependencyCollector.impl=bf c:\Users\Administrator\.windsurf\extensions\redhat.java-1.45.0-win32-x64\server\plugins\org.eclipse.equinox.launcher_1.7.0.v20250519-0528.jar -configuration c:\Users\Administrator\AppData\Roaming\Windsurf\User\globalStorage\redhat.java\1.45.0\config_win -data c:\Users\Administrator\AppData\Roaming\Windsurf\User\workspaceStorage\36ce390dab02e965a489977d07a55338\redhat.java\jdt_ws --pipe=\\.\pipe\lsp-f8e37e8b64626ca5c026f8ef935db8ae-sock

Host: Intel(R) Core(TM) i7-10870H CPU @ 2.20GHz, 16 cores, 15G,  Windows 11 , 64 bit Build 26100 (10.0.26100.4202)
Time: Sat Sep 27 14:31:00 2025 elapsed time: 6.664493 seconds (0d 0h 0m 6s)

---------------  T H R E A D  ---------------

Current thread (0x000001dbf5d81e30):  JavaThread "C2 CompilerThread0" daemon [_thread_in_native, id=10452, stack(0x00000018fbc00000,0x00000018fbd00000) (1024K)]


Current CompileTask:
C2:6664 4989   !   4       org.eclipse.osgi.internal.loader.classpath.ClasspathManager::findClassImpl (343 bytes)

Stack: [0x00000018fbc00000,0x00000018fbd00000]
Native frames: (J=compiled Java code, j=interpreted, Vv=VM code, C=native code)
V  [jvm.dll+0x6d2449]
V  [jvm.dll+0x8ae341]
V  [jvm.dll+0x8b08be]
V  [jvm.dll+0x8b0fa3]
V  [jvm.dll+0x280c96]
V  [jvm.dll+0xc581d]
V  [jvm.dll+0xc5d53]
V  [jvm.dll+0x3b919c]
V  [jvm.dll+0x1e1213]
V  [jvm.dll+0x249022]
V  [jvm.dll+0x2484af]
V  [jvm.dll+0x1c89ee]
V  [jvm.dll+0x257d4d]
V  [jvm.dll+0x2562ea]
V  [jvm.dll+0x3f2d16]
V  [jvm.dll+0x857e6b]
V  [jvm.dll+0x6d0b0d]
C  [ucrtbase.dll+0x37b0]
C  [KERNEL32.DLL+0x2e8d7]
C  [ntdll.dll+0x3c34c]


---------------  P R O C E S S  ---------------

Threads class SMR info:
_java_thread_list=0x000001dbc142f930, length=71, elements={
0x000001dbdbad8530, 0x000001dbf5d6b9f0, 0x000001dbf5d6c900, 0x000001dbf5d733e0,
0x000001dbf5d742c0, 0x000001dbf5d761d0, 0x000001dbf5d7bf70, 0x000001dbf5d81e30,
0x000001dbf5d86d90, 0x000001dbf5e3f9e0, 0x000001dbf5ed15d0, 0x000001dbf5ff54c0,
0x000001dbf5ff5b60, 0x000001dbf7459940, 0x000001dbfc357b40, 0x000001dbfc3752e0,
0x000001dbf7b5a3b0, 0x000001dbf7b5ade0, 0x000001dbfc054540, 0x000001dbfc7b3750,
0x000001dbfc95e070, 0x000001dbfcaa0760, 0x000001dbfcaa21a0, 0x000001dbfcaa0df0,
0x000001dbfcaa1480, 0x000001dbfcaa1b10, 0x000001dbf76bfdd0, 0x000001dbf609b480,
0x000001dbfcaa2830, 0x000001dbfcaa2ec0, 0x000001dbfcaa00d0, 0x000001dbfd6e5950,
0x000001dbfca9fa40, 0x000001dbfded7be0, 0x000001dbfded5480, 0x000001dbfded4760,
0x000001dbfded4df0, 0x000001dbfded61a0, 0x000001dbfded8f90, 0x000001dbfded6830,
0x000001dbfded6ec0, 0x000001dbfded5b10, 0x000001dbfdeda340, 0x000001dbfded8900,
0x000001dbfdeda9d0, 0x000001dbfded8270, 0x000001dbfded9cb0, 0x000001dbfded7550,
0x000001dbfded9620, 0x000001dbfdedb060, 0x000001dbfe97b500, 0x000001dbfc4609a0,
0x000001dbfe461360, 0x000001dbf7a9b5a0, 0x000001dbfdedb6f0, 0x000001dbfdedbd80,
0x000001dbc17ff690, 0x000001dbc18003b0, 0x000001dbc17ffd20, 0x000001dbc1800a40,
0x000001dbc17fe970, 0x000001dbc18010d0, 0x000001dbc1802480, 0x000001dbc1801760,
0x000001dbc1801df0, 0x000001dbc17ff000, 0x000001dbc1803ec0, 0x000001dbc1805f90,
0x000001dbc1802b10, 0x000001dbc1805270, 0x000001dbc1805900
}

Java Threads: ( => current thread )
  0x000001dbdbad8530 JavaThread "main"                              [_thread_in_Java, id=21240, stack(0x00000018fb200000,0x00000018fb300000) (1024K)]
  0x000001dbf5d6b9f0 JavaThread "Reference Handler"          daemon [_thread_blocked, id=20968, stack(0x00000018fb600000,0x00000018fb700000) (1024K)]
  0x000001dbf5d6c900 JavaThread "Finalizer"                  daemon [_thread_blocked, id=10888, stack(0x00000018fb700000,0x00000018fb800000) (1024K)]
  0x000001dbf5d733e0 JavaThread "Signal Dispatcher"          daemon [_thread_blocked, id=27184, stack(0x00000018fb800000,0x00000018fb900000) (1024K)]
  0x000001dbf5d742c0 JavaThread "Attach Listener"            daemon [_thread_blocked, id=28540, stack(0x00000018fb900000,0x00000018fba00000) (1024K)]
  0x000001dbf5d761d0 JavaThread "Service Thread"             daemon [_thread_blocked, id=10180, stack(0x00000018fba00000,0x00000018fbb00000) (1024K)]
  0x000001dbf5d7bf70 JavaThread "Monitor Deflation Thread"   daemon [_thread_blocked, id=20692, stack(0x00000018fbb00000,0x00000018fbc00000) (1024K)]
=>0x000001dbf5d81e30 JavaThread "C2 CompilerThread0"         daemon [_thread_in_native, id=10452, stack(0x00000018fbc00000,0x00000018fbd00000) (1024K)]
  0x000001dbf5d86d90 JavaThread "C1 CompilerThread0"         daemon [_thread_in_native, id=4344, stack(0x00000018fbd00000,0x00000018fbe00000) (1024K)]
  0x000001dbf5e3f9e0 JavaThread "C1 CompilerThread1"         daemon [_thread_in_native, id=8460, stack(0x00000018fbe00000,0x00000018fbf00000) (1024K)]
  0x000001dbf5ed15d0 JavaThread "Common-Cleaner"             daemon [_thread_blocked, id=27968, stack(0x00000018fbf00000,0x00000018fc000000) (1024K)]
  0x000001dbf5ff54c0 JavaThread "C1 CompilerThread2"         daemon [_thread_in_native, id=17928, stack(0x00000018fc000000,0x00000018fc100000) (1024K)]
  0x000001dbf5ff5b60 JavaThread "C1 CompilerThread3"         daemon [_thread_in_native, id=2628, stack(0x00000018fc100000,0x00000018fc200000) (1024K)]
  0x000001dbf7459940 JavaThread "Notification Thread"        daemon [_thread_blocked, id=24880, stack(0x00000018fc300000,0x00000018fc400000) (1024K)]
  0x000001dbfc357b40 JavaThread "Active Thread: Equinox Container: 9d115044-e517-46e4-bb17-041d556bea66"        [_thread_blocked, id=10864, stack(0x00000018fcc00000,0x00000018fcd00000) (1024K)]
  0x000001dbfc3752e0 JavaThread "Refresh Thread: Equinox Container: 9d115044-e517-46e4-bb17-041d556bea66" daemon [_thread_blocked, id=29076, stack(0x00000018fce00000,0x00000018fcf00000) (1024K)]
  0x000001dbf7b5a3b0 JavaThread "Framework Event Dispatcher: Equinox Container: 9d115044-e517-46e4-bb17-041d556bea66" daemon [_thread_blocked, id=18132, stack(0x00000018fcf00000,0x00000018fd000000) (1024K)]
  0x000001dbf7b5ade0 JavaThread "Start Level: Equinox Container: 9d115044-e517-46e4-bb17-041d556bea66" daemon [_thread_blocked, id=26252, stack(0x00000018fd000000,0x00000018fd100000) (1024K)]
  0x000001dbfc054540 JavaThread "Bundle File Closer"         daemon [_thread_blocked, id=21768, stack(0x00000018fd400000,0x00000018fd500000) (1024K)]
  0x000001dbfc7b3750 JavaThread "SCR Component Actor"        daemon [_thread_blocked, id=29560, stack(0x00000018fd500000,0x00000018fd600000) (1024K)]
  0x000001dbfc95e070 JavaThread "SCR Component Registry"     daemon [_thread_blocked, id=26388, stack(0x00000018fd600000,0x00000018fd700000) (1024K)]
  0x000001dbfcaa0760 JavaThread "Worker-JM"                         [_thread_blocked, id=4300, stack(0x00000018fd800000,0x00000018fd900000) (1024K)]
  0x000001dbfcaa21a0 JavaThread "JNA Cleaner"                daemon [_thread_blocked, id=27060, stack(0x00000018fda00000,0x00000018fdb00000) (1024K)]
  0x000001dbfcaa0df0 JavaThread "Worker-0"                          [_thread_blocked, id=29236, stack(0x00000018fdb00000,0x00000018fdc00000) (1024K)]
  0x000001dbfcaa1480 JavaThread "Worker-1: Repository registry initialization"        [_thread_in_vm, id=21064, stack(0x00000018fdc00000,0x00000018fdd00000) (1024K)]
  0x000001dbfcaa1b10 JavaThread "Java indexing"              daemon [_thread_blocked, id=25496, stack(0x00000018fcb00000,0x00000018fcc00000) (1024K)]
  0x000001dbf76bfdd0 JavaThread "C2 CompilerThread1"         daemon [_thread_in_native, id=22404, stack(0x00000018fc200000,0x00000018fc300000) (1024K)]
  0x000001dbf609b480 JavaThread "C2 CompilerThread2"         daemon [_thread_in_native, id=15932, stack(0x00000018fc400000,0x00000018fc500000) (1024K)]
  0x000001dbfcaa2830 JavaThread "Worker-2"                          [_thread_blocked, id=12300, stack(0x00000018fe000000,0x00000018fe100000) (1024K)]
  0x000001dbfcaa2ec0 JavaThread "Worker-3"                          [_thread_blocked, id=24312, stack(0x00000018fe100000,0x00000018fe200000) (1024K)]
  0x000001dbfcaa00d0 JavaThread "Worker-4"                          [_thread_blocked, id=9272, stack(0x00000018fe200000,0x00000018fe300000) (1024K)]
  0x000001dbfd6e5950 JavaThread "C2 CompilerThread3"         daemon [_thread_in_native, id=2580, stack(0x00000018fe300000,0x00000018fe400000) (1024K)]
  0x000001dbfca9fa40 JavaThread "Thread-2"                   daemon [_thread_in_native, id=23612, stack(0x00000018fe400000,0x00000018fe500000) (1024K)]
  0x000001dbfded7be0 JavaThread "Thread-3"                   daemon [_thread_in_native, id=6276, stack(0x00000018fe500000,0x00000018fe600000) (1024K)]
  0x000001dbfded5480 JavaThread "Thread-4"                   daemon [_thread_in_native, id=24264, stack(0x00000018fe600000,0x00000018fe700000) (1024K)]
  0x000001dbfded4760 JavaThread "Thread-5"                   daemon [_thread_in_native, id=8920, stack(0x00000018fe700000,0x00000018fe800000) (1024K)]
  0x000001dbfded4df0 JavaThread "Thread-6"                   daemon [_thread_in_native, id=14012, stack(0x00000018fe800000,0x00000018fe900000) (1024K)]
  0x000001dbfded61a0 JavaThread "Thread-7"                   daemon [_thread_in_native, id=12128, stack(0x00000018fe900000,0x00000018fea00000) (1024K)]
  0x000001dbfded8f90 JavaThread "Thread-8"                   daemon [_thread_in_native, id=19388, stack(0x00000018fea00000,0x00000018feb00000) (1024K)]
  0x000001dbfded6830 JavaThread "Thread-9"                   daemon [_thread_in_native, id=21724, stack(0x00000018feb00000,0x00000018fec00000) (1024K)]
  0x000001dbfded6ec0 JavaThread "Thread-10"                  daemon [_thread_in_native, id=16480, stack(0x00000018fec00000,0x00000018fed00000) (1024K)]
  0x000001dbfded5b10 JavaThread "Thread-11"                  daemon [_thread_in_native, id=1412, stack(0x00000018fed00000,0x00000018fee00000) (1024K)]
  0x000001dbfdeda340 JavaThread "Thread-12"                  daemon [_thread_in_native, id=25180, stack(0x00000018fee00000,0x00000018fef00000) (1024K)]
  0x000001dbfded8900 JavaThread "Thread-13"                  daemon [_thread_in_native, id=12376, stack(0x00000018fef00000,0x00000018ff000000) (1024K)]
  0x000001dbfdeda9d0 JavaThread "Thread-14"                  daemon [_thread_in_native, id=5536, stack(0x00000018ff000000,0x00000018ff100000) (1024K)]
  0x000001dbfded8270 JavaThread "Thread-15"                  daemon [_thread_in_native, id=29036, stack(0x00000018ff100000,0x00000018ff200000) (1024K)]
  0x000001dbfded9cb0 JavaThread "Thread-16"                  daemon [_thread_in_native, id=7904, stack(0x00000018ff200000,0x00000018ff300000) (1024K)]
  0x000001dbfded7550 JavaThread "Thread-17"                  daemon [_thread_in_native, id=5496, stack(0x00000018ff300000,0x00000018ff400000) (1024K)]
  0x000001dbfded9620 JavaThread "Thread-18"                  daemon [_thread_in_native, id=23176, stack(0x00000018ff400000,0x00000018ff500000) (1024K)]
  0x000001dbfdedb060 JavaThread "pool-2-thread-1"                   [_thread_blocked, id=24380, stack(0x00000018ff500000,0x00000018ff600000) (1024K)]
  0x000001dbfe97b500 JavaThread "C2 CompilerThread4"         daemon [_thread_in_native, id=13872, stack(0x00000018ff600000,0x00000018ff700000) (1024K)]
  0x000001dbfc4609a0 JavaThread "C2 CompilerThread5"         daemon [_thread_in_native, id=5204, stack(0x00000018ff700000,0x00000018ff800000) (1024K)]
  0x000001dbfe461360 JavaThread "C2 CompilerThread6"         daemon [_thread_in_native, id=10100, stack(0x00000018ff800000,0x00000018ff900000) (1024K)]
  0x000001dbf7a9b5a0 JavaThread "C2 CompilerThread7"         daemon [_thread_in_native, id=25708, stack(0x00000018ff900000,0x00000018ffa00000) (1024K)]
  0x000001dbfdedb6f0 JavaThread "ForkJoinPool.commonPool-worker-1" daemon [_thread_blocked, id=27932, stack(0x00000018ffa00000,0x00000018ffb00000) (1024K)]
  0x000001dbfdedbd80 JavaThread "ForkJoinPool.commonPool-worker-2" daemon [_thread_blocked, id=24196, stack(0x00000018ffb00000,0x00000018ffc00000) (1024K)]
  0x000001dbc17ff690 JavaThread "ForkJoinPool.commonPool-worker-3" daemon [_thread_blocked, id=28744, stack(0x00000018ffc00000,0x00000018ffd00000) (1024K)]
  0x000001dbc18003b0 JavaThread "ForkJoinPool.commonPool-worker-4" daemon [_thread_blocked, id=10496, stack(0x00000018ffd00000,0x00000018ffe00000) (1024K)]
  0x000001dbc17ffd20 JavaThread "ForkJoinPool.commonPool-worker-5" daemon [_thread_blocked, id=20580, stack(0x00000018ffe00000,0x00000018fff00000) (1024K)]
  0x000001dbc1800a40 JavaThread "ForkJoinPool.commonPool-worker-6" daemon [_thread_blocked, id=13248, stack(0x00000018fff00000,0x0000001900000000) (1024K)]
  0x000001dbc17fe970 JavaThread "ForkJoinPool.commonPool-worker-7" daemon [_thread_blocked, id=21408, stack(0x0000001880000000,0x0000001880100000) (1024K)]
  0x000001dbc18010d0 JavaThread "ForkJoinPool.commonPool-worker-8" daemon [_thread_blocked, id=9380, stack(0x0000001880100000,0x0000001880200000) (1024K)]
  0x000001dbc1802480 JavaThread "ForkJoinPool.commonPool-worker-9" daemon [_thread_blocked, id=8948, stack(0x0000001880200000,0x0000001880300000) (1024K)]
  0x000001dbc1801760 JavaThread "ForkJoinPool.commonPool-worker-10" daemon [_thread_blocked, id=29592, stack(0x0000001880300000,0x0000001880400000) (1024K)]
  0x000001dbc1801df0 JavaThread "ForkJoinPool.commonPool-worker-11" daemon [_thread_blocked, id=24916, stack(0x0000001880400000,0x0000001880500000) (1024K)]
  0x000001dbc17ff000 JavaThread "ForkJoinPool.commonPool-worker-12" daemon [_thread_blocked, id=28976, stack(0x0000001880500000,0x0000001880600000) (1024K)]
  0x000001dbc1803ec0 JavaThread "ForkJoinPool.commonPool-worker-13" daemon [_thread_blocked, id=19884, stack(0x0000001880600000,0x0000001880700000) (1024K)]
  0x000001dbc1805f90 JavaThread "ForkJoinPool.commonPool-worker-14" daemon [_thread_blocked, id=25196, stack(0x0000001880700000,0x0000001880800000) (1024K)]
  0x000001dbc1802b10 JavaThread "ForkJoinPool.commonPool-worker-15" daemon [_thread_blocked, id=27076, stack(0x0000001880800000,0x0000001880900000) (1024K)]
  0x000001dbc1805270 JavaThread "WorkspaceEventsHandler"            [_thread_blocked, id=13184, stack(0x0000001880900000,0x0000001880a00000) (1024K)]
  0x000001dbc1805900 JavaThread "pool-1-thread-1"                   [_thread_in_vm, id=29612, stack(0x0000001880a00000,0x0000001880b00000) (1024K)]
Total: 71

Other Threads:
  0x000001dbf5d63540 VMThread "VM Thread"                           [id=21828, stack(0x00000018fb500000,0x00000018fb600000) (1024K)]
  0x000001dbf458ca00 WatcherThread "VM Periodic Task Thread"        [id=26416, stack(0x00000018fb400000,0x00000018fb500000) (1024K)]
  0x000001dbdd5c9df0 WorkerThread "GC Thread#0"                     [id=15880, stack(0x00000018fb300000,0x00000018fb400000) (1024K)]
  0x000001dbf7a97730 WorkerThread "GC Thread#1"                     [id=6208, stack(0x00000018fc500000,0x00000018fc600000) (1024K)]
  0x000001dbf7af5d20 WorkerThread "GC Thread#2"                     [id=26836, stack(0x00000018fc600000,0x00000018fc700000) (1024K)]
  0x000001dbf7af60c0 WorkerThread "GC Thread#3"                     [id=22464, stack(0x00000018fc700000,0x00000018fc800000) (1024K)]
  0x000001dbf7a97ad0 WorkerThread "GC Thread#4"                     [id=17036, stack(0x00000018fc800000,0x00000018fc900000) (1024K)]
  0x000001dbf7a97e70 WorkerThread "GC Thread#5"                     [id=17396, stack(0x00000018fc900000,0x00000018fca00000) (1024K)]
  0x000001dbf7b46a50 WorkerThread "GC Thread#6"                     [id=10472, stack(0x00000018fca00000,0x00000018fcb00000) (1024K)]
  0x000001dbfc376cf0 WorkerThread "GC Thread#7"                     [id=26640, stack(0x00000018fcd00000,0x00000018fce00000) (1024K)]
  0x000001dbfc10b360 WorkerThread "GC Thread#8"                     [id=18832, stack(0x00000018fd100000,0x00000018fd200000) (1024K)]
  0x000001dbfc10a880 WorkerThread "GC Thread#9"                     [id=21608, stack(0x00000018fd200000,0x00000018fd300000) (1024K)]
  0x000001dbfc10baa0 WorkerThread "GC Thread#10"                    [id=27832, stack(0x00000018fd300000,0x00000018fd400000) (1024K)]
  0x000001dbfc10be40 WorkerThread "GC Thread#11"                    [id=21528, stack(0x00000018fd700000,0x00000018fd800000) (1024K)]
  0x000001dbfcaddf90 WorkerThread "GC Thread#12"                    [id=18608, stack(0x00000018fd900000,0x00000018fda00000) (1024K)]
Total: 15

Threads with active compile tasks:
C2 CompilerThread0  6698 4989   !   4       org.eclipse.osgi.internal.loader.classpath.ClasspathManager::findClassImpl (343 bytes)
C1 CompilerThread0  6699 5715       3       org.eclipse.jdt.ls.core.internal.LogReader::setData (103 bytes)
C1 CompilerThread1  6699 5700       3       java.time.format.Parsed::resolveInstantFields (67 bytes)
C1 CompilerThread2  6699 5716   !   3       java.io.PrintWriter::close (63 bytes)
C1 CompilerThread3  6699 5755       3       java.time.format.Parsed::updateCheckConflict (124 bytes)
C2 CompilerThread1  6700 5031       4       org.eclipse.osgi.internal.loader.BundleLoader::addExportedProvidersFor (167 bytes)
C2 CompilerThread2  6700 5024       4       org.eclipse.osgi.internal.serviceregistry.ServiceRegistry::notifyHooksPrivileged (57 bytes)
C2 CompilerThread3  6700 5383       4       org.eclipse.osgi.internal.loader.BundleLoader::searchHooks (192 bytes)
C2 CompilerThread4  6701 5433       4       sun.nio.cs.StreamDecoder::lockedRead (189 bytes)
C2 CompilerThread5  6701 5432   !   4       sun.nio.cs.StreamDecoder::read (78 bytes)
C2 CompilerThread6  6701 5438       4       java.io.InputStreamReader::read (11 bytes)
C2 CompilerThread7  6702 5680       4       java.io.BufferedReader::implReadLine (301 bytes)
Total: 12

VM state: not at safepoint (normal execution)

VM Mutex/Monitor currently owned by a thread: None

Heap address: 0x0000000080000000, size: 2048 MB, Compressed Oops mode: 32-bit

CDS archive(s) mapped at: [0x000001db80000000-0x000001db80ba0000-0x000001db80ba0000), size 12189696, SharedBaseAddress: 0x000001db80000000, ArchiveRelocationMode: 1.
Compressed class space mapped at: 0x000001db81000000-0x000001dbc1000000, reserved size: 1073741824
Narrow klass base: 0x000001db80000000, Narrow klass shift: 0, Narrow klass range: 0x100000000

GC Precious Log:
 CardTable entry size: 512
 CPUs: 16 total, 16 available
 Memory: 16159M
 Large Page Support: Disabled
 NUMA Support: Disabled
 Compressed Oops: Enabled (32-bit)
 Alignments: Space 512K, Generation 512K, Heap 2M
 Heap Min Capacity: 100M
 Heap Initial Capacity: 100M
 Heap Max Capacity: 2G
 Pre-touch: Disabled
 Parallel Workers: 13

Heap:
 PSYoungGen      total 25088K, used 11445K [0x00000000d5580000, 0x00000000d7e00000, 0x0000000100000000)
  eden space 22016K, 38% used [0x00000000d5580000,0x00000000d5db1930,0x00000000d6b00000)
  from space 3072K, 99% used [0x00000000d6b00000,0x00000000d6dfbd70,0x00000000d6e00000)
  to   space 9728K, 0% used [0x00000000d7480000,0x00000000d7480000,0x00000000d7e00000)
 ParOldGen       total 68608K, used 25360K [0x0000000080000000, 0x0000000084300000, 0x00000000d5580000)
  object space 68608K, 36% used [0x0000000080000000,0x00000000818c42a0,0x0000000084300000)
 Metaspace       used 38720K, committed 39936K, reserved 1114112K
  class space    used 4038K, committed 4544K, reserved 1048576K

Card table byte_map: [0x000001dbef9c0000,0x000001dbefdd0000] _byte_map_base: 0x000001dbef5c0000

Marking Bits: (ParMarkBitMap*) 0x00007ffdaa35a340
 Begin Bits: [0x000001dbf0080000, 0x000001dbf2080000)
 End Bits:   [0x000001dbf2080000, 0x000001dbf4080000)

Polling page: 0x000001dbdd670000

Metaspace:

Usage:
  Non-class:     33.87 MB used.
      Class:      3.94 MB used.
       Both:     37.81 MB used.

Virtual space:
  Non-class space:       64.00 MB reserved,      34.56 MB ( 54%) committed,  1 nodes.
      Class space:        1.00 GB reserved,       4.44 MB ( <1%) committed,  1 nodes.
             Both:        1.06 GB reserved,      39.00 MB (  4%) committed. 

Chunk freelists:
   Non-Class:  12.72 MB
       Class:  11.58 MB
        Both:  24.30 MB

MaxMetaspaceSize: unlimited
CompressedClassSpaceSize: 1.00 GB
Initial GC threshold: 21.00 MB
Current GC threshold: 58.38 MB
CDS: on
 - commit_granule_bytes: 65536.
 - commit_granule_words: 8192.
 - virtual_space_node_default_size: 8388608.
 - enlarge_chunks_in_place: 1.
 - use_allocation_guard: 0.


Internal statistics:

num_allocs_failed_limit: 6.
num_arena_births: 902.
num_arena_deaths: 14.
num_vsnodes_births: 2.
num_vsnodes_deaths: 0.
num_space_committed: 623.
num_space_uncommitted: 0.
num_chunks_returned_to_freelist: 20.
num_chunks_taken_from_freelist: 2662.
num_chunk_merges: 11.
num_chunk_splits: 1625.
num_chunks_enlarged: 870.
num_inconsistent_stats: 0.

CodeHeap 'non-profiled nmethods': size=119168Kb used=2311Kb max_used=2375Kb free=116856Kb
 bounds [0x000001dbe8370000, 0x000001dbe85e0000, 0x000001dbef7d0000]
CodeHeap 'profiled nmethods': size=119104Kb used=10698Kb max_used=11173Kb free=108405Kb
 bounds [0x000001dbe07d0000, 0x000001dbe12c0000, 0x000001dbe7c20000]
CodeHeap 'non-nmethods': size=7488Kb used=3092Kb max_used=3105Kb free=4395Kb
 bounds [0x000001dbe7c20000, 0x000001dbe7f30000, 0x000001dbe8370000]
CodeCache: size=245760Kb, used=16101Kb, max_used=16653Kb, free=229656Kb
 total_blobs=5725, nmethods=5052, adapters=574, full_count=0
Compilation: enabled, stopped_count=0, restarted_count=0

Compilation events (20 events):
Event: 5.645 Thread 0x000001dbf5ff54c0 nmethod 5649 0x000001dbe0bbe210 code [0x000001dbe0bbe3c0, 0x000001dbe0bbe550]
Event: 5.645 Thread 0x000001dbf5d86d90 nmethod 5663 0x000001dbe0bbde10 code [0x000001dbe0bbdfc0, 0x000001dbe0bbe150]
Event: 5.646 Thread 0x000001dbf7a9b5a0 nmethod 5500 0x000001dbe83fc890 code [0x000001dbe83fcb60, 0x000001dbe83fd8a0]
Event: 5.646 Thread 0x000001dbf5e3f9e0 nmethod 5631 0x000001dbe83f2d10 code [0x000001dbe83f2ea0, 0x000001dbe83f2f70]
Event: 5.646 Thread 0x000001dbf5ff54c0 5632       1       java.time.format.DecimalStyle::getNegativeSign (5 bytes)
Event: 5.646 Thread 0x000001dbf5d86d90 5645       1       java.text.ParsePosition::getIndex (5 bytes)
Event: 5.646 Thread 0x000001dbf5e3f9e0 5664       3       org.eclipse.jdt.ls.core.internal.LogReader$LogEntry::appendToken (21 bytes)
Event: 5.647 Thread 0x000001dbf5ff54c0 nmethod 5632 0x000001dbe83fc590 code [0x000001dbe83fc720, 0x000001dbe83fc7f0]
Event: 5.647 Thread 0x000001dbf5d86d90 nmethod 5645 0x000001dbe83fc290 code [0x000001dbe83fc420, 0x000001dbe83fc4e8]
Event: 5.647 Thread 0x000001dbf5ff54c0 5667       3       java.time.format.DateTimeFormatterBuilder$CompositePrinterParser::parse (135 bytes)
Event: 5.647 Thread 0x000001dbf5e3f9e0 nmethod 5664 0x000001dbe0bbd790 code [0x000001dbe0bbd960, 0x000001dbe0bbdc70]
Event: 5.647 Thread 0x000001dbf5d86d90 5650       1       org.eclipse.jdt.ls.core.internal.LogReader$LogEntry::setMessage (6 bytes)
Event: 5.648 Thread 0x000001dbf5d86d90 nmethod 5650 0x000001dbe83fbf90 code [0x000001dbe83fc120, 0x000001dbe83fc200]
Event: 5.648 Thread 0x000001dbf5e3f9e0 5653       1       java.io.StringWriter::getBuffer (5 bytes)
Event: 5.649 Thread 0x000001dbf5d86d90 5668       3       java.time.format.Parsed::getLong (130 bytes)
Event: 5.649 Thread 0x000001dbf5e3f9e0 nmethod 5653 0x000001dbe83fbc10 code [0x000001dbe83fbda0, 0x000001dbe83fbe68]
Event: 5.649 Thread 0x000001dbf5ff5b60 nmethod 5665 0x000001dbe0a3b790 code [0x000001dbe0a3bc00, 0x000001dbe0a3d8e8]
Event: 5.649 Thread 0x000001dbf5e3f9e0 5674       3       java.util.StringTokenizer::countTokens (46 bytes)
Event: 5.650 Thread 0x000001dbf5ff54c0 nmethod 5667 0x000001dbe0b1a490 code [0x000001dbe0b1a740, 0x000001dbe0b1b6a8]
Event: 5.651 Thread 0x000001dbf5e3f9e0 nmethod 5674 0x000001dbe0b19f10 code [0x000001dbe0b1a0e0, 0x000001dbe0b1a380]

GC Heap History (20 events):
Event: 3.306 GC heap before
{Heap before GC invocations=8 (full 1):
 PSYoungGen      total 28672K, used 4072K [0x00000000d5580000, 0x00000000d7680000, 0x0000000100000000)
  eden space 24576K, 0% used [0x00000000d5580000,0x00000000d5580000,0x00000000d6d80000)
  from space 4096K, 99% used [0x00000000d6e80000,0x00000000d727a390,0x00000000d7280000)
  to   space 4096K, 0% used [0x00000000d7280000,0x00000000d7280000,0x00000000d7680000)
 ParOldGen       total 68608K, used 9256K [0x0000000080000000, 0x0000000084300000, 0x00000000d5580000)
  object space 68608K, 13% used [0x0000000080000000,0x000000008090a248,0x0000000084300000)
 Metaspace       used 20684K, committed 21504K, reserved 1114112K
  class space    used 2175K, committed 2560K, reserved 1048576K
}
Event: 3.339 GC heap after
{Heap after GC invocations=8 (full 1):
 PSYoungGen      total 28672K, used 0K [0x00000000d5580000, 0x00000000d7680000, 0x0000000100000000)
  eden space 24576K, 0% used [0x00000000d5580000,0x00000000d5580000,0x00000000d6d80000)
  from space 4096K, 0% used [0x00000000d6e80000,0x00000000d6e80000,0x00000000d7280000)
  to   space 4096K, 0% used [0x00000000d7280000,0x00000000d7280000,0x00000000d7680000)
 ParOldGen       total 68608K, used 12739K [0x0000000080000000, 0x0000000084300000, 0x00000000d5580000)
  object space 68608K, 18% used [0x0000000080000000,0x0000000080c70e98,0x0000000084300000)
 Metaspace       used 20671K, committed 21504K, reserved 1114112K
  class space    used 2171K, committed 2560K, reserved 1048576K
}
Event: 3.595 GC heap before
{Heap before GC invocations=9 (full 1):
 PSYoungGen      total 28672K, used 24576K [0x00000000d5580000, 0x00000000d7680000, 0x0000000100000000)
  eden space 24576K, 100% used [0x00000000d5580000,0x00000000d6d80000,0x00000000d6d80000)
  from space 4096K, 0% used [0x00000000d6e80000,0x00000000d6e80000,0x00000000d7280000)
  to   space 4096K, 0% used [0x00000000d7280000,0x00000000d7280000,0x00000000d7680000)
 ParOldGen       total 68608K, used 12739K [0x0000000080000000, 0x0000000084300000, 0x00000000d5580000)
  object space 68608K, 18% used [0x0000000080000000,0x0000000080c70e98,0x0000000084300000)
 Metaspace       used 22620K, committed 23552K, reserved 1114112K
  class space    used 2351K, committed 2752K, reserved 1048576K
}
Event: 3.597 GC heap after
{Heap after GC invocations=9 (full 1):
 PSYoungGen      total 27648K, used 3109K [0x00000000d5580000, 0x00000000d7600000, 0x0000000100000000)
  eden space 24064K, 0% used [0x00000000d5580000,0x00000000d5580000,0x00000000d6d00000)
  from space 3584K, 86% used [0x00000000d7280000,0x00000000d75895d8,0x00000000d7600000)
  to   space 3584K, 0% used [0x00000000d6f00000,0x00000000d6f00000,0x00000000d7280000)
 ParOldGen       total 68608K, used 12747K [0x0000000080000000, 0x0000000084300000, 0x00000000d5580000)
  object space 68608K, 18% used [0x0000000080000000,0x0000000080c72e98,0x0000000084300000)
 Metaspace       used 22620K, committed 23552K, reserved 1114112K
  class space    used 2351K, committed 2752K, reserved 1048576K
}
Event: 3.827 GC heap before
{Heap before GC invocations=10 (full 1):
 PSYoungGen      total 27648K, used 27173K [0x00000000d5580000, 0x00000000d7600000, 0x0000000100000000)
  eden space 24064K, 100% used [0x00000000d5580000,0x00000000d6d00000,0x00000000d6d00000)
  from space 3584K, 86% used [0x00000000d7280000,0x00000000d75895d8,0x00000000d7600000)
  to   space 3584K, 0% used [0x00000000d6f00000,0x00000000d6f00000,0x00000000d7280000)
 ParOldGen       total 68608K, used 12747K [0x0000000080000000, 0x0000000084300000, 0x00000000d5580000)
  object space 68608K, 18% used [0x0000000080000000,0x0000000080c72e98,0x0000000084300000)
 Metaspace       used 26443K, committed 27328K, reserved 1114112K
  class space    used 2627K, committed 3008K, reserved 1048576K
}
Event: 3.828 GC heap after
{Heap after GC invocations=10 (full 1):
 PSYoungGen      total 25088K, used 1455K [0x00000000d5580000, 0x00000000d7300000, 0x0000000100000000)
  eden space 23552K, 0% used [0x00000000d5580000,0x00000000d5580000,0x00000000d6c80000)
  from space 1536K, 94% used [0x00000000d6f00000,0x00000000d706bcb8,0x00000000d7080000)
  to   space 2560K, 0% used [0x00000000d7080000,0x00000000d7080000,0x00000000d7300000)
 ParOldGen       total 68608K, used 12755K [0x0000000080000000, 0x0000000084300000, 0x00000000d5580000)
  object space 68608K, 18% used [0x0000000080000000,0x0000000080c74e98,0x0000000084300000)
 Metaspace       used 26443K, committed 27328K, reserved 1114112K
  class space    used 2627K, committed 3008K, reserved 1048576K
}
Event: 4.038 GC heap before
{Heap before GC invocations=11 (full 1):
 PSYoungGen      total 25088K, used 25007K [0x00000000d5580000, 0x00000000d7300000, 0x0000000100000000)
  eden space 23552K, 100% used [0x00000000d5580000,0x00000000d6c80000,0x00000000d6c80000)
  from space 1536K, 94% used [0x00000000d6f00000,0x00000000d706bcb8,0x00000000d7080000)
  to   space 2560K, 0% used [0x00000000d7080000,0x00000000d7080000,0x00000000d7300000)
 ParOldGen       total 68608K, used 12755K [0x0000000080000000, 0x0000000084300000, 0x00000000d5580000)
  object space 68608K, 18% used [0x0000000080000000,0x0000000080c74e98,0x0000000084300000)
 Metaspace       used 28150K, committed 29120K, reserved 1114112K
  class space    used 2756K, committed 3136K, reserved 1048576K
}
Event: 4.040 GC heap after
{Heap after GC invocations=11 (full 1):
 PSYoungGen      total 25600K, used 2536K [0x00000000d5580000, 0x00000000d7400000, 0x0000000100000000)
  eden space 23040K, 0% used [0x00000000d5580000,0x00000000d5580000,0x00000000d6c00000)
  from space 2560K, 99% used [0x00000000d7080000,0x00000000d72fa2b0,0x00000000d7300000)
  to   space 4096K, 0% used [0x00000000d6c00000,0x00000000d6c00000,0x00000000d7000000)
 ParOldGen       total 68608K, used 13807K [0x0000000080000000, 0x0000000084300000, 0x00000000d5580000)
  object space 68608K, 20% used [0x0000000080000000,0x0000000080d7bc50,0x0000000084300000)
 Metaspace       used 28150K, committed 29120K, reserved 1114112K
  class space    used 2756K, committed 3136K, reserved 1048576K
}
Event: 4.645 GC heap before
{Heap before GC invocations=12 (full 1):
 PSYoungGen      total 25600K, used 25576K [0x00000000d5580000, 0x00000000d7400000, 0x0000000100000000)
  eden space 23040K, 100% used [0x00000000d5580000,0x00000000d6c00000,0x00000000d6c00000)
  from space 2560K, 99% used [0x00000000d7080000,0x00000000d72fa2b0,0x00000000d7300000)
  to   space 4096K, 0% used [0x00000000d6c00000,0x00000000d6c00000,0x00000000d7000000)
 ParOldGen       total 68608K, used 13807K [0x0000000080000000, 0x0000000084300000, 0x00000000d5580000)
  object space 68608K, 20% used [0x0000000080000000,0x0000000080d7bc50,0x0000000084300000)
 Metaspace       used 31325K, committed 32384K, reserved 1114112K
  class space    used 3097K, committed 3520K, reserved 1048576K
}
Event: 4.649 GC heap after
{Heap after GC invocations=12 (full 1):
 PSYoungGen      total 24576K, used 1868K [0x00000000d5580000, 0x00000000d7100000, 0x0000000100000000)
  eden space 22528K, 0% used [0x00000000d5580000,0x00000000d5580000,0x00000000d6b80000)
  from space 2048K, 91% used [0x00000000d6c00000,0x00000000d6dd3140,0x00000000d6e00000)
  to   space 2560K, 0% used [0x00000000d6e80000,0x00000000d6e80000,0x00000000d7100000)
 ParOldGen       total 68608K, used 16277K [0x0000000080000000, 0x0000000084300000, 0x00000000d5580000)
  object space 68608K, 23% used [0x0000000080000000,0x0000000080fe5748,0x0000000084300000)
 Metaspace       used 31325K, committed 32384K, reserved 1114112K
  class space    used 3097K, committed 3520K, reserved 1048576K
}
Event: 4.786 GC heap before
{Heap before GC invocations=13 (full 1):
 PSYoungGen      total 24576K, used 24396K [0x00000000d5580000, 0x00000000d7100000, 0x0000000100000000)
  eden space 22528K, 99% used [0x00000000d5580000,0x00000000d6b7fff8,0x00000000d6b80000)
  from space 2048K, 91% used [0x00000000d6c00000,0x00000000d6dd3140,0x00000000d6e00000)
  to   space 2560K, 0% used [0x00000000d6e80000,0x00000000d6e80000,0x00000000d7100000)
 ParOldGen       total 68608K, used 16277K [0x0000000080000000, 0x0000000084300000, 0x00000000d5580000)
  object space 68608K, 23% used [0x0000000080000000,0x0000000080fe5748,0x0000000084300000)
 Metaspace       used 34130K, committed 35328K, reserved 1114112K
  class space    used 3445K, committed 3968K, reserved 1048576K
}
Event: 4.788 GC heap after
{Heap after GC invocations=13 (full 1):
 PSYoungGen      total 23552K, used 1488K [0x00000000d5580000, 0x00000000d7000000, 0x0000000100000000)
  eden space 22016K, 0% used [0x00000000d5580000,0x00000000d5580000,0x00000000d6b00000)
  from space 1536K, 96% used [0x00000000d6e80000,0x00000000d6ff42e8,0x00000000d7000000)
  to   space 2048K, 0% used [0x00000000d6c00000,0x00000000d6c00000,0x00000000d6e00000)
 ParOldGen       total 68608K, used 17844K [0x0000000080000000, 0x0000000084300000, 0x00000000d5580000)
  object space 68608K, 26% used [0x0000000080000000,0x000000008116d150,0x0000000084300000)
 Metaspace       used 34130K, committed 35328K, reserved 1114112K
  class space    used 3445K, committed 3968K, reserved 1048576K
}
Event: 4.837 GC heap before
{Heap before GC invocations=14 (full 1):
 PSYoungGen      total 23552K, used 6238K [0x00000000d5580000, 0x00000000d7000000, 0x0000000100000000)
  eden space 22016K, 21% used [0x00000000d5580000,0x00000000d5a237c0,0x00000000d6b00000)
  from space 1536K, 96% used [0x00000000d6e80000,0x00000000d6ff42e8,0x00000000d7000000)
  to   space 2048K, 0% used [0x00000000d6c00000,0x00000000d6c00000,0x00000000d6e00000)
 ParOldGen       total 68608K, used 17844K [0x0000000080000000, 0x0000000084300000, 0x00000000d5580000)
  object space 68608K, 26% used [0x0000000080000000,0x000000008116d150,0x0000000084300000)
 Metaspace       used 34778K, committed 35840K, reserved 1114112K
  class space    used 3523K, committed 3968K, reserved 1048576K
}
Event: 4.839 GC heap after
{Heap after GC invocations=14 (full 1):
 PSYoungGen      total 24064K, used 480K [0x00000000d5580000, 0x00000000d6f00000, 0x0000000100000000)
  eden space 22016K, 0% used [0x00000000d5580000,0x00000000d5580000,0x00000000d6b00000)
  from space 2048K, 23% used [0x00000000d6c00000,0x00000000d6c78000,0x00000000d6e00000)
  to   space 1024K, 0% used [0x00000000d6e00000,0x00000000d6e00000,0x00000000d6f00000)
 ParOldGen       total 68608K, used 19102K [0x0000000080000000, 0x0000000084300000, 0x00000000d5580000)
  object space 68608K, 27% used [0x0000000080000000,0x00000000812a78b8,0x0000000084300000)
 Metaspace       used 34778K, committed 35840K, reserved 1114112K
  class space    used 3523K, committed 3968K, reserved 1048576K
}
Event: 4.839 GC heap before
{Heap before GC invocations=15 (full 2):
 PSYoungGen      total 24064K, used 480K [0x00000000d5580000, 0x00000000d6f00000, 0x0000000100000000)
  eden space 22016K, 0% used [0x00000000d5580000,0x00000000d5580000,0x00000000d6b00000)
  from space 2048K, 23% used [0x00000000d6c00000,0x00000000d6c78000,0x00000000d6e00000)
  to   space 1024K, 0% used [0x00000000d6e00000,0x00000000d6e00000,0x00000000d6f00000)
 ParOldGen       total 68608K, used 19102K [0x0000000080000000, 0x0000000084300000, 0x00000000d5580000)
  object space 68608K, 27% used [0x0000000080000000,0x00000000812a78b8,0x0000000084300000)
 Metaspace       used 34778K, committed 35840K, reserved 1114112K
  class space    used 3523K, committed 3968K, reserved 1048576K
}
Event: 4.867 GC heap after
{Heap after GC invocations=15 (full 2):
 PSYoungGen      total 24064K, used 0K [0x00000000d5580000, 0x00000000d6f00000, 0x0000000100000000)
  eden space 22016K, 0% used [0x00000000d5580000,0x00000000d5580000,0x00000000d6b00000)
  from space 2048K, 0% used [0x00000000d6c00000,0x00000000d6c00000,0x00000000d6e00000)
  to   space 1024K, 0% used [0x00000000d6e00000,0x00000000d6e00000,0x00000000d6f00000)
 ParOldGen       total 68608K, used 18637K [0x0000000080000000, 0x0000000084300000, 0x00000000d5580000)
  object space 68608K, 27% used [0x0000000080000000,0x00000000812336f8,0x0000000084300000)
 Metaspace       used 34778K, committed 35840K, reserved 1114112K
  class space    used 3523K, committed 3968K, reserved 1048576K
}
Event: 5.303 GC heap before
{Heap before GC invocations=16 (full 2):
 PSYoungGen      total 24064K, used 22016K [0x00000000d5580000, 0x00000000d6f00000, 0x0000000100000000)
  eden space 22016K, 100% used [0x00000000d5580000,0x00000000d6b00000,0x00000000d6b00000)
  from space 2048K, 0% used [0x00000000d6c00000,0x00000000d6c00000,0x00000000d6e00000)
  to   space 1024K, 0% used [0x00000000d6e00000,0x00000000d6e00000,0x00000000d6f00000)
 ParOldGen       total 68608K, used 18637K [0x0000000080000000, 0x0000000084300000, 0x00000000d5580000)
  object space 68608K, 27% used [0x0000000080000000,0x00000000812336f8,0x0000000084300000)
 Metaspace       used 37212K, committed 38336K, reserved 1114112K
  class space    used 3864K, committed 4352K, reserved 1048576K
}
Event: 5.305 GC heap after
{Heap after GC invocations=16 (full 2):
 PSYoungGen      total 23040K, used 1024K [0x00000000d5580000, 0x00000000d7100000, 0x0000000100000000)
  eden space 22016K, 0% used [0x00000000d5580000,0x00000000d5580000,0x00000000d6b00000)
  from space 1024K, 100% used [0x00000000d6e00000,0x00000000d6f00000,0x00000000d6f00000)
  to   space 3072K, 0% used [0x00000000d6b00000,0x00000000d6b00000,0x00000000d6e00000)
 ParOldGen       total 68608K, used 19877K [0x0000000080000000, 0x0000000084300000, 0x00000000d5580000)
  object space 68608K, 28% used [0x0000000080000000,0x00000000813696f8,0x0000000084300000)
 Metaspace       used 37212K, committed 38336K, reserved 1114112K
  class space    used 3864K, committed 4352K, reserved 1048576K
}
Event: 5.556 GC heap before
{Heap before GC invocations=17 (full 2):
 PSYoungGen      total 23040K, used 23039K [0x00000000d5580000, 0x00000000d7100000, 0x0000000100000000)
  eden space 22016K, 99% used [0x00000000d5580000,0x00000000d6affff8,0x00000000d6b00000)
  from space 1024K, 100% used [0x00000000d6e00000,0x00000000d6f00000,0x00000000d6f00000)
  to   space 3072K, 0% used [0x00000000d6b00000,0x00000000d6b00000,0x00000000d6e00000)
 ParOldGen       total 68608K, used 19877K [0x0000000080000000, 0x0000000084300000, 0x00000000d5580000)
  object space 68608K, 28% used [0x0000000080000000,0x00000000813696f8,0x0000000084300000)
 Metaspace       used 38115K, committed 39232K, reserved 1114112K
  class space    used 3987K, committed 4480K, reserved 1048576K
}
Event: 5.561 GC heap after
{Heap after GC invocations=17 (full 2):
 PSYoungGen      total 25088K, used 3055K [0x00000000d5580000, 0x00000000d7e00000, 0x0000000100000000)
  eden space 22016K, 0% used [0x00000000d5580000,0x00000000d5580000,0x00000000d6b00000)
  from space 3072K, 99% used [0x00000000d6b00000,0x00000000d6dfbd70,0x00000000d6e00000)
  to   space 9728K, 0% used [0x00000000d7480000,0x00000000d7480000,0x00000000d7e00000)
 ParOldGen       total 68608K, used 25360K [0x0000000080000000, 0x0000000084300000, 0x00000000d5580000)
  object space 68608K, 36% used [0x0000000080000000,0x00000000818c42a0,0x0000000084300000)
 Metaspace       used 38115K, committed 39232K, reserved 1114112K
  class space    used 3987K, committed 4480K, reserved 1048576K
}

Dll operation events (10 events):
Event: 0.010 Loaded shared library c:\Users\Administrator\.windsurf\extensions\redhat.java-1.45.0-win32-x64\jre\21.0.8-win32-x86_64\bin\java.dll
Event: 0.037 Loaded shared library c:\Users\Administrator\.windsurf\extensions\redhat.java-1.45.0-win32-x64\jre\21.0.8-win32-x86_64\bin\zip.dll
Event: 0.104 Loaded shared library C:\Users\Administrator\.windsurf\extensions\redhat.java-1.45.0-win32-x64\jre\21.0.8-win32-x86_64\bin\instrument.dll
Event: 0.109 Loaded shared library C:\Users\Administrator\.windsurf\extensions\redhat.java-1.45.0-win32-x64\jre\21.0.8-win32-x86_64\bin\net.dll
Event: 0.111 Loaded shared library C:\Users\Administrator\.windsurf\extensions\redhat.java-1.45.0-win32-x64\jre\21.0.8-win32-x86_64\bin\nio.dll
Event: 0.115 Loaded shared library C:\Users\Administrator\.windsurf\extensions\redhat.java-1.45.0-win32-x64\jre\21.0.8-win32-x86_64\bin\zip.dll
Event: 0.129 Loaded shared library C:\Users\Administrator\.windsurf\extensions\redhat.java-1.45.0-win32-x64\jre\21.0.8-win32-x86_64\bin\jimage.dll
Event: 0.189 Loaded shared library c:\Users\Administrator\.windsurf\extensions\redhat.java-1.45.0-win32-x64\jre\21.0.8-win32-x86_64\bin\verify.dll
Event: 1.158 Loaded shared library C:\Users\Administrator\AppData\Roaming\Windsurf\User\globalStorage\redhat.java\1.45.0\config_win\org.eclipse.equinox.launcher\org.eclipse.equinox.launcher.win32.win32.x86_64_1.2.1400.v20250801-0854\eclipse_11916.dll
Event: 2.734 Loaded shared library C:\Users\Administrator\AppData\Local\Temp\jna-146731693\jna18207990871275623270.dll

Deoptimization events (20 events):
Event: 5.589 Thread 0x000001dbdbad8530 Uncommon trap: trap_request=0xffffffde fr.pc=0x000001dbe849a928 relative=0x00000000000000e8
Event: 5.589 Thread 0x000001dbdbad8530 Uncommon trap: reason=class_check action=maybe_recompile pc=0x000001dbe849a928 method=java.lang.Character.digit(II)I @ 6 c2
Event: 5.590 Thread 0x000001dbdbad8530 DEOPT PACKING pc=0x000001dbe849a928 sp=0x00000018fb2fe3b0
Event: 5.590 Thread 0x000001dbdbad8530 DEOPT UNPACKING pc=0x000001dbe7c73aa2 sp=0x00000018fb2fe2d8 mode 2
Event: 5.590 Thread 0x000001dbdbad8530 Uncommon trap: trap_request=0xffffff45 fr.pc=0x000001dbe849a944 relative=0x0000000000000104
Event: 5.590 Thread 0x000001dbdbad8530 Uncommon trap: reason=unstable_if action=reinterpret pc=0x000001dbe849a944 method=java.lang.CharacterDataLatin1.digit(II)I @ 7 c2
Event: 5.591 Thread 0x000001dbdbad8530 DEOPT PACKING pc=0x000001dbe849a944 sp=0x00000018fb2fe3b0
Event: 5.591 Thread 0x000001dbdbad8530 DEOPT UNPACKING pc=0x000001dbe7c73aa2 sp=0x00000018fb2fe270 mode 2
Event: 5.591 Thread 0x000001dbdbad8530 Uncommon trap: trap_request=0xffffff45 fr.pc=0x000001dbe849ae48 relative=0x0000000000000108
Event: 5.591 Thread 0x000001dbdbad8530 Uncommon trap: reason=unstable_if action=reinterpret pc=0x000001dbe849ae48 method=java.lang.CharacterDataLatin1.digit(II)I @ 7 c2
Event: 5.591 Thread 0x000001dbdbad8530 DEOPT PACKING pc=0x000001dbe849ae48 sp=0x00000018fb2fe350
Event: 5.591 Thread 0x000001dbdbad8530 DEOPT UNPACKING pc=0x000001dbe7c73aa2 sp=0x00000018fb2fe278 mode 2
Event: 5.616 Thread 0x000001dbdbad8530 Uncommon trap: trap_request=0xffffff45 fr.pc=0x000001dbe83aa0d0 relative=0x00000000000000b0
Event: 5.616 Thread 0x000001dbdbad8530 Uncommon trap: reason=unstable_if action=reinterpret pc=0x000001dbe83aa0d0 method=java.lang.CharacterDataLatin1.digit(II)I @ 7 c2
Event: 5.616 Thread 0x000001dbdbad8530 DEOPT PACKING pc=0x000001dbe83aa0d0 sp=0x00000018fb2fe1e0
Event: 5.616 Thread 0x000001dbdbad8530 DEOPT UNPACKING pc=0x000001dbe7c73aa2 sp=0x00000018fb2fe178 mode 2
Event: 5.623 Thread 0x000001dbc1805900 Uncommon trap: trap_request=0xffffff45 fr.pc=0x000001dbe84095b0 relative=0x0000000000001590
Event: 5.623 Thread 0x000001dbc1805900 Uncommon trap: reason=unstable_if action=reinterpret pc=0x000001dbe84095b0 method=com.google.gson.stream.JsonReader.nextQuotedValue(C)Ljava/lang/String; @ 120 c2
Event: 5.624 Thread 0x000001dbc1805900 DEOPT PACKING pc=0x000001dbe84095b0 sp=0x0000001880afe7c0
Event: 5.624 Thread 0x000001dbc1805900 DEOPT UNPACKING pc=0x000001dbe7c73aa2 sp=0x0000001880afe7a8 mode 2

Classes loaded (20 events):
Event: 5.577 Loading class jdk/internal/event/ThreadSleepEvent
Event: 5.577 Loading class jdk/internal/event/ThreadSleepEvent done
Event: 5.579 Loading class sun/nio/ch/PendingFuture
Event: 5.579 Loading class sun/nio/ch/PendingFuture done
Event: 5.580 Loading class sun/nio/ch/WindowsAsynchronousFileChannelImpl$ReadTask
Event: 5.580 Loading class sun/nio/ch/Iocp$ResultHandler
Event: 5.580 Loading class sun/nio/ch/Iocp$ResultHandler done
Event: 5.580 Loading class sun/nio/ch/WindowsAsynchronousFileChannelImpl$ReadTask done
Event: 5.586 Loading class java/text/ParsePosition
Event: 5.587 Loading class java/text/ParsePosition done
Event: 5.587 Loading class java/text/CalendarBuilder
Event: 5.587 Loading class java/text/CalendarBuilder done
Event: 5.617 Loading class java/io/PrintWriter$1
Event: 5.617 Loading class jdk/internal/access/JavaIOPrintWriterAccess
Event: 5.617 Loading class jdk/internal/access/JavaIOPrintWriterAccess done
Event: 5.617 Loading class java/io/PrintWriter$1 done
Event: 5.622 Loading class java/time/format/DateTimeParseContext
Event: 5.623 Loading class java/time/format/DateTimeParseContext done
Event: 5.623 Loading class java/time/format/Parsed
Event: 5.624 Loading class java/time/format/Parsed done

Classes unloaded (7 events):
Event: 3.311 Thread 0x000001dbf5d63540 Unloading class 0x000001db811aa400 'java/lang/invoke/LambdaForm$MH+0x000001db811aa400'
Event: 3.311 Thread 0x000001dbf5d63540 Unloading class 0x000001db811aa000 'java/lang/invoke/LambdaForm$MH+0x000001db811aa000'
Event: 3.311 Thread 0x000001dbf5d63540 Unloading class 0x000001db811a9c00 'java/lang/invoke/LambdaForm$MH+0x000001db811a9c00'
Event: 3.311 Thread 0x000001dbf5d63540 Unloading class 0x000001db811a9800 'java/lang/invoke/LambdaForm$MH+0x000001db811a9800'
Event: 3.311 Thread 0x000001dbf5d63540 Unloading class 0x000001db811a9400 'java/lang/invoke/LambdaForm$BMH+0x000001db811a9400'
Event: 3.311 Thread 0x000001dbf5d63540 Unloading class 0x000001db811a9000 'java/lang/invoke/LambdaForm$DMH+0x000001db811a9000'
Event: 3.311 Thread 0x000001dbf5d63540 Unloading class 0x000001db811a8000 'java/lang/invoke/LambdaForm$DMH+0x000001db811a8000'

Classes redefined (0 events):
No events

Internal exceptions (20 events):
Event: 4.930 Thread 0x000001dbfcaa0df0 Exception <a 'sun/nio/fs/WindowsException'{0x00000000d59907a8}> (0x00000000d59907a8) 
thrown [s\src\hotspot\share\prims\jni.cpp, line 520]
Event: 4.930 Thread 0x000001dbfcaa0df0 Exception <a 'sun/nio/fs/WindowsException'{0x00000000d5991060}> (0x00000000d5991060) 
thrown [s\src\hotspot\share\prims\jni.cpp, line 520]
Event: 4.930 Thread 0x000001dbfcaa0df0 Exception <a 'sun/nio/fs/WindowsException'{0x00000000d5993d98}> (0x00000000d5993d98) 
thrown [s\src\hotspot\share\prims\jni.cpp, line 520]
Event: 4.930 Thread 0x000001dbfcaa0df0 Exception <a 'sun/nio/fs/WindowsException'{0x00000000d5994280}> (0x00000000d5994280) 
thrown [s\src\hotspot\share\prims\jni.cpp, line 520]
Event: 4.950 Thread 0x000001dbfcaa0df0 Exception <a 'java/io/FileNotFoundException'{0x00000000d5ab4280}> (0x00000000d5ab4280) 
thrown [s\src\hotspot\share\prims\jni.cpp, line 520]
Event: 5.071 Thread 0x000001dbfcaa0df0 Exception <a 'sun/nio/fs/WindowsException'{0x00000000d606ba40}> (0x00000000d606ba40) 
thrown [s\src\hotspot\share\prims\jni.cpp, line 520]
Event: 5.071 Thread 0x000001dbfcaa0df0 Exception <a 'sun/nio/fs/WindowsException'{0x00000000d606bf28}> (0x00000000d606bf28) 
thrown [s\src\hotspot\share\prims\jni.cpp, line 520]
Event: 5.237 Thread 0x000001dbfcaa0df0 Exception <a 'sun/nio/fs/WindowsException'{0x00000000d688a6d0}> (0x00000000d688a6d0) 
thrown [s\src\hotspot\share\prims\jni.cpp, line 520]
Event: 5.278 Thread 0x000001dbfcaa0df0 Exception <a 'java/io/FileNotFoundException'{0x00000000d6a484d0}> (0x00000000d6a484d0) 
thrown [s\src\hotspot\share\prims\jni.cpp, line 520]
Event: 5.278 Thread 0x000001dbfcaa0df0 Exception <a 'java/io/FileNotFoundException'{0x00000000d6a49ad8}> (0x00000000d6a49ad8) 
thrown [s\src\hotspot\share\prims\jni.cpp, line 520]
Event: 5.282 Thread 0x000001dbfcaa0df0 Exception <a 'java/lang/NoSuchMethodError'{0x00000000d6a6b670}: 'java.lang.Object java.lang.invoke.DirectMethodHandle$Holder.newInvokeSpecial(java.lang.Object, java.lang.Object, java.lang.Object, int)'> (0x00000000d6a6b670) 
thrown [s\src\hotspot\share\interpreter\linkResolver.cpp, line 773]
Event: 5.283 Thread 0x000001dbfcaa0df0 Exception <a 'java/lang/NoSuchMethodError'{0x00000000d6a8bd08}: 'java.lang.Object java.lang.invoke.DirectMethodHandle$Holder.invokeSpecial(java.lang.Object, java.lang.Object, java.lang.Object, java.lang.Object, int)'> (0x00000000d6a8bd08) 
thrown [s\src\hotspot\share\interpreter\linkResolver.cpp, line 773]
Event: 5.284 Thread 0x000001dbfcaa0df0 Exception <a 'java/lang/NoSuchMethodError'{0x00000000d6a8f1b0}: 'java.lang.Object java.lang.invoke.Invokers$Holder.linkToTargetMethod(java.lang.Object, java.lang.Object, int, java.lang.Object)'> (0x00000000d6a8f1b0) 
thrown [s\src\hotspot\share\interpreter\linkResolver.cpp, line 773]
Event: 5.289 Thread 0x000001dbfcaa0df0 Exception <a 'java/lang/NoSuchMethodError'{0x00000000d6aa4da0}: 'void java.lang.invoke.DirectMethodHandle$Holder.invokeStaticInit(java.lang.Object, java.lang.Object, java.lang.Object)'> (0x00000000d6aa4da0) 
thrown [s\src\hotspot\share\interpreter\linkResolver.cpp, line 773]
Event: 5.333 Thread 0x000001dbfcaa1480 Exception <a 'java/lang/NoClassDefFoundError'{0x00000000d5661ca8}: javax/enterprise/inject/Typed> (0x00000000d5661ca8) 
thrown [s\src\hotspot\share\classfile\systemDictionary.cpp, line 301]
Event: 5.458 Thread 0x000001dbfcaa0df0 Exception <a 'java/io/FileNotFoundException'{0x00000000d5e6b760}> (0x00000000d5e6b760) 
thrown [s\src\hotspot\share\prims\jni.cpp, line 520]
Event: 5.458 Thread 0x000001dbfcaa0df0 Exception <a 'java/io/FileNotFoundException'{0x00000000d5e6c708}> (0x00000000d5e6c708) 
thrown [s\src\hotspot\share\prims\jni.cpp, line 520]
Event: 5.484 Thread 0x000001dbdbad8530 Exception <a 'java/lang/NoSuchMethodError'{0x00000000d61d5ca0}: 'void java.lang.invoke.DirectMethodHandle$Holder.invokeSpecial(java.lang.Object, java.lang.Object, java.lang.Object, java.lang.Object, java.lang.Object, java.lang.Object)'> (0x00000000d61d5ca0) 
thrown [s\src\hotspot\share\interpreter\linkResolver.cpp, line 773]
Event: 5.491 Thread 0x000001dbdbad8530 Exception <a 'java/lang/IncompatibleClassChangeError'{0x00000000d61efe18}: Found class java.lang.Object, but interface was expected> (0x00000000d61efe18) 
thrown [s\src\hotspot\share\interpreter\linkResolver.cpp, line 840]
Event: 5.493 Thread 0x000001dbdbad8530 Exception <a 'java/lang/IncompatibleClassChangeError'{0x00000000d61f1ca0}: Found class java.lang.Object, but interface was expected> (0x00000000d61f1ca0) 
thrown [s\src\hotspot\share\interpreter\linkResolver.cpp, line 840]

ZGC Phase Switch (0 events):
No events

VM Operations (20 events):
Event: 4.199 Executing VM operation: HandshakeAllThreads (Deoptimize) done
Event: 4.202 Executing VM operation: HandshakeAllThreads (Deoptimize)
Event: 4.202 Executing VM operation: HandshakeAllThreads (Deoptimize) done
Event: 4.209 Executing VM operation: HandshakeAllThreads (Deoptimize)
Event: 4.209 Executing VM operation: HandshakeAllThreads (Deoptimize) done
Event: 4.518 Executing VM operation: HandshakeAllThreads (Deoptimize)
Event: 4.574 Executing VM operation: HandshakeAllThreads (Deoptimize) done
Event: 4.645 Executing VM operation: ParallelGCFailedAllocation (Allocation Failure)
Event: 4.649 Executing VM operation: ParallelGCFailedAllocation (Allocation Failure) done
Event: 4.786 Executing VM operation: ParallelGCFailedAllocation (Allocation Failure)
Event: 4.788 Executing VM operation: ParallelGCFailedAllocation (Allocation Failure) done
Event: 4.837 Executing VM operation: CollectForMetadataAllocation (Metadata GC Threshold)
Event: 4.867 Executing VM operation: CollectForMetadataAllocation (Metadata GC Threshold) done
Event: 5.287 Executing VM operation: HandshakeAllThreads (Deoptimize)
Event: 5.287 Executing VM operation: HandshakeAllThreads (Deoptimize) done
Event: 5.300 Executing VM operation: ParallelGCFailedAllocation (Allocation Failure)
Event: 5.305 Executing VM operation: ParallelGCFailedAllocation (Allocation Failure) done
Event: 5.556 Executing VM operation: ParallelGCFailedAllocation (Allocation Failure)
Event: 5.561 Executing VM operation: ParallelGCFailedAllocation (Allocation Failure) done
Event: 6.561 Executing VM operation: Cleanup

Memory protections (0 events):
No events

Nmethod flushes (20 events):
Event: 4.854 Thread 0x000001dbf5d63540 flushing  nmethod 0x000001dbe0ec7810
Event: 4.854 Thread 0x000001dbf5d63540 flushing  nmethod 0x000001dbe0ef2690
Event: 4.854 Thread 0x000001dbf5d63540 flushing  nmethod 0x000001dbe0ef2a90
Event: 4.854 Thread 0x000001dbf5d63540 flushing  nmethod 0x000001dbe0ef3390
Event: 4.854 Thread 0x000001dbf5d63540 flushing  nmethod 0x000001dbe0ef4590
Event: 4.854 Thread 0x000001dbf5d63540 flushing  nmethod 0x000001dbe0ef5190
Event: 4.854 Thread 0x000001dbf5d63540 flushing  nmethod 0x000001dbe0ef5910
Event: 4.854 Thread 0x000001dbf5d63540 flushing  nmethod 0x000001dbe0ef6e90
Event: 4.854 Thread 0x000001dbf5d63540 flushing  nmethod 0x000001dbe0ef7390
Event: 4.854 Thread 0x000001dbf5d63540 flushing  nmethod 0x000001dbe0ef7c90
Event: 4.854 Thread 0x000001dbf5d63540 flushing  nmethod 0x000001dbe0ef8c90
Event: 4.854 Thread 0x000001dbf5d63540 flushing  nmethod 0x000001dbe0efa710
Event: 4.854 Thread 0x000001dbf5d63540 flushing  nmethod 0x000001dbe0efc190
Event: 4.854 Thread 0x000001dbf5d63540 flushing  nmethod 0x000001dbe0f43b90
Event: 4.854 Thread 0x000001dbf5d63540 flushing  nmethod 0x000001dbe0f48e10
Event: 4.854 Thread 0x000001dbf5d63540 flushing  nmethod 0x000001dbe0f6a810
Event: 4.854 Thread 0x000001dbf5d63540 flushing  nmethod 0x000001dbe0ff8e90
Event: 4.854 Thread 0x000001dbf5d63540 flushing  nmethod 0x000001dbe0ff9810
Event: 4.854 Thread 0x000001dbf5d63540 flushing  nmethod 0x000001dbe103dc10
Event: 4.854 Thread 0x000001dbf5d63540 flushing  nmethod 0x000001dbe103e090

Events (20 events):
Event: 4.887 Thread 0x000001dbf5d86d90 Thread added: 0x000001dbfc4609a0
Event: 4.890 Thread 0x000001dbf5d86d90 Thread added: 0x000001dbfe461360
Event: 4.891 Thread 0x000001dbf5d86d90 Thread added: 0x000001dbf7a9b5a0
Event: 5.466 Thread 0x000001dbfcaa0df0 Thread added: 0x000001dbfdedb6f0
Event: 5.467 Thread 0x000001dbfdedb6f0 Thread added: 0x000001dbfdedbd80
Event: 5.468 Thread 0x000001dbfcaa0df0 Thread added: 0x000001dbc17ff690
Event: 5.468 Thread 0x000001dbfdedbd80 Thread added: 0x000001dbc18003b0
Event: 5.469 Thread 0x000001dbc17ff690 Thread added: 0x000001dbc17ffd20
Event: 5.469 Thread 0x000001dbc18003b0 Thread added: 0x000001dbc1800a40
Event: 5.469 Thread 0x000001dbc17ffd20 Thread added: 0x000001dbc17fe970
Event: 5.470 Thread 0x000001dbc1800a40 Thread added: 0x000001dbc18010d0
Event: 5.470 Thread 0x000001dbc17fe970 Thread added: 0x000001dbc1802480
Event: 5.471 Thread 0x000001dbc18010d0 Thread added: 0x000001dbc1801760
Event: 5.471 Thread 0x000001dbc1802480 Thread added: 0x000001dbc1801df0
Event: 5.472 Thread 0x000001dbc1801760 Thread added: 0x000001dbc17ff000
Event: 5.473 Thread 0x000001dbc1801df0 Thread added: 0x000001dbc1803ec0
Event: 5.473 Thread 0x000001dbc17ff000 Thread added: 0x000001dbc1805f90
Event: 5.474 Thread 0x000001dbc1803ec0 Thread added: 0x000001dbc1802b10
Event: 5.576 Thread 0x000001dbdbad8530 Thread added: 0x000001dbc1805270
Event: 5.577 Thread 0x000001dbdbad8530 Thread added: 0x000001dbc1805900


Dynamic libraries:
0x00007ff714d70000 - 0x00007ff714d7e000 	c:\Users\Administrator\.windsurf\extensions\redhat.java-1.45.0-win32-x64\jre\21.0.8-win32-x86_64\bin\java.exe
0x00007ffe583a0000 - 0x00007ffe58605000 	C:\WINDOWS\SYSTEM32\ntdll.dll
0x00007ffe576f0000 - 0x00007ffe577b9000 	C:\WINDOWS\System32\KERNEL32.DLL
0x00007ffe554f0000 - 0x00007ffe558d8000 	C:\WINDOWS\System32\KERNELBASE.dll
0x00007ffe55a60000 - 0x00007ffe55bab000 	C:\WINDOWS\System32\ucrtbase.dll
0x00007ffe4b970000 - 0x00007ffe4b988000 	c:\Users\Administrator\.windsurf\extensions\redhat.java-1.45.0-win32-x64\jre\21.0.8-win32-x86_64\bin\jli.dll
0x00007ffe4b360000 - 0x00007ffe4b37e000 	c:\Users\Administrator\.windsurf\extensions\redhat.java-1.45.0-win32-x64\jre\21.0.8-win32-x86_64\bin\VCRUNTIME140.dll
0x00007ffe57480000 - 0x00007ffe5764a000 	C:\WINDOWS\System32\USER32.dll
0x00007ffe36ef0000 - 0x00007ffe3718a000 	C:\WINDOWS\WinSxS\amd64_microsoft.windows.common-controls_6595b64144ccf1df_6.0.26100.4202_none_3e0698d4e335f517\COMCTL32.dll
0x00007ffe56110000 - 0x00007ffe56137000 	C:\WINDOWS\System32\win32u.dll
0x00007ffe57e70000 - 0x00007ffe57f19000 	C:\WINDOWS\System32\msvcrt.dll
0x00007ffe56c40000 - 0x00007ffe56c6b000 	C:\WINDOWS\System32\GDI32.dll
0x00007ffe55c50000 - 0x00007ffe55d87000 	C:\WINDOWS\System32\gdi32full.dll
0x00007ffe55ee0000 - 0x00007ffe55f83000 	C:\WINDOWS\System32\msvcp_win.dll
0x00007ffe57bd0000 - 0x00007ffe57c00000 	C:\WINDOWS\System32\IMM32.DLL
0x00007ffe4e230000 - 0x00007ffe4e23c000 	c:\Users\Administrator\.windsurf\extensions\redhat.java-1.45.0-win32-x64\jre\21.0.8-win32-x86_64\bin\vcruntime140_1.dll
0x00007ffdf0f80000 - 0x00007ffdf100d000 	c:\Users\Administrator\.windsurf\extensions\redhat.java-1.45.0-win32-x64\jre\21.0.8-win32-x86_64\bin\msvcp140.dll
0x00007ffda96a0000 - 0x00007ffdaa437000 	c:\Users\Administrator\.windsurf\extensions\redhat.java-1.45.0-win32-x64\jre\21.0.8-win32-x86_64\bin\server\jvm.dll
0x00007ffe582a0000 - 0x00007ffe58353000 	C:\WINDOWS\System32\ADVAPI32.dll
0x00007ffe57260000 - 0x00007ffe57306000 	C:\WINDOWS\System32\sechost.dll
0x00007ffe58010000 - 0x00007ffe58125000 	C:\WINDOWS\System32\RPCRT4.dll
0x00007ffe57670000 - 0x00007ffe576e4000 	C:\WINDOWS\System32\WS2_32.dll
0x00007ffe54d50000 - 0x00007ffe54dae000 	C:\WINDOWS\SYSTEM32\POWRPROF.dll
0x00007ffe40a70000 - 0x00007ffe40aa5000 	C:\WINDOWS\SYSTEM32\WINMM.dll
0x00007ffe452c0000 - 0x00007ffe452cb000 	C:\WINDOWS\SYSTEM32\VERSION.dll
0x00007ffe54d30000 - 0x00007ffe54d44000 	C:\WINDOWS\SYSTEM32\UMPDC.dll
0x00007ffe54270000 - 0x00007ffe5428b000 	C:\WINDOWS\SYSTEM32\kernel.appcore.dll
0x00007ffe4e150000 - 0x00007ffe4e15a000 	c:\Users\Administrator\.windsurf\extensions\redhat.java-1.45.0-win32-x64\jre\21.0.8-win32-x86_64\bin\jimage.dll
0x00007ffe52880000 - 0x00007ffe52ac1000 	C:\WINDOWS\SYSTEM32\DBGHELP.DLL
0x00007ffe577c0000 - 0x00007ffe57b45000 	C:\WINDOWS\System32\combase.dll
0x00007ffe57f20000 - 0x00007ffe58001000 	C:\WINDOWS\System32\OLEAUT32.dll
0x00007ffe2f820000 - 0x00007ffe2f859000 	C:\WINDOWS\SYSTEM32\dbgcore.DLL
0x00007ffe55bb0000 - 0x00007ffe55c49000 	C:\WINDOWS\System32\bcryptPrimitives.dll
0x00007ffe4ff70000 - 0x00007ffe4ff7f000 	c:\Users\Administrator\.windsurf\extensions\redhat.java-1.45.0-win32-x64\jre\21.0.8-win32-x86_64\bin\instrument.dll
0x00007ffe345c0000 - 0x00007ffe345df000 	c:\Users\Administrator\.windsurf\extensions\redhat.java-1.45.0-win32-x64\jre\21.0.8-win32-x86_64\bin\java.dll
0x00007ffe56320000 - 0x00007ffe56a62000 	C:\WINDOWS\System32\SHELL32.dll
0x00007ffe55f90000 - 0x00007ffe56104000 	C:\WINDOWS\System32\wintypes.dll
0x00007ffe53130000 - 0x00007ffe53988000 	C:\WINDOWS\SYSTEM32\windows.storage.dll
0x00007ffe56a80000 - 0x00007ffe56b71000 	C:\WINDOWS\System32\SHCORE.dll
0x00007ffe58130000 - 0x00007ffe5819a000 	C:\WINDOWS\System32\shlwapi.dll
0x00007ffe55400000 - 0x00007ffe5542f000 	C:\WINDOWS\SYSTEM32\profapi.dll
0x00007ffe345a0000 - 0x00007ffe345b8000 	c:\Users\Administrator\.windsurf\extensions\redhat.java-1.45.0-win32-x64\jre\21.0.8-win32-x86_64\bin\zip.dll
0x00007ffe4feb0000 - 0x00007ffe4fec0000 	C:\Users\Administrator\.windsurf\extensions\redhat.java-1.45.0-win32-x64\jre\21.0.8-win32-x86_64\bin\net.dll
0x00007ffe4bf70000 - 0x00007ffe4c08e000 	C:\WINDOWS\SYSTEM32\WINHTTP.dll
0x00007ffe547c0000 - 0x00007ffe5482a000 	C:\WINDOWS\system32\mswsock.dll
0x00007ffe4e380000 - 0x00007ffe4e396000 	C:\Users\Administrator\.windsurf\extensions\redhat.java-1.45.0-win32-x64\jre\21.0.8-win32-x86_64\bin\nio.dll
0x00007ffe4e370000 - 0x00007ffe4e380000 	c:\Users\Administrator\.windsurf\extensions\redhat.java-1.45.0-win32-x64\jre\21.0.8-win32-x86_64\bin\verify.dll
0x00007ffe4bad0000 - 0x00007ffe4bb14000 	C:\Users\Administrator\AppData\Roaming\Windsurf\User\globalStorage\redhat.java\1.45.0\config_win\org.eclipse.equinox.launcher\org.eclipse.equinox.launcher.win32.win32.x86_64_1.2.1400.v20250801-0854\eclipse_11916.dll
0x00007ffe56170000 - 0x00007ffe5630e000 	C:\WINDOWS\System32\ole32.dll
0x00007ffe54ba0000 - 0x00007ffe54bbb000 	C:\WINDOWS\SYSTEM32\CRYPTSP.dll
0x00007ffe541d0000 - 0x00007ffe5420a000 	C:\WINDOWS\system32\rsaenh.dll
0x00007ffe54860000 - 0x00007ffe5488b000 	C:\WINDOWS\SYSTEM32\USERENV.dll
0x00007ffe553d0000 - 0x00007ffe553f6000 	C:\WINDOWS\SYSTEM32\bcrypt.dll
0x00007ffe54a00000 - 0x00007ffe54a0c000 	C:\WINDOWS\SYSTEM32\CRYPTBASE.dll
0x00007ffe53c80000 - 0x00007ffe53cb3000 	C:\WINDOWS\SYSTEM32\IPHLPAPI.DLL
0x00007ffe56d70000 - 0x00007ffe56d7a000 	C:\WINDOWS\System32\NSI.dll
0x00007ffe4ba80000 - 0x00007ffe4bac9000 	C:\Users\Administrator\AppData\Local\Temp\jna-146731693\jna18207990871275623270.dll
0x00007ffe56a70000 - 0x00007ffe56a78000 	C:\WINDOWS\System32\PSAPI.DLL
0x00007ffe4c9e0000 - 0x00007ffe4c9ff000 	C:\WINDOWS\SYSTEM32\dhcpcsvc6.DLL
0x00007ffe4c9b0000 - 0x00007ffe4c9d5000 	C:\WINDOWS\SYSTEM32\dhcpcsvc.DLL

JVMTI agents:
c:\Users\Administrator\.windsurf\extensions\redhat.java-1.45.0-win32-x64\lombok\lombok-1.18.39-4050.jar path:c:\Users\Administrator\.windsurf\extensions\redhat.java-1.45.0-win32-x64\jre\21.0.8-win32-x86_64\bin\instrument.dll, loaded, initialized, instrumentlib options:none

dbghelp: loaded successfully - version: 4.0.5 - missing functions: none
symbol engine: initialized successfully - sym options: 0x614 - pdb path: .;c:\Users\Administrator\.windsurf\extensions\redhat.java-1.45.0-win32-x64\jre\21.0.8-win32-x86_64\bin;C:\WINDOWS\SYSTEM32;C:\WINDOWS\WinSxS\amd64_microsoft.windows.common-controls_6595b64144ccf1df_6.0.26100.4202_none_3e0698d4e335f517;c:\Users\Administrator\.windsurf\extensions\redhat.java-1.45.0-win32-x64\jre\21.0.8-win32-x86_64\bin\server;C:\Users\Administrator\AppData\Roaming\Windsurf\User\globalStorage\redhat.java\1.45.0\config_win\org.eclipse.equinox.launcher\org.eclipse.equinox.launcher.win32.win32.x86_64_1.2.1400.v20250801-0854;C:\Users\Administrator\AppData\Local\Temp\jna-146731693

VM Arguments:
jvm_args: --add-modules=ALL-SYSTEM --add-opens=java.base/java.util=ALL-UNNAMED --add-opens=java.base/java.lang=ALL-UNNAMED --add-opens=java.base/sun.nio.fs=ALL-UNNAMED -Declipse.application=org.eclipse.jdt.ls.core.id1 -Dosgi.bundles.defaultStartLevel=4 -Declipse.product=org.eclipse.jdt.ls.core.product -Djava.import.generatesMetadataFilesAtProjectRoot=false -DDetectVMInstallationsJob.disabled=true -Dfile.encoding=utf8 -XX:+UseParallelGC -XX:GCTimeRatio=4 -XX:AdaptiveSizePolicyWeight=90 -Dsun.zip.disableMemoryMapping=true -Xmx2G -Xms100m -Xlog:disable -javaagent:c:\Users\Administrator\.windsurf\extensions\redhat.java-1.45.0-win32-x64\lombok\lombok-1.18.39-4050.jar -XX:+HeapDumpOnOutOfMemoryError -XX:HeapDumpPath=c:\Users\Administrator\AppData\Roaming\Windsurf\User\workspaceStorage\36ce390dab02e965a489977d07a55338\redhat.java -Daether.dependencyCollector.impl=bf 
java_command: c:\Users\Administrator\.windsurf\extensions\redhat.java-1.45.0-win32-x64\server\plugins\org.eclipse.equinox.launcher_1.7.0.v20250519-0528.jar -configuration c:\Users\Administrator\AppData\Roaming\Windsurf\User\globalStorage\redhat.java\1.45.0\config_win -data c:\Users\Administrator\AppData\Roaming\Windsurf\User\workspaceStorage\36ce390dab02e965a489977d07a55338\redhat.java\jdt_ws --pipe=\\.\pipe\lsp-f8e37e8b64626ca5c026f8ef935db8ae-sock
java_class_path (initial): c:\Users\Administrator\.windsurf\extensions\redhat.java-1.45.0-win32-x64\server\plugins\org.eclipse.equinox.launcher_1.7.0.v20250519-0528.jar
Launcher Type: SUN_STANDARD

[Global flags]
    uintx AdaptiveSizePolicyWeight                 = 90                                        {product} {command line}
     intx CICompilerCount                          = 12                                        {product} {ergonomic}
    uintx GCTimeRatio                              = 4                                         {product} {command line}
     bool HeapDumpOnOutOfMemoryError               = true                                   {manageable} {command line}
    ccstr HeapDumpPath                             = c:\Users\Administrator\AppData\Roaming\Windsurf\User\workspaceStorage\36ce390dab02e965a489977d07a55338\redhat.java         {manageable} {command line}
   size_t InitialHeapSize                          = 104857600                                 {product} {command line}
   size_t MaxHeapSize                              = 2147483648                                {product} {command line}
   size_t MaxNewSize                               = 715653120                                 {product} {ergonomic}
   size_t MinHeapDeltaBytes                        = 524288                                    {product} {ergonomic}
   size_t MinHeapSize                              = 104857600                                 {product} {command line}
   size_t NewSize                                  = 34603008                                  {product} {ergonomic}
    uintx NonNMethodCodeHeapSize                   = 7602480                                {pd product} {ergonomic}
    uintx NonProfiledCodeHeapSize                  = 122027880                              {pd product} {ergonomic}
   size_t OldSize                                  = 70254592                                  {product} {ergonomic}
    uintx ProfiledCodeHeapSize                     = 122027880                              {pd product} {ergonomic}
    uintx ReservedCodeCacheSize                    = 251658240                              {pd product} {ergonomic}
     bool SegmentedCodeCache                       = true                                      {product} {ergonomic}
   size_t SoftMaxHeapSize                          = 2147483648                             {manageable} {ergonomic}
     bool UseCompressedOops                        = true                           {product lp64_product} {ergonomic}
     bool UseLargePagesIndividualAllocation        = false                                  {pd product} {ergonomic}
     bool UseParallelGC                            = true                                      {product} {command line}

Logging:
Log output configuration:
 #0: stdout all=off uptime,level,tags foldmultilines=false
 #1: stderr all=off uptime,level,tags foldmultilines=false

Environment Variables:
JAVA_HOME=E:\jdk21
PATH=E:\tools\VMware\bin\;E:\jdk21\bin;c:\Users\Administrator\AppData\Local\Programs\cursor\resources\app\bin;E:\tools\apache-maven-3.9.8\bin;E:\tools\Git\bin;C:\WINDOWS\system32;C:\WINDOWS;C:\WINDOWS\System32\Wbem;C:\WINDOWS\System32\WindowsPowerShell\v1.0\;C:\WINDOWS\System32\OpenSSH\;D:\software\mysql-5.7.24-winx64\mysql-5.7.24-winx64\bin;C:\Users\Administrator\AppData\Local\Microsoft\WindowsApps;E:\WebProject\VScode\bin;C:\Users\Administrator\AppData\Local\Programs\cursor\resources\app\bin;c:\Users\Administrator\AppData\Local\Programs\cursor\resources\app\bin;E:\tools\nodejs\;E:\tools\web\dll;E:\tools\Anaconda3;E:\tools\Anaconda3\Scripts;E:\tools\Anaconda3\Library\bin;E:\tools\Anaconda3\Library\mingw-w64\bin;E:\tools\Anaconda3\Library\usr\bin;;e:\tools\cursor\resources\app\bin;C:\Program Files\Docker\Docker\resources\bin;E:\SoftWare\cursor\resources\app\bin;C:\Users\Administrator\AppData\Local\Microsoft\WindowsApps;E:\jdk21\bin;;E:\WebProject\VScode\bin;E:\Webs\tools\Microsoft VS Code\bin;C:\Users\Administrator\AppData\Roaming\npm;D:\SoftWare\cpolar\;E:\tools\PyCharm 2025.1.3\bin;;E:\SoftWare\Windsurf\bin
USERNAME=Administrator
OS=Windows_NT
PROCESSOR_IDENTIFIER=Intel64 Family 6 Model 165 Stepping 2, GenuineIntel
TMP=C:\Users\ADMINI~1\AppData\Local\Temp
TEMP=C:\Users\ADMINI~1\AppData\Local\Temp




Periodic native trim disabled

---------------  S Y S T E M  ---------------

OS:
 Windows 11 , 64 bit Build 26100 (10.0.26100.4202)
OS uptime: 0 days 17:47 hours
Hyper-V role detected

CPU: total 16 (initial active 16) (8 cores per cpu, 2 threads per core) family 6 model 165 stepping 2 microcode 0xf8, cx8, cmov, fxsr, ht, mmx, 3dnowpref, sse, sse2, sse3, ssse3, sse4.1, sse4.2, popcnt, lzcnt, tsc, tscinvbit, avx, avx2, aes, erms, clmul, bmi1, bmi2, adx, fma, vzeroupper, clflush, clflushopt, hv, rdtscp, f16c
Processor Information for the first 16 processors :
  Max Mhz: 2208, Current Mhz: 2208, Mhz Limit: 2208

Memory: 4k page, system-wide physical 16159M (1871M free)
TotalPageFile size 34308M (AvailPageFile size 12M)
current process WorkingSet (physical memory assigned to process): 228M, peak: 229M
current process commit charge ("private bytes"): 377M, peak: 378M

vm_info: OpenJDK 64-Bit Server VM (21.0.8+9-LTS) for windows-amd64 JRE (21.0.8+9-LTS), built on 2025-07-15T00:00:00Z by "admin" with MS VC++ 17.7 (VS2022)

END.
