#
# There is insufficient memory for the Java Runtime Environment to continue.
# Native memory allocation (malloc) failed to allocate 1048576 bytes. Error detail: AllocateHeap
# Possible reasons:
#   The system is out of physical RAM or swap space
#   This process is running with CompressedOops enabled, and the Java Heap may be blocking the growth of the native heap
# Possible solutions:
#   Reduce memory load on the system
#   Increase physical memory or swap space
#   Check if swap backing store is full
#   Decrease Java heap size (-Xmx/-Xms)
#   Decrease number of Java threads
#   Decrease Java thread stack sizes (-Xss)
#   Set larger code cache with -XX:ReservedCodeCacheSize=
#   JVM is running with Unscaled Compressed Oops mode in which the Java heap is
#     placed in the first 4GB address space. The Java Heap base address is the
#     maximum limit for the native heap growth. Please use -XX:HeapBaseMinAddress
#     to set the Java Heap base and to place the Java Heap above 4GB virtual address.
# This output file may be truncated or incomplete.
#
#  Out of Memory Error (allocation.cpp:44), pid=13004, tid=28724
#
# JRE version: OpenJDK Runtime Environment Temurin-21.0.8+9 (21.0.8+9) (build 21.0.8+9-LTS)
# Java VM: OpenJDK 64-Bit Server VM Temurin-21.0.8+9 (21.0.8+9-LTS, mixed mode, sharing, tiered, compressed oops, compressed class ptrs, parallel gc, windows-amd64)
# No core dump will be written. Minidumps are not enabled by default on client versions of Windows
#

---------------  S U M M A R Y ------------

Command Line: --add-modules=ALL-SYSTEM --add-opens=java.base/java.util=ALL-UNNAMED --add-opens=java.base/java.lang=ALL-UNNAMED --add-opens=java.base/sun.nio.fs=ALL-UNNAMED -Declipse.application=org.eclipse.jdt.ls.core.id1 -Dosgi.bundles.defaultStartLevel=4 -Declipse.product=org.eclipse.jdt.ls.core.product -Djava.import.generatesMetadataFilesAtProjectRoot=false -DDetectVMInstallationsJob.disabled=true -Dfile.encoding=utf8 -XX:+UseParallelGC -XX:GCTimeRatio=4 -XX:AdaptiveSizePolicyWeight=90 -Dsun.zip.disableMemoryMapping=true -Xmx2G -Xms100m -Xlog:disable -javaagent:c:\Users\Administrator\.windsurf\extensions\redhat.java-1.45.0-win32-x64\lombok\lombok-1.18.39-4050.jar -XX:+HeapDumpOnOutOfMemoryError -XX:HeapDumpPath=c:\Users\Administrator\AppData\Roaming\Windsurf\User\workspaceStorage\36ce390dab02e965a489977d07a55338\redhat.java -Daether.dependencyCollector.impl=bf c:\Users\Administrator\.windsurf\extensions\redhat.java-1.45.0-win32-x64\server\plugins\org.eclipse.equinox.launcher_1.7.0.v20250519-0528.jar -configuration c:\Users\Administrator\AppData\Roaming\Windsurf\User\globalStorage\redhat.java\1.45.0\config_win -data c:\Users\Administrator\AppData\Roaming\Windsurf\User\workspaceStorage\36ce390dab02e965a489977d07a55338\redhat.java\jdt_ws --pipe=\\.\pipe\lsp-c16c03f26bcb13d73aac5b805dfa4ae4-sock

Host: Intel(R) Core(TM) i7-10870H CPU @ 2.20GHz, 16 cores, 15G,  Windows 11 , 64 bit Build 26100 (10.0.26100.4202)
Time: Sat Sep 27 14:30:53 2025 elapsed time: 234.835003 seconds (0d 0h 3m 54s)

---------------  T H R E A D  ---------------

Current thread (0x0000015f734c3f70):  JavaThread "Attach Listener" daemon [_thread_in_vm, id=28724, stack(0x0000004957d00000,0x0000004957e00000) (1024K)]

Stack: [0x0000004957d00000,0x0000004957e00000]
Native frames: (J=compiled Java code, j=interpreted, Vv=VM code, C=native code)
V  [jvm.dll+0x6d2449]
V  [jvm.dll+0x8ae341]
V  [jvm.dll+0x8b08be]
V  [jvm.dll+0x8b0fa3]
V  [jvm.dll+0x280c96]
V  [jvm.dll+0xc0347]
V  [jvm.dll+0x6d2cf9]
V  [jvm.dll+0x131116]
V  [jvm.dll+0x3f2d16]
V  [jvm.dll+0x857e6b]
V  [jvm.dll+0x6d0b0d]
C  [ucrtbase.dll+0x37b0]
C  [KERNEL32.DLL+0x2e8d7]
C  [ntdll.dll+0x3c34c]


---------------  P R O C E S S  ---------------

Threads class SMR info:
_java_thread_list=0x0000015f735ad370, length=54, elements={
0x0000015f19e19f80, 0x0000015f734bb8c0, 0x0000015f734bc510, 0x0000015f734c3520,
0x0000015f734c3f70, 0x0000015f734c5f20, 0x0000015f19ec2090, 0x0000015f19ed4840,
0x0000015f19edb800, 0x0000015f735b4910, 0x0000015f79044450, 0x0000015f79a49490,
0x0000015f79c86d20, 0x0000015f79e5ec90, 0x0000015f79b13b20, 0x0000015f79fca890,
0x0000015f79e0e2c0, 0x0000015f79de90f0, 0x0000015f79deb1c0, 0x0000015f79de9e10,
0x0000015f79debee0, 0x0000015f79dec570, 0x0000015f79dea4a0, 0x0000015f79deab30,
0x0000015f7b565e50, 0x0000015f7b5664e0, 0x0000015f7b5636f0, 0x0000015f7b563060,
0x0000015f7b563d80, 0x0000015f7b5657c0, 0x0000015f7b566b70, 0x0000015f7b567890,
0x0000015f7b567200, 0x0000015f7b564410, 0x0000015f7b567f20, 0x0000015f7b564aa0,
0x0000015f7b5685b0, 0x0000015f7b565130, 0x0000015f7b568c40, 0x0000015f7b5692d0,
0x0000015f7b569960, 0x0000015f7b569ff0, 0x0000015f7b56a680, 0x0000015f7e559270,
0x0000015f7e559f90, 0x0000015f7e55b340, 0x0000015f7e559900, 0x0000015f7e55a620,
0x0000015f7e55acb0, 0x0000015f7e557ec0, 0x0000015f7e55b9d0, 0x0000015f7e558550,
0x0000015f7e55c060, 0x0000015f7e55c6f0
}

Java Threads: ( => current thread )
  0x0000015f19e19f80 JavaThread "main"                              [_thread_blocked, id=14268, stack(0x0000004957600000,0x0000004957700000) (1024K)]
  0x0000015f734bb8c0 JavaThread "Reference Handler"          daemon [_thread_blocked, id=28460, stack(0x0000004957a00000,0x0000004957b00000) (1024K)]
  0x0000015f734bc510 JavaThread "Finalizer"                  daemon [_thread_blocked, id=24688, stack(0x0000004957b00000,0x0000004957c00000) (1024K)]
  0x0000015f734c3520 JavaThread "Signal Dispatcher"          daemon [_thread_blocked, id=12828, stack(0x0000004957c00000,0x0000004957d00000) (1024K)]
=>0x0000015f734c3f70 JavaThread "Attach Listener"            daemon [_thread_in_vm, id=28724, stack(0x0000004957d00000,0x0000004957e00000) (1024K)]
  0x0000015f734c5f20 JavaThread "Service Thread"             daemon [_thread_blocked, id=12944, stack(0x0000004957e00000,0x0000004957f00000) (1024K)]
  0x0000015f19ec2090 JavaThread "Monitor Deflation Thread"   daemon [_thread_blocked, id=13180, stack(0x0000004957f00000,0x0000004958000000) (1024K)]
  0x0000015f19ed4840 JavaThread "C2 CompilerThread0"         daemon [_thread_blocked, id=9124, stack(0x0000004958000000,0x0000004958100000) (1024K)]
  0x0000015f19edb800 JavaThread "C1 CompilerThread0"         daemon [_thread_blocked, id=16888, stack(0x0000004958100000,0x0000004958200000) (1024K)]
  0x0000015f735b4910 JavaThread "Common-Cleaner"             daemon [_thread_blocked, id=25748, stack(0x0000004958200000,0x0000004958300000) (1024K)]
  0x0000015f79044450 JavaThread "Notification Thread"        daemon [_thread_blocked, id=8140, stack(0x0000004958600000,0x0000004958700000) (1024K)]
  0x0000015f79a49490 JavaThread "Active Thread: Equinox Container: 621e1d42-6910-4070-af88-766dd56f8b90"        [_thread_blocked, id=3168, stack(0x0000004958f00000,0x0000004959000000) (1024K)]
  0x0000015f79c86d20 JavaThread "Refresh Thread: Equinox Container: 621e1d42-6910-4070-af88-766dd56f8b90" daemon [_thread_blocked, id=4000, stack(0x0000004959100000,0x0000004959200000) (1024K)]
  0x0000015f79e5ec90 JavaThread "Framework Event Dispatcher: Equinox Container: 621e1d42-6910-4070-af88-766dd56f8b90" daemon [_thread_blocked, id=17676, stack(0x0000004959200000,0x0000004959300000) (1024K)]
  0x0000015f79b13b20 JavaThread "Start Level: Equinox Container: 621e1d42-6910-4070-af88-766dd56f8b90" daemon [_thread_blocked, id=28188, stack(0x0000004959300000,0x0000004959400000) (1024K)]
  0x0000015f79fca890 JavaThread "Bundle File Closer"         daemon [_thread_blocked, id=26920, stack(0x0000004959700000,0x0000004959800000) (1024K)]
  0x0000015f79e0e2c0 JavaThread "SCR Component Actor"        daemon [_thread_blocked, id=7476, stack(0x0000004959800000,0x0000004959900000) (1024K)]
  0x0000015f79de90f0 JavaThread "Worker-JM"                         [_thread_blocked, id=29396, stack(0x0000004959a00000,0x0000004959b00000) (1024K)]
  0x0000015f79deb1c0 JavaThread "JNA Cleaner"                daemon [_thread_blocked, id=6632, stack(0x0000004959d00000,0x0000004959e00000) (1024K)]
  0x0000015f79de9e10 JavaThread "Worker-1"                          [_thread_blocked, id=19936, stack(0x0000004959f00000,0x000000495a000000) (1024K)]
  0x0000015f79debee0 JavaThread "Java indexing"              daemon [_thread_blocked, id=9708, stack(0x000000495a000000,0x000000495a100000) (1024K)]
  0x0000015f79dec570 JavaThread "Worker-2"                          [_thread_blocked, id=28032, stack(0x000000495a400000,0x000000495a500000) (1024K)]
  0x0000015f79dea4a0 JavaThread "Thread-2"                   daemon [_thread_in_native, id=25004, stack(0x000000495a600000,0x000000495a700000) (1024K)]
  0x0000015f79deab30 JavaThread "Thread-3"                   daemon [_thread_in_native, id=21596, stack(0x000000495a700000,0x000000495a800000) (1024K)]
  0x0000015f7b565e50 JavaThread "Thread-4"                   daemon [_thread_in_native, id=4608, stack(0x000000495a800000,0x000000495a900000) (1024K)]
  0x0000015f7b5664e0 JavaThread "Thread-5"                   daemon [_thread_in_native, id=20732, stack(0x000000495a900000,0x000000495aa00000) (1024K)]
  0x0000015f7b5636f0 JavaThread "Thread-6"                   daemon [_thread_in_native, id=28768, stack(0x000000495aa00000,0x000000495ab00000) (1024K)]
  0x0000015f7b563060 JavaThread "Thread-7"                   daemon [_thread_in_native, id=1968, stack(0x000000495ab00000,0x000000495ac00000) (1024K)]
  0x0000015f7b563d80 JavaThread "Thread-8"                   daemon [_thread_in_native, id=24764, stack(0x000000495ac00000,0x000000495ad00000) (1024K)]
  0x0000015f7b5657c0 JavaThread "Thread-9"                   daemon [_thread_in_native, id=14152, stack(0x000000495ad00000,0x000000495ae00000) (1024K)]
  0x0000015f7b566b70 JavaThread "Thread-10"                  daemon [_thread_in_native, id=14716, stack(0x000000495ae00000,0x000000495af00000) (1024K)]
  0x0000015f7b567890 JavaThread "Thread-11"                  daemon [_thread_in_native, id=3252, stack(0x000000495af00000,0x000000495b000000) (1024K)]
  0x0000015f7b567200 JavaThread "Thread-12"                  daemon [_thread_in_native, id=6976, stack(0x000000495b000000,0x000000495b100000) (1024K)]
  0x0000015f7b564410 JavaThread "Thread-13"                  daemon [_thread_in_native, id=17112, stack(0x000000495b100000,0x000000495b200000) (1024K)]
  0x0000015f7b567f20 JavaThread "Thread-14"                  daemon [_thread_in_native, id=3216, stack(0x000000495b200000,0x000000495b300000) (1024K)]
  0x0000015f7b564aa0 JavaThread "Thread-15"                  daemon [_thread_in_native, id=16244, stack(0x000000495b300000,0x000000495b400000) (1024K)]
  0x0000015f7b5685b0 JavaThread "Thread-16"                  daemon [_thread_in_native, id=22028, stack(0x000000495b400000,0x000000495b500000) (1024K)]
  0x0000015f7b565130 JavaThread "Thread-17"                  daemon [_thread_in_native, id=22132, stack(0x000000495b500000,0x000000495b600000) (1024K)]
  0x0000015f7b568c40 JavaThread "Thread-18"                  daemon [_thread_in_native, id=11296, stack(0x000000495b600000,0x000000495b700000) (1024K)]
  0x0000015f7b5692d0 JavaThread "pool-2-thread-1"                   [_thread_blocked, id=9312, stack(0x000000495b700000,0x000000495b800000) (1024K)]
  0x0000015f7b569960 JavaThread "WorkspaceEventsHandler"            [_thread_blocked, id=20844, stack(0x000000495bb00000,0x000000495bc00000) (1024K)]
  0x0000015f7b569ff0 JavaThread "pool-1-thread-1"                   [_thread_blocked, id=26556, stack(0x000000495bc00000,0x000000495bd00000) (1024K)]
  0x0000015f7b56a680 JavaThread "ForkJoinPool.commonPool-worker-1" daemon [_thread_blocked, id=28256, stack(0x000000495bf00000,0x000000495c000000) (1024K)]
  0x0000015f7e559270 JavaThread "ForkJoinPool.commonPool-worker-2" daemon [_thread_blocked, id=7468, stack(0x000000495c000000,0x000000495c100000) (1024K)]
  0x0000015f7e559f90 JavaThread "ForkJoinPool.commonPool-worker-3" daemon [_thread_blocked, id=4696, stack(0x000000495c100000,0x000000495c200000) (1024K)]
  0x0000015f7e55b340 JavaThread "ForkJoinPool.commonPool-worker-4" daemon [_thread_blocked, id=6924, stack(0x000000495c200000,0x000000495c300000) (1024K)]
  0x0000015f7e559900 JavaThread "ForkJoinPool.commonPool-worker-5" daemon [_thread_blocked, id=6088, stack(0x000000495c300000,0x000000495c400000) (1024K)]
  0x0000015f7e55a620 JavaThread "ForkJoinPool.commonPool-worker-6" daemon [_thread_blocked, id=20868, stack(0x000000495c400000,0x000000495c500000) (1024K)]
  0x0000015f7e55acb0 JavaThread "ForkJoinPool.commonPool-worker-8" daemon [_thread_blocked, id=19032, stack(0x000000495c600000,0x000000495c700000) (1024K)]
  0x0000015f7e557ec0 JavaThread "ForkJoinPool.commonPool-worker-9" daemon [_thread_blocked, id=20860, stack(0x000000495c700000,0x000000495c800000) (1024K)]
  0x0000015f7e55b9d0 JavaThread "ForkJoinPool.commonPool-worker-10" daemon [_thread_blocked, id=5900, stack(0x000000495c800000,0x000000495c900000) (1024K)]
  0x0000015f7e558550 JavaThread "ForkJoinPool.commonPool-worker-11" daemon [_thread_blocked, id=8264, stack(0x000000495c900000,0x000000495ca00000) (1024K)]
  0x0000015f7e55c060 JavaThread "ForkJoinPool.commonPool-worker-12" daemon [_thread_blocked, id=11424, stack(0x000000495ca00000,0x000000495cb00000) (1024K)]
  0x0000015f7e55c6f0 JavaThread "ForkJoinPool.commonPool-worker-13" daemon [_thread_blocked, id=16324, stack(0x000000495cb00000,0x000000495cc00000) (1024K)]
Total: 54

Other Threads:
  0x0000015f19ebf950 VMThread "VM Thread"                           [id=26980, stack(0x0000004957900000,0x0000004957a00000) (1024K)]
  0x0000015f30dfcbe0 WatcherThread "VM Periodic Task Thread"        [id=23960, stack(0x0000004957800000,0x0000004957900000) (1024K)]
  0x0000015f19e388d0 WorkerThread "GC Thread#0"                     [id=14628, stack(0x0000004957700000,0x0000004957800000) (1024K)]
  0x0000015f794893d0 WorkerThread "GC Thread#1"                     [id=25548, stack(0x0000004958900000,0x0000004958a00000) (1024K)]
  0x0000015f79489770 WorkerThread "GC Thread#2"                     [id=18696, stack(0x0000004958a00000,0x0000004958b00000) (1024K)]
  0x0000015f795b4560 WorkerThread "GC Thread#3"                     [id=4472, stack(0x0000004958b00000,0x0000004958c00000) (1024K)]
  0x0000015f7917e620 WorkerThread "GC Thread#4"                     [id=16588, stack(0x0000004958c00000,0x0000004958d00000) (1024K)]
  0x0000015f7917e9c0 WorkerThread "GC Thread#5"                     [id=4600, stack(0x0000004958d00000,0x0000004958e00000) (1024K)]
  0x0000015f7917ed60 WorkerThread "GC Thread#6"                     [id=29556, stack(0x0000004958e00000,0x0000004958f00000) (1024K)]
  0x0000015f798af8e0 WorkerThread "GC Thread#7"                     [id=28648, stack(0x0000004959000000,0x0000004959100000) (1024K)]
  0x0000015f79cd2c50 WorkerThread "GC Thread#8"                     [id=28668, stack(0x0000004959400000,0x0000004959500000) (1024K)]
  0x0000015f79d62af0 WorkerThread "GC Thread#9"                     [id=25372, stack(0x0000004959500000,0x0000004959600000) (1024K)]
  0x0000015f79d62010 WorkerThread "GC Thread#10"                    [id=28048, stack(0x0000004959600000,0x0000004959700000) (1024K)]
  0x0000015f79d62e90 WorkerThread "GC Thread#11"                    [id=28608, stack(0x0000004959900000,0x0000004959a00000) (1024K)]
  0x0000015f79d63970 WorkerThread "GC Thread#12"                    [id=16308, stack(0x0000004959c00000,0x0000004959d00000) (1024K)]
Total: 15

Threads with active compile tasks:
Total: 0

VM state: not at safepoint (normal execution)

VM Mutex/Monitor currently owned by a thread: None

Heap address: 0x0000000080000000, size: 2048 MB, Compressed Oops mode: 32-bit

CDS archive(s) mapped at: [0x0000015f31000000-0x0000015f31ba0000-0x0000015f31ba0000), size 12189696, SharedBaseAddress: 0x0000015f31000000, ArchiveRelocationMode: 1.
Compressed class space mapped at: 0x0000015f32000000-0x0000015f72000000, reserved size: 1073741824
Narrow klass base: 0x0000015f31000000, Narrow klass shift: 0, Narrow klass range: 0x100000000

GC Precious Log:
 CardTable entry size: 512
 CPUs: 16 total, 16 available
 Memory: 16159M
 Large Page Support: Disabled
 NUMA Support: Disabled
 Compressed Oops: Enabled (32-bit)
 Alignments: Space 512K, Generation 512K, Heap 2M
 Heap Min Capacity: 100M
 Heap Initial Capacity: 100M
 Heap Max Capacity: 2G
 Pre-touch: Disabled
 Parallel Workers: 13

Heap:
 PSYoungGen      total 20480K, used 17065K [0x00000000d5580000, 0x00000000d6a80000, 0x0000000100000000)
  eden space 19456K, 83% used [0x00000000d5580000,0x00000000d655a7d8,0x00000000d6880000)
  from space 1024K, 81% used [0x00000000d6880000,0x00000000d6950000,0x00000000d6980000)
  to   space 1024K, 0% used [0x00000000d6980000,0x00000000d6980000,0x00000000d6a80000)
 ParOldGen       total 68608K, used 49424K [0x0000000080000000, 0x0000000084300000, 0x00000000d5580000)
  object space 68608K, 72% used [0x0000000080000000,0x00000000830442e0,0x0000000084300000)
 Metaspace       used 60740K, committed 62208K, reserved 1114112K
  class space    used 6387K, committed 7040K, reserved 1048576K

Card table byte_map: [0x0000015f2c260000,0x0000015f2c670000] _byte_map_base: 0x0000015f2be60000

Marking Bits: (ParMarkBitMap*) 0x00007ffdaa35a340
 Begin Bits: [0x0000015f2c920000, 0x0000015f2e920000)
 End Bits:   [0x0000015f2e920000, 0x0000015f30920000)

Polling page: 0x0000015f19ee0000

Metaspace:

Usage:
  Non-class:     53.08 MB used.
      Class:      6.24 MB used.
       Both:     59.32 MB used.

Virtual space:
  Non-class space:       64.00 MB reserved,      53.88 MB ( 84%) committed,  1 nodes.
      Class space:        1.00 GB reserved,       6.88 MB ( <1%) committed,  1 nodes.
             Both:        1.06 GB reserved,      60.75 MB (  6%) committed. 

Chunk freelists:
   Non-Class:  10.09 MB
       Class:  9.12 MB
        Both:  19.21 MB

MaxMetaspaceSize: unlimited
CompressedClassSpaceSize: 1.00 GB
Initial GC threshold: 21.00 MB
Current GC threshold: 97.31 MB
CDS: on
 - commit_granule_bytes: 65536.
 - commit_granule_words: 8192.
 - virtual_space_node_default_size: 8388608.
 - enlarge_chunks_in_place: 1.
 - use_allocation_guard: 0.


Internal statistics:

num_allocs_failed_limit: 9.
num_arena_births: 1168.
num_arena_deaths: 18.
num_vsnodes_births: 2.
num_vsnodes_deaths: 0.
num_space_committed: 971.
num_space_uncommitted: 0.
num_chunks_returned_to_freelist: 28.
num_chunks_taken_from_freelist: 3912.
num_chunk_merges: 16.
num_chunk_splits: 2474.
num_chunks_enlarged: 1485.
num_inconsistent_stats: 0.

CodeHeap 'non-profiled nmethods': size=119168Kb used=8192Kb max_used=8192Kb free=110975Kb
 bounds [0x0000015f24c20000, 0x0000015f25430000, 0x0000015f2c080000]
CodeHeap 'profiled nmethods': size=119104Kb used=24469Kb max_used=24469Kb free=94634Kb
 bounds [0x0000015f1d080000, 0x0000015f1e870000, 0x0000015f244d0000]
CodeHeap 'non-nmethods': size=7488Kb used=1409Kb max_used=3265Kb free=6078Kb
 bounds [0x0000015f244d0000, 0x0000015f24840000, 0x0000015f24c20000]
CodeCache: size=245760Kb, used=34070Kb, max_used=35926Kb, free=211687Kb
 total_blobs=11397, nmethods=10676, adapters=627, full_count=0
Compilation: enabled, stopped_count=0, restarted_count=0

Compilation events (20 events):
Event: 31.155 Thread 0x0000015f7364adb0 11480       4       org.eclipse.osgi.container.ModuleDatabase$Persistence::writeString (99 bytes)
Event: 31.155 Thread 0x0000015f7364bb50 11495       3       java.lang.String::lastIndexOf (10 bytes)
Event: 31.155 Thread 0x0000015f736484d0 11496       3       java.lang.String::lastIndexOf (18 bytes)
Event: 31.155 Thread 0x0000015f19edb800 11497       3       java.lang.String::lastIndexOf (104 bytes)
Event: 31.156 Thread 0x0000015f7364bb50 nmethod 11495 0x0000015f1e863d90 code [0x0000015f1e863f60, 0x0000015f1e864198]
Event: 31.156 Thread 0x0000015f736484d0 nmethod 11496 0x0000015f1e864290 code [0x0000015f1e864460, 0x0000015f1e864728]
Event: 31.156 Thread 0x0000015f19edb800 nmethod 11497 0x0000015f1e864890 code [0x0000015f1e864ac0, 0x0000015f1e864ff0]
Event: 31.156 Thread 0x0000015f19ed4840 nmethod 11466 0x0000015f2540b410 code [0x0000015f2540b6c0, 0x0000015f2540cab8]
Event: 31.157 Thread 0x0000015f7364c220 nmethod 11475 0x0000015f2540d890 code [0x0000015f2540daa0, 0x0000015f2540df88]
Event: 31.157 Thread 0x0000015f19ed4840 11467       4       org.osgi.framework.Version::hashCode (65 bytes)
Event: 31.157 Thread 0x0000015f7364c220 11488       4       org.eclipse.osgi.container.ModuleDatabase$Persistence::addToWriteTable (77 bytes)
Event: 31.158 Thread 0x0000015f19ed4840 nmethod 11467 0x0000015f2540e490 code [0x0000015f2540e620, 0x0000015f2540e758]
Event: 31.158 Thread 0x0000015f19ed4840 11430       4       org.eclipse.osgi.container.ModuleDatabase::readUnlock (11 bytes)
Event: 31.161 Thread 0x0000015f7364b480 nmethod 11477 0x0000015f2540e810 code [0x0000015f2540ea40, 0x0000015f2540f010]
Event: 31.162 Thread 0x0000015f19ed4840 nmethod 11430 0x0000015f2540f610 code [0x0000015f2540f800, 0x0000015f2540fb90]
Event: 31.174 Thread 0x0000015f7364c220 nmethod 11488 0x0000015f2540ff10 code [0x0000015f25410160, 0x0000015f25410c70]
Event: 31.193 Thread 0x0000015f7364adb0 nmethod 11480 0x0000015f25411490 code [0x0000015f254118a0, 0x0000015f25413348]
Event: 31.550 Thread 0x0000015f73648ba0 nmethod 11456 0x0000015f25414b10 code [0x0000015f25415600, 0x0000015f2541bf78]
Event: 234.313 Thread 0x0000015f19edb800 11498       3       java.util.concurrent.ThreadPoolExecutor::workerCountOf (5 bytes)
Event: 234.827 Thread 0x0000015f19edb800 nmethod 11498 0x0000015f1e865210 code [0x0000015f1e8653a0, 0x0000015f1e865498]

GC Heap History (20 events):
Event: 9.476 GC heap before
{Heap before GC invocations=51 (full 2):
 PSYoungGen      total 20480K, used 20288K [0x00000000d5580000, 0x00000000d6b00000, 0x0000000100000000)
  eden space 19456K, 100% used [0x00000000d5580000,0x00000000d6880000,0x00000000d6880000)
  from space 1024K, 81% used [0x00000000d6a00000,0x00000000d6ad0000,0x00000000d6b00000)
  to   space 1024K, 0% used [0x00000000d6900000,0x00000000d6900000,0x00000000d6a00000)
 ParOldGen       total 68608K, used 65685K [0x0000000080000000, 0x0000000084300000, 0x00000000d5580000)
  object space 68608K, 95% used [0x0000000080000000,0x0000000084025680,0x0000000084300000)
 Metaspace       used 53529K, committed 54848K, reserved 1114112K
  class space    used 5673K, committed 6272K, reserved 1048576K
}
Event: 9.477 GC heap after
{Heap after GC invocations=51 (full 2):
 PSYoungGen      total 20480K, used 721K [0x00000000d5580000, 0x00000000d6a80000, 0x0000000100000000)
  eden space 19456K, 0% used [0x00000000d5580000,0x00000000d5580000,0x00000000d6880000)
  from space 1024K, 70% used [0x00000000d6900000,0x00000000d69b46b0,0x00000000d6a00000)
  to   space 512K, 0% used [0x00000000d6a00000,0x00000000d6a00000,0x00000000d6a80000)
 ParOldGen       total 68608K, used 66370K [0x0000000080000000, 0x0000000084300000, 0x00000000d5580000)
  object space 68608K, 96% used [0x0000000080000000,0x00000000840d09d8,0x0000000084300000)
 Metaspace       used 53529K, committed 54848K, reserved 1114112K
  class space    used 5673K, committed 6272K, reserved 1048576K
}
Event: 9.674 GC heap before
{Heap before GC invocations=52 (full 2):
 PSYoungGen      total 20480K, used 20177K [0x00000000d5580000, 0x00000000d6a80000, 0x0000000100000000)
  eden space 19456K, 100% used [0x00000000d5580000,0x00000000d6880000,0x00000000d6880000)
  from space 1024K, 70% used [0x00000000d6900000,0x00000000d69b46b0,0x00000000d6a00000)
  to   space 512K, 0% used [0x00000000d6a00000,0x00000000d6a00000,0x00000000d6a80000)
 ParOldGen       total 68608K, used 66370K [0x0000000080000000, 0x0000000084300000, 0x00000000d5580000)
  object space 68608K, 96% used [0x0000000080000000,0x00000000840d09d8,0x0000000084300000)
 Metaspace       used 53578K, committed 54912K, reserved 1114112K
  class space    used 5673K, committed 6272K, reserved 1048576K
}
Event: 9.675 GC heap after
{Heap after GC invocations=52 (full 2):
 PSYoungGen      total 19968K, used 480K [0x00000000d5580000, 0x00000000d6a80000, 0x0000000100000000)
  eden space 19456K, 0% used [0x00000000d5580000,0x00000000d5580000,0x00000000d6880000)
  from space 512K, 93% used [0x00000000d6a00000,0x00000000d6a78000,0x00000000d6a80000)
  to   space 1024K, 0% used [0x00000000d6880000,0x00000000d6880000,0x00000000d6980000)
 ParOldGen       total 68608K, used 66690K [0x0000000080000000, 0x0000000084300000, 0x00000000d5580000)
  object space 68608K, 97% used [0x0000000080000000,0x00000000841209d8,0x0000000084300000)
 Metaspace       used 53578K, committed 54912K, reserved 1114112K
  class space    used 5673K, committed 6272K, reserved 1048576K
}
Event: 9.930 GC heap before
{Heap before GC invocations=53 (full 2):
 PSYoungGen      total 19968K, used 19936K [0x00000000d5580000, 0x00000000d6a80000, 0x0000000100000000)
  eden space 19456K, 100% used [0x00000000d5580000,0x00000000d6880000,0x00000000d6880000)
  from space 512K, 93% used [0x00000000d6a00000,0x00000000d6a78000,0x00000000d6a80000)
  to   space 1024K, 0% used [0x00000000d6880000,0x00000000d6880000,0x00000000d6980000)
 ParOldGen       total 68608K, used 66690K [0x0000000080000000, 0x0000000084300000, 0x00000000d5580000)
  object space 68608K, 97% used [0x0000000080000000,0x00000000841209d8,0x0000000084300000)
 Metaspace       used 54328K, committed 55744K, reserved 1114112K
  class space    used 5772K, committed 6336K, reserved 1048576K
}
Event: 9.932 GC heap after
{Heap after GC invocations=53 (full 2):
 PSYoungGen      total 20480K, used 572K [0x00000000d5580000, 0x00000000d6a80000, 0x0000000100000000)
  eden space 19456K, 0% used [0x00000000d5580000,0x00000000d5580000,0x00000000d6880000)
  from space 1024K, 55% used [0x00000000d6880000,0x00000000d690f3d8,0x00000000d6980000)
  to   space 1024K, 0% used [0x00000000d6980000,0x00000000d6980000,0x00000000d6a80000)
 ParOldGen       total 68608K, used 66890K [0x0000000080000000, 0x0000000084300000, 0x00000000d5580000)
  object space 68608K, 97% used [0x0000000080000000,0x00000000841529d8,0x0000000084300000)
 Metaspace       used 54328K, committed 55744K, reserved 1114112K
  class space    used 5772K, committed 6336K, reserved 1048576K
}
Event: 10.263 GC heap before
{Heap before GC invocations=54 (full 2):
 PSYoungGen      total 20480K, used 20028K [0x00000000d5580000, 0x00000000d6a80000, 0x0000000100000000)
  eden space 19456K, 100% used [0x00000000d5580000,0x00000000d6880000,0x00000000d6880000)
  from space 1024K, 55% used [0x00000000d6880000,0x00000000d690f3d8,0x00000000d6980000)
  to   space 1024K, 0% used [0x00000000d6980000,0x00000000d6980000,0x00000000d6a80000)
 ParOldGen       total 68608K, used 66890K [0x0000000080000000, 0x0000000084300000, 0x00000000d5580000)
  object space 68608K, 97% used [0x0000000080000000,0x00000000841529d8,0x0000000084300000)
 Metaspace       used 55741K, committed 57216K, reserved 1114112K
  class space    used 5961K, committed 6592K, reserved 1048576K
}
Event: 10.264 GC heap after
{Heap after GC invocations=54 (full 2):
 PSYoungGen      total 20480K, used 712K [0x00000000d5580000, 0x00000000d6a80000, 0x0000000100000000)
  eden space 19456K, 0% used [0x00000000d5580000,0x00000000d5580000,0x00000000d6880000)
  from space 1024K, 69% used [0x00000000d6980000,0x00000000d6a32220,0x00000000d6a80000)
  to   space 1024K, 0% used [0x00000000d6880000,0x00000000d6880000,0x00000000d6980000)
 ParOldGen       total 68608K, used 67277K [0x0000000080000000, 0x0000000084300000, 0x00000000d5580000)
  object space 68608K, 98% used [0x0000000080000000,0x00000000841b36b8,0x0000000084300000)
 Metaspace       used 55741K, committed 57216K, reserved 1114112K
  class space    used 5961K, committed 6592K, reserved 1048576K
}
Event: 10.509 GC heap before
{Heap before GC invocations=55 (full 2):
 PSYoungGen      total 20480K, used 20168K [0x00000000d5580000, 0x00000000d6a80000, 0x0000000100000000)
  eden space 19456K, 100% used [0x00000000d5580000,0x00000000d6880000,0x00000000d6880000)
  from space 1024K, 69% used [0x00000000d6980000,0x00000000d6a32220,0x00000000d6a80000)
  to   space 1024K, 0% used [0x00000000d6880000,0x00000000d6880000,0x00000000d6980000)
 ParOldGen       total 68608K, used 67277K [0x0000000080000000, 0x0000000084300000, 0x00000000d5580000)
  object space 68608K, 98% used [0x0000000080000000,0x00000000841b36b8,0x0000000084300000)
 Metaspace       used 57007K, committed 58432K, reserved 1114112K
  class space    used 6075K, committed 6656K, reserved 1048576K
}
Event: 10.510 GC heap after
{Heap after GC invocations=55 (full 2):
 PSYoungGen      total 20480K, used 448K [0x00000000d5580000, 0x00000000d6a80000, 0x0000000100000000)
  eden space 19456K, 0% used [0x00000000d5580000,0x00000000d5580000,0x00000000d6880000)
  from space 1024K, 43% used [0x00000000d6880000,0x00000000d68f0000,0x00000000d6980000)
  to   space 1024K, 0% used [0x00000000d6980000,0x00000000d6980000,0x00000000d6a80000)
 ParOldGen       total 68608K, used 67781K [0x0000000080000000, 0x0000000084300000, 0x00000000d5580000)
  object space 68608K, 98% used [0x0000000080000000,0x00000000842315e0,0x0000000084300000)
 Metaspace       used 57007K, committed 58432K, reserved 1114112K
  class space    used 6075K, committed 6656K, reserved 1048576K
}
Event: 10.675 GC heap before
{Heap before GC invocations=56 (full 2):
 PSYoungGen      total 20480K, used 12483K [0x00000000d5580000, 0x00000000d6a80000, 0x0000000100000000)
  eden space 19456K, 61% used [0x00000000d5580000,0x00000000d6140c70,0x00000000d6880000)
  from space 1024K, 43% used [0x00000000d6880000,0x00000000d68f0000,0x00000000d6980000)
  to   space 1024K, 0% used [0x00000000d6980000,0x00000000d6980000,0x00000000d6a80000)
 ParOldGen       total 68608K, used 67781K [0x0000000080000000, 0x0000000084300000, 0x00000000d5580000)
  object space 68608K, 98% used [0x0000000080000000,0x00000000842315e0,0x0000000084300000)
 Metaspace       used 58345K, committed 59776K, reserved 1114112K
  class space    used 6230K, committed 6848K, reserved 1048576K
}
Event: 10.677 GC heap after
{Heap after GC invocations=56 (full 2):
 PSYoungGen      total 20480K, used 608K [0x00000000d5580000, 0x00000000d6a80000, 0x0000000100000000)
  eden space 19456K, 0% used [0x00000000d5580000,0x00000000d5580000,0x00000000d6880000)
  from space 1024K, 59% used [0x00000000d6980000,0x00000000d6a18000,0x00000000d6a80000)
  to   space 1024K, 0% used [0x00000000d6880000,0x00000000d6880000,0x00000000d6980000)
 ParOldGen       total 68608K, used 68093K [0x0000000080000000, 0x0000000084300000, 0x00000000d5580000)
  object space 68608K, 99% used [0x0000000080000000,0x000000008427f5e0,0x0000000084300000)
 Metaspace       used 58345K, committed 59776K, reserved 1114112K
  class space    used 6230K, committed 6848K, reserved 1048576K
}
Event: 10.677 GC heap before
{Heap before GC invocations=57 (full 3):
 PSYoungGen      total 20480K, used 608K [0x00000000d5580000, 0x00000000d6a80000, 0x0000000100000000)
  eden space 19456K, 0% used [0x00000000d5580000,0x00000000d5580000,0x00000000d6880000)
  from space 1024K, 59% used [0x00000000d6980000,0x00000000d6a18000,0x00000000d6a80000)
  to   space 1024K, 0% used [0x00000000d6880000,0x00000000d6880000,0x00000000d6980000)
 ParOldGen       total 68608K, used 68093K [0x0000000080000000, 0x0000000084300000, 0x00000000d5580000)
  object space 68608K, 99% used [0x0000000080000000,0x000000008427f5e0,0x0000000084300000)
 Metaspace       used 58345K, committed 59776K, reserved 1114112K
  class space    used 6230K, committed 6848K, reserved 1048576K
}
Event: 10.761 GC heap after
{Heap after GC invocations=57 (full 3):
 PSYoungGen      total 20480K, used 0K [0x00000000d5580000, 0x00000000d6a80000, 0x0000000100000000)
  eden space 19456K, 0% used [0x00000000d5580000,0x00000000d5580000,0x00000000d6880000)
  from space 1024K, 0% used [0x00000000d6980000,0x00000000d6980000,0x00000000d6a80000)
  to   space 1024K, 0% used [0x00000000d6880000,0x00000000d6880000,0x00000000d6980000)
 ParOldGen       total 68608K, used 49034K [0x0000000080000000, 0x0000000084300000, 0x00000000d5580000)
  object space 68608K, 71% used [0x0000000080000000,0x0000000082fe2928,0x0000000084300000)
 Metaspace       used 58341K, committed 59776K, reserved 1114112K
  class space    used 6229K, committed 6848K, reserved 1048576K
}
Event: 10.852 GC heap before
{Heap before GC invocations=58 (full 3):
 PSYoungGen      total 20480K, used 19456K [0x00000000d5580000, 0x00000000d6a80000, 0x0000000100000000)
  eden space 19456K, 100% used [0x00000000d5580000,0x00000000d6880000,0x00000000d6880000)
  from space 1024K, 0% used [0x00000000d6980000,0x00000000d6980000,0x00000000d6a80000)
  to   space 1024K, 0% used [0x00000000d6880000,0x00000000d6880000,0x00000000d6980000)
 ParOldGen       total 68608K, used 49034K [0x0000000080000000, 0x0000000084300000, 0x00000000d5580000)
  object space 68608K, 71% used [0x0000000080000000,0x0000000082fe2928,0x0000000084300000)
 Metaspace       used 58395K, committed 59840K, reserved 1114112K
  class space    used 6232K, committed 6848K, reserved 1048576K
}
Event: 10.853 GC heap after
{Heap after GC invocations=58 (full 3):
 PSYoungGen      total 20480K, used 994K [0x00000000d5580000, 0x00000000d6b80000, 0x0000000100000000)
  eden space 19456K, 0% used [0x00000000d5580000,0x00000000d5580000,0x00000000d6880000)
  from space 1024K, 97% used [0x00000000d6880000,0x00000000d6978b68,0x00000000d6980000)
  to   space 1536K, 0% used [0x00000000d6a00000,0x00000000d6a00000,0x00000000d6b80000)
 ParOldGen       total 68608K, used 49264K [0x0000000080000000, 0x0000000084300000, 0x00000000d5580000)
  object space 68608K, 71% used [0x0000000080000000,0x000000008301c2e0,0x0000000084300000)
 Metaspace       used 58395K, committed 59840K, reserved 1114112K
  class space    used 6232K, committed 6848K, reserved 1048576K
}
Event: 10.955 GC heap before
{Heap before GC invocations=59 (full 3):
 PSYoungGen      total 20480K, used 20450K [0x00000000d5580000, 0x00000000d6b80000, 0x0000000100000000)
  eden space 19456K, 100% used [0x00000000d5580000,0x00000000d6880000,0x00000000d6880000)
  from space 1024K, 97% used [0x00000000d6880000,0x00000000d6978b68,0x00000000d6980000)
  to   space 1536K, 0% used [0x00000000d6a00000,0x00000000d6a00000,0x00000000d6b80000)
 ParOldGen       total 68608K, used 49264K [0x0000000080000000, 0x0000000084300000, 0x00000000d5580000)
  object space 68608K, 71% used [0x0000000080000000,0x000000008301c2e0,0x0000000084300000)
 Metaspace       used 59092K, committed 60544K, reserved 1114112K
  class space    used 6288K, committed 6912K, reserved 1048576K
}
Event: 10.956 GC heap after
{Heap after GC invocations=59 (full 3):
 PSYoungGen      total 19968K, used 256K [0x00000000d5580000, 0x00000000d6a80000, 0x0000000100000000)
  eden space 19456K, 0% used [0x00000000d5580000,0x00000000d5580000,0x00000000d6880000)
  from space 512K, 50% used [0x00000000d6a00000,0x00000000d6a40000,0x00000000d6a80000)
  to   space 1024K, 0% used [0x00000000d6880000,0x00000000d6880000,0x00000000d6980000)
 ParOldGen       total 68608K, used 49368K [0x0000000080000000, 0x0000000084300000, 0x00000000d5580000)
  object space 68608K, 71% used [0x0000000080000000,0x00000000830362e0,0x0000000084300000)
 Metaspace       used 59092K, committed 60544K, reserved 1114112K
  class space    used 6288K, committed 6912K, reserved 1048576K
}
Event: 11.387 GC heap before
{Heap before GC invocations=60 (full 3):
 PSYoungGen      total 19968K, used 19712K [0x00000000d5580000, 0x00000000d6a80000, 0x0000000100000000)
  eden space 19456K, 100% used [0x00000000d5580000,0x00000000d6880000,0x00000000d6880000)
  from space 512K, 50% used [0x00000000d6a00000,0x00000000d6a40000,0x00000000d6a80000)
  to   space 1024K, 0% used [0x00000000d6880000,0x00000000d6880000,0x00000000d6980000)
 ParOldGen       total 68608K, used 49368K [0x0000000080000000, 0x0000000084300000, 0x00000000d5580000)
  object space 68608K, 71% used [0x0000000080000000,0x00000000830362e0,0x0000000084300000)
 Metaspace       used 60300K, committed 61824K, reserved 1114112K
  class space    used 6369K, committed 7040K, reserved 1048576K
}
Event: 11.389 GC heap after
{Heap after GC invocations=60 (full 3):
 PSYoungGen      total 20480K, used 832K [0x00000000d5580000, 0x00000000d6a80000, 0x0000000100000000)
  eden space 19456K, 0% used [0x00000000d5580000,0x00000000d5580000,0x00000000d6880000)
  from space 1024K, 81% used [0x00000000d6880000,0x00000000d6950000,0x00000000d6980000)
  to   space 1024K, 0% used [0x00000000d6980000,0x00000000d6980000,0x00000000d6a80000)
 ParOldGen       total 68608K, used 49424K [0x0000000080000000, 0x0000000084300000, 0x00000000d5580000)
  object space 68608K, 72% used [0x0000000080000000,0x00000000830442e0,0x0000000084300000)
 Metaspace       used 60300K, committed 61824K, reserved 1114112K
  class space    used 6369K, committed 7040K, reserved 1048576K
}

Dll operation events (10 events):
Event: 0.010 Loaded shared library c:\Users\Administrator\.windsurf\extensions\redhat.java-1.45.0-win32-x64\jre\21.0.8-win32-x86_64\bin\java.dll
Event: 0.037 Loaded shared library c:\Users\Administrator\.windsurf\extensions\redhat.java-1.45.0-win32-x64\jre\21.0.8-win32-x86_64\bin\zip.dll
Event: 0.115 Loaded shared library C:\Users\Administrator\.windsurf\extensions\redhat.java-1.45.0-win32-x64\jre\21.0.8-win32-x86_64\bin\instrument.dll
Event: 0.127 Loaded shared library C:\Users\Administrator\.windsurf\extensions\redhat.java-1.45.0-win32-x64\jre\21.0.8-win32-x86_64\bin\net.dll
Event: 0.130 Loaded shared library C:\Users\Administrator\.windsurf\extensions\redhat.java-1.45.0-win32-x64\jre\21.0.8-win32-x86_64\bin\nio.dll
Event: 0.135 Loaded shared library C:\Users\Administrator\.windsurf\extensions\redhat.java-1.45.0-win32-x64\jre\21.0.8-win32-x86_64\bin\zip.dll
Event: 0.149 Loaded shared library C:\Users\Administrator\.windsurf\extensions\redhat.java-1.45.0-win32-x64\jre\21.0.8-win32-x86_64\bin\jimage.dll
Event: 0.217 Loaded shared library c:\Users\Administrator\.windsurf\extensions\redhat.java-1.45.0-win32-x64\jre\21.0.8-win32-x86_64\bin\verify.dll
Event: 1.226 Loaded shared library C:\Users\Administrator\AppData\Roaming\Windsurf\User\globalStorage\redhat.java\1.45.0\config_win\org.eclipse.equinox.launcher\org.eclipse.equinox.launcher.win32.win32.x86_64_1.2.1400.v20250801-0854\eclipse_11916.dll
Event: 2.571 Loaded shared library C:\Users\Administrator\AppData\Local\Temp\jna-146731693\jna18312193587772172934.dll

Deoptimization events (20 events):
Event: 11.259 Thread 0x0000015f79dec570 DEOPT PACKING pc=0x0000015f252d4958 sp=0x000000495a4fe340
Event: 11.259 Thread 0x0000015f79dec570 DEOPT UNPACKING pc=0x0000015f24523aa2 sp=0x000000495a4fe2d0 mode 2
Event: 11.529 Thread 0x0000015f79dec570 Uncommon trap: trap_request=0xffffff45 fr.pc=0x0000015f253300c8 relative=0x00000000000048e8
Event: 11.529 Thread 0x0000015f79dec570 Uncommon trap: reason=unstable_if action=reinterpret pc=0x0000015f253300c8 method=org.eclipse.jdt.internal.compiler.parser.Parser.consumeRule(I)V @ 1 c2
Event: 11.530 Thread 0x0000015f79dec570 DEOPT PACKING pc=0x0000015f253300c8 sp=0x000000495a4fea20
Event: 11.530 Thread 0x0000015f79dec570 DEOPT UNPACKING pc=0x0000015f24523aa2 sp=0x000000495a4fe9c0 mode 2
Event: 11.549 Thread 0x0000015f79dec570 Uncommon trap: trap_request=0xffffff6e fr.pc=0x0000015f25337a04 relative=0x0000000000000164
Event: 11.549 Thread 0x0000015f79dec570 Uncommon trap: reason=loop_limit_check action=maybe_recompile pc=0x0000015f25337a04 method=java.util.regex.Pattern$Start.match(Ljava/util/regex/Matcher;ILjava/lang/CharSequence;)Z @ 34 c2
Event: 11.549 Thread 0x0000015f79dec570 DEOPT PACKING pc=0x0000015f25337a04 sp=0x000000495a4fda00
Event: 11.549 Thread 0x0000015f79dec570 DEOPT UNPACKING pc=0x0000015f24523aa2 sp=0x000000495a4fd990 mode 2
Event: 31.105 Thread 0x0000015f79a49490 Uncommon trap: trap_request=0xffffff45 fr.pc=0x0000015f2500ee14 relative=0x0000000000000e34
Event: 31.105 Thread 0x0000015f79a49490 Uncommon trap: reason=unstable_if action=reinterpret pc=0x0000015f2500ee14 method=java.util.HashMap.putVal(ILjava/lang/Object;Ljava/lang/Object;ZZ)Ljava/lang/Object; @ 94 c2
Event: 31.105 Thread 0x0000015f79a49490 DEOPT PACKING pc=0x0000015f2500ee14 sp=0x0000004958ffef00
Event: 31.105 Thread 0x0000015f79a49490 DEOPT UNPACKING pc=0x0000015f24523aa2 sp=0x0000004958ffeda0 mode 2
Event: 31.114 Thread 0x0000015f79a49490 DEOPT PACKING pc=0x0000015f1d99082e sp=0x0000004958ffed90
Event: 31.114 Thread 0x0000015f79a49490 DEOPT UNPACKING pc=0x0000015f24524242 sp=0x0000004958ffe2e8 mode 0
Event: 31.147 Thread 0x0000015f79a49490 Uncommon trap: trap_request=0xffffff45 fr.pc=0x0000015f25240c04 relative=0x0000000000000644
Event: 31.147 Thread 0x0000015f79a49490 Uncommon trap: reason=unstable_if action=reinterpret pc=0x0000015f25240c04 method=java.util.ImmutableCollections$AbstractImmutableList.equals(Ljava/lang/Object;)Z @ 2 c2
Event: 31.147 Thread 0x0000015f79a49490 DEOPT PACKING pc=0x0000015f25240c04 sp=0x0000004958ffe750
Event: 31.147 Thread 0x0000015f79a49490 DEOPT UNPACKING pc=0x0000015f24523aa2 sp=0x0000004958ffe6f0 mode 2

Classes loaded (20 events):
Event: 31.148 Loading class sun/util/locale/provider/TimeZoneNameProviderImpl done
Event: 31.148 Loading class sun/util/cldr/CLDRTimeZoneNameProviderImpl done
Event: 31.150 Loading class sun/util/locale/provider/BaseLocaleDataMetaInfo
Event: 31.151 Loading class sun/util/locale/provider/BaseLocaleDataMetaInfo done
Event: 31.153 Loading class sun/util/resources/cldr/TimeZoneNames
Event: 31.154 Loading class sun/util/resources/TimeZoneNamesBundle
Event: 31.154 Loading class sun/util/resources/OpenListResourceBundle
Event: 31.154 Loading class sun/util/resources/OpenListResourceBundle done
Event: 31.154 Loading class sun/util/resources/TimeZoneNamesBundle done
Event: 31.154 Loading class sun/util/resources/cldr/TimeZoneNames done
Event: 31.154 Loading class sun/util/resources/cldr/TimeZoneNames_en
Event: 31.155 Loading class sun/util/resources/cldr/TimeZoneNames_en done
Event: 31.155 Loading class sun/util/resources/cldr/TimeZoneNames_en_US
Event: 31.155 Loading class sun/util/resources/cldr/TimeZoneNames_en_US done
Event: 31.157 Loading class sun/util/cldr/CLDRBaseLocaleDataMetaInfo$TZCanonicalIDMapHolder
Event: 31.158 Loading class sun/util/cldr/CLDRBaseLocaleDataMetaInfo$TZCanonicalIDMapHolder done
Event: 31.159 Loading class sun/util/resources/TimeZoneNames
Event: 31.161 Loading class sun/util/resources/TimeZoneNames done
Event: 31.161 Loading class sun/util/resources/TimeZoneNames_en
Event: 31.161 Loading class sun/util/resources/TimeZoneNames_en done

Classes unloaded (9 events):
Event: 3.024 Thread 0x0000015f19ebf950 Unloading class 0x0000015f321aa400 'java/lang/invoke/LambdaForm$MH+0x0000015f321aa400'
Event: 3.024 Thread 0x0000015f19ebf950 Unloading class 0x0000015f321aa000 'java/lang/invoke/LambdaForm$MH+0x0000015f321aa000'
Event: 3.024 Thread 0x0000015f19ebf950 Unloading class 0x0000015f321a9c00 'java/lang/invoke/LambdaForm$MH+0x0000015f321a9c00'
Event: 3.024 Thread 0x0000015f19ebf950 Unloading class 0x0000015f321a9800 'java/lang/invoke/LambdaForm$MH+0x0000015f321a9800'
Event: 3.024 Thread 0x0000015f19ebf950 Unloading class 0x0000015f321a9400 'java/lang/invoke/LambdaForm$BMH+0x0000015f321a9400'
Event: 3.024 Thread 0x0000015f19ebf950 Unloading class 0x0000015f321a9000 'java/lang/invoke/LambdaForm$DMH+0x0000015f321a9000'
Event: 3.024 Thread 0x0000015f19ebf950 Unloading class 0x0000015f321a8000 'java/lang/invoke/LambdaForm$DMH+0x0000015f321a8000'
Event: 10.688 Thread 0x0000015f19ebf950 Unloading class 0x0000015f32609c00 'java/lang/invoke/LambdaForm$DMH+0x0000015f32609c00'
Event: 10.688 Thread 0x0000015f19ebf950 Unloading class 0x0000015f32609800 'java/lang/invoke/LambdaForm$DMH+0x0000015f32609800'

Classes redefined (0 events):
No events

Internal exceptions (20 events):
Event: 9.539 Thread 0x0000015f79dec570 Exception <a 'sun/nio/fs/WindowsException'{0x00000000d61e2668}> (0x00000000d61e2668) 
thrown [s\src\hotspot\share\prims\jni.cpp, line 520]
Event: 9.539 Thread 0x0000015f79dec570 Exception <a 'sun/nio/fs/WindowsException'{0x00000000d61e2b50}> (0x00000000d61e2b50) 
thrown [s\src\hotspot\share\prims\jni.cpp, line 520]
Event: 9.545 Thread 0x0000015f79dec570 Exception <a 'sun/nio/fs/WindowsException'{0x00000000d6201648}> (0x00000000d6201648) 
thrown [s\src\hotspot\share\prims\jni.cpp, line 520]
Event: 9.545 Thread 0x0000015f79dec570 Exception <a 'sun/nio/fs/WindowsException'{0x00000000d6201de0}> (0x00000000d6201de0) 
thrown [s\src\hotspot\share\prims\jni.cpp, line 520]
Event: 9.680 Thread 0x0000015f79dec570 Exception <a 'sun/nio/fs/WindowsException'{0x00000000d561d448}> (0x00000000d561d448) 
thrown [s\src\hotspot\share\prims\jni.cpp, line 520]
Event: 9.680 Thread 0x0000015f79dec570 Exception <a 'sun/nio/fs/WindowsException'{0x00000000d561d930}> (0x00000000d561d930) 
thrown [s\src\hotspot\share\prims\jni.cpp, line 520]
Event: 9.680 Thread 0x0000015f79dec570 Exception <a 'sun/nio/fs/WindowsException'{0x00000000d561e210}> (0x00000000d561e210) 
thrown [s\src\hotspot\share\prims\jni.cpp, line 520]
Event: 9.680 Thread 0x0000015f79dec570 Exception <a 'sun/nio/fs/WindowsException'{0x00000000d561e6f8}> (0x00000000d561e6f8) 
thrown [s\src\hotspot\share\prims\jni.cpp, line 520]
Event: 9.680 Thread 0x0000015f79dec570 Exception <a 'sun/nio/fs/WindowsException'{0x00000000d561fa68}> (0x00000000d561fa68) 
thrown [s\src\hotspot\share\prims\jni.cpp, line 520]
Event: 9.681 Thread 0x0000015f79dec570 Exception <a 'sun/nio/fs/WindowsException'{0x00000000d561ff50}> (0x00000000d561ff50) 
thrown [s\src\hotspot\share\prims\jni.cpp, line 520]
Event: 9.683 Thread 0x0000015f79dec570 Exception <a 'sun/nio/fs/WindowsException'{0x00000000d563ea48}> (0x00000000d563ea48) 
thrown [s\src\hotspot\share\prims\jni.cpp, line 520]
Event: 9.683 Thread 0x0000015f79dec570 Exception <a 'sun/nio/fs/WindowsException'{0x00000000d563f1e0}> (0x00000000d563f1e0) 
thrown [s\src\hotspot\share\prims\jni.cpp, line 520]
Event: 9.853 Thread 0x0000015f7e55daa0 Implicit null exception at 0x0000015f24cd2904 to 0x0000015f24cd3740
Event: 10.566 Thread 0x0000015f79dec570 Exception <a 'java/lang/NoSuchMethodError'{0x00000000d5978288}: 'void java.lang.invoke.DelegatingMethodHandle$Holder.reinvoke_L(java.lang.Object, java.lang.Object, java.lang.Object, int, java.lang.Object, int, int)'> (0x00000000d5978288) 
thrown [s\src\hotspot\share\interpreter\linkResolver.cpp, line 773]
Event: 10.584 Thread 0x0000015f79dec570 Exception <a 'java/lang/NoSuchMethodError'{0x00000000d5aed800}: 'java.lang.Object java.lang.invoke.DirectMethodHandle$Holder.invokeStatic(java.lang.Object, java.lang.Object, int, int)'> (0x00000000d5aed800) 
thrown [s\src\hotspot\share\interpreter\linkResolver.cpp, line 773]
Event: 10.584 Thread 0x0000015f79dec570 Exception <a 'java/lang/NoSuchMethodError'{0x00000000d5af1860}: 'java.lang.Object java.lang.invoke.DirectMethodHandle$Holder.invokeSpecial(java.lang.Object, java.lang.Object, java.lang.Object, int, int)'> (0x00000000d5af1860) 
thrown [s\src\hotspot\share\interpreter\linkResolver.cpp, line 773]
Event: 10.640 Thread 0x0000015f79dec570 Exception <a 'java/lang/NoSuchMethodError'{0x00000000d5f22a28}: 'java.lang.Object java.lang.invoke.DirectMethodHandle$Holder.invokeStatic(java.lang.Object, java.lang.Object, int, java.lang.Object)'> (0x00000000d5f22a28) 
thrown [s\src\hotspot\share\interpreter\linkResolver.cpp, line 773]
Event: 10.640 Thread 0x0000015f79dec570 Exception <a 'java/lang/NoSuchMethodError'{0x00000000d5f29058}: 'java.lang.Object java.lang.invoke.DirectMethodHandle$Holder.newInvokeSpecial(java.lang.Object, java.lang.Object, int)'> (0x00000000d5f29058) 
thrown [s\src\hotspot\share\interpreter\linkResolver.cpp, line 773]
Event: 10.650 Thread 0x0000015f79dec570 Implicit null exception at 0x0000015f252c1dad to 0x0000015f252c1eae
Event: 11.075 Thread 0x0000015f79dec570 Implicit null exception at 0x0000015f252c0e25 to 0x0000015f252c11cc

ZGC Phase Switch (0 events):
No events

VM Operations (20 events):
Event: 10.852 Executing VM operation: ParallelGCFailedAllocation (Allocation Failure)
Event: 10.853 Executing VM operation: ParallelGCFailedAllocation (Allocation Failure) done
Event: 10.955 Executing VM operation: ParallelGCFailedAllocation (Allocation Failure)
Event: 10.956 Executing VM operation: ParallelGCFailedAllocation (Allocation Failure) done
Event: 11.000 Executing VM operation: HandshakeAllThreads (Deoptimize)
Event: 11.000 Executing VM operation: HandshakeAllThreads (Deoptimize) done
Event: 11.296 Executing VM operation: ICBufferFull
Event: 11.296 Executing VM operation: ICBufferFull done
Event: 11.387 Executing VM operation: ParallelGCFailedAllocation (Allocation Failure)
Event: 11.390 Executing VM operation: ParallelGCFailedAllocation (Allocation Failure) done
Event: 12.390 Executing VM operation: Cleanup
Event: 12.390 Executing VM operation: Cleanup done
Event: 13.392 Executing VM operation: Cleanup
Event: 13.392 Executing VM operation: Cleanup done
Event: 31.515 Executing VM operation: Cleanup
Event: 31.515 Executing VM operation: Cleanup done
Event: 60.102 Executing VM operation: HandshakeAllThreads (HandshakeForDeflation)
Event: 60.102 Executing VM operation: HandshakeAllThreads (HandshakeForDeflation) done
Event: 60.102 Executing VM operation: RendezvousGCThreads
Event: 60.102 Executing VM operation: RendezvousGCThreads done

Memory protections (0 events):
No events

Nmethod flushes (20 events):
Event: 10.706 Thread 0x0000015f19ebf950 flushing  nmethod 0x0000015f1da6da10
Event: 10.706 Thread 0x0000015f19ebf950 flushing  nmethod 0x0000015f1da75c10
Event: 10.706 Thread 0x0000015f19ebf950 flushing  nmethod 0x0000015f1da78490
Event: 10.706 Thread 0x0000015f19ebf950 flushing  nmethod 0x0000015f1da92990
Event: 10.706 Thread 0x0000015f19ebf950 flushing  nmethod 0x0000015f1da94390
Event: 10.706 Thread 0x0000015f19ebf950 flushing  nmethod 0x0000015f1da94990
Event: 10.706 Thread 0x0000015f19ebf950 flushing  nmethod 0x0000015f1da95090
Event: 10.706 Thread 0x0000015f19ebf950 flushing  nmethod 0x0000015f1da95910
Event: 10.706 Thread 0x0000015f19ebf950 flushing  nmethod 0x0000015f1da99110
Event: 10.706 Thread 0x0000015f19ebf950 flushing  nmethod 0x0000015f1daa3090
Event: 10.706 Thread 0x0000015f19ebf950 flushing  nmethod 0x0000015f1daaa810
Event: 10.706 Thread 0x0000015f19ebf950 flushing  nmethod 0x0000015f1daf3890
Event: 10.706 Thread 0x0000015f19ebf950 flushing  nmethod 0x0000015f1db56d90
Event: 10.706 Thread 0x0000015f19ebf950 flushing  nmethod 0x0000015f1db75910
Event: 10.706 Thread 0x0000015f19ebf950 flushing  nmethod 0x0000015f1db76310
Event: 10.706 Thread 0x0000015f19ebf950 flushing  nmethod 0x0000015f1db77c10
Event: 10.706 Thread 0x0000015f19ebf950 flushing  nmethod 0x0000015f1db7a110
Event: 10.706 Thread 0x0000015f19ebf950 flushing  nmethod 0x0000015f1db7c890
Event: 10.706 Thread 0x0000015f19ebf950 flushing  nmethod 0x0000015f1db7cd10
Event: 10.706 Thread 0x0000015f19ebf950 flushing  nmethod 0x0000015f1db86790

Events (20 events):
Event: 27.241 Thread 0x0000015f73648ba0 Thread exited: 0x0000015f73648ba0
Event: 27.417 Thread 0x0000015f790d3160 Thread exited: 0x0000015f790d3160
Event: 27.758 Thread 0x0000015f735e0520 Thread exited: 0x0000015f735e0520
Event: 31.095 Thread 0x0000015f19edb800 Thread added: 0x0000015f7364bb50
Event: 31.096 Thread 0x0000015f7364bb50 Thread added: 0x0000015f736484d0
Event: 31.099 Thread 0x0000015f7364bb50 Thread added: 0x0000015f7364adb0
Event: 31.114 Thread 0x0000015f19ed4840 Thread added: 0x0000015f73648ba0
Event: 31.117 Thread 0x0000015f736484d0 Thread added: 0x0000015f7364b480
Event: 31.117 Thread 0x0000015f736484d0 Thread added: 0x0000015f7364c220
Event: 36.167 Thread 0x0000015f736484d0 Thread exited: 0x0000015f736484d0
Event: 36.182 Thread 0x0000015f7364c220 Thread exited: 0x0000015f7364c220
Event: 41.169 Thread 0x0000015f7364b480 Thread exited: 0x0000015f7364b480
Event: 41.169 Thread 0x0000015f7364bb50 Thread exited: 0x0000015f7364bb50
Event: 41.567 Thread 0x0000015f73648ba0 Thread exited: 0x0000015f73648ba0
Event: 46.202 Thread 0x0000015f7364adb0 Thread exited: 0x0000015f7364adb0
Event: 69.815 Thread 0x0000015f79de9780 Thread exited: 0x0000015f79de9780
Event: 69.831 Thread 0x0000015f79deb850 Thread exited: 0x0000015f79deb850
Event: 69.857 Thread 0x0000015f7e55daa0 Thread exited: 0x0000015f7e55daa0
Event: 129.858 Thread 0x0000015f7e558be0 Thread exited: 0x0000015f7e558be0
Event: 189.860 Thread 0x0000015f7e55cd80 Thread exited: 0x0000015f7e55cd80


Dynamic libraries:
0x00007ff714d70000 - 0x00007ff714d7e000 	c:\Users\Administrator\.windsurf\extensions\redhat.java-1.45.0-win32-x64\jre\21.0.8-win32-x86_64\bin\java.exe
0x00007ffe583a0000 - 0x00007ffe58605000 	C:\WINDOWS\SYSTEM32\ntdll.dll
0x00007ffe576f0000 - 0x00007ffe577b9000 	C:\WINDOWS\System32\KERNEL32.DLL
0x00007ffe554f0000 - 0x00007ffe558d8000 	C:\WINDOWS\System32\KERNELBASE.dll
0x00007ffe55a60000 - 0x00007ffe55bab000 	C:\WINDOWS\System32\ucrtbase.dll
0x00007ffe4b360000 - 0x00007ffe4b37e000 	c:\Users\Administrator\.windsurf\extensions\redhat.java-1.45.0-win32-x64\jre\21.0.8-win32-x86_64\bin\VCRUNTIME140.dll
0x00007ffe4b970000 - 0x00007ffe4b988000 	c:\Users\Administrator\.windsurf\extensions\redhat.java-1.45.0-win32-x64\jre\21.0.8-win32-x86_64\bin\jli.dll
0x00007ffe57480000 - 0x00007ffe5764a000 	C:\WINDOWS\System32\USER32.dll
0x00007ffe36ef0000 - 0x00007ffe3718a000 	C:\WINDOWS\WinSxS\amd64_microsoft.windows.common-controls_6595b64144ccf1df_6.0.26100.4202_none_3e0698d4e335f517\COMCTL32.dll
0x00007ffe56110000 - 0x00007ffe56137000 	C:\WINDOWS\System32\win32u.dll
0x00007ffe57e70000 - 0x00007ffe57f19000 	C:\WINDOWS\System32\msvcrt.dll
0x00007ffe56c40000 - 0x00007ffe56c6b000 	C:\WINDOWS\System32\GDI32.dll
0x00007ffe55c50000 - 0x00007ffe55d87000 	C:\WINDOWS\System32\gdi32full.dll
0x00007ffe55ee0000 - 0x00007ffe55f83000 	C:\WINDOWS\System32\msvcp_win.dll
0x00007ffe57bd0000 - 0x00007ffe57c00000 	C:\WINDOWS\System32\IMM32.DLL
0x00007ffe4e230000 - 0x00007ffe4e23c000 	c:\Users\Administrator\.windsurf\extensions\redhat.java-1.45.0-win32-x64\jre\21.0.8-win32-x86_64\bin\vcruntime140_1.dll
0x00007ffdf0f80000 - 0x00007ffdf100d000 	c:\Users\Administrator\.windsurf\extensions\redhat.java-1.45.0-win32-x64\jre\21.0.8-win32-x86_64\bin\msvcp140.dll
0x00007ffda96a0000 - 0x00007ffdaa437000 	c:\Users\Administrator\.windsurf\extensions\redhat.java-1.45.0-win32-x64\jre\21.0.8-win32-x86_64\bin\server\jvm.dll
0x00007ffe582a0000 - 0x00007ffe58353000 	C:\WINDOWS\System32\ADVAPI32.dll
0x00007ffe57260000 - 0x00007ffe57306000 	C:\WINDOWS\System32\sechost.dll
0x00007ffe58010000 - 0x00007ffe58125000 	C:\WINDOWS\System32\RPCRT4.dll
0x00007ffe57670000 - 0x00007ffe576e4000 	C:\WINDOWS\System32\WS2_32.dll
0x00007ffe54d50000 - 0x00007ffe54dae000 	C:\WINDOWS\SYSTEM32\POWRPROF.dll
0x00007ffe40a70000 - 0x00007ffe40aa5000 	C:\WINDOWS\SYSTEM32\WINMM.dll
0x00007ffe452c0000 - 0x00007ffe452cb000 	C:\WINDOWS\SYSTEM32\VERSION.dll
0x00007ffe54d30000 - 0x00007ffe54d44000 	C:\WINDOWS\SYSTEM32\UMPDC.dll
0x00007ffe54270000 - 0x00007ffe5428b000 	C:\WINDOWS\SYSTEM32\kernel.appcore.dll
0x00007ffe4e150000 - 0x00007ffe4e15a000 	c:\Users\Administrator\.windsurf\extensions\redhat.java-1.45.0-win32-x64\jre\21.0.8-win32-x86_64\bin\jimage.dll
0x00007ffe52880000 - 0x00007ffe52ac1000 	C:\WINDOWS\SYSTEM32\DBGHELP.DLL
0x00007ffe577c0000 - 0x00007ffe57b45000 	C:\WINDOWS\System32\combase.dll
0x00007ffe57f20000 - 0x00007ffe58001000 	C:\WINDOWS\System32\OLEAUT32.dll
0x00007ffe2f820000 - 0x00007ffe2f859000 	C:\WINDOWS\SYSTEM32\dbgcore.DLL
0x00007ffe55bb0000 - 0x00007ffe55c49000 	C:\WINDOWS\System32\bcryptPrimitives.dll
0x00007ffe4be40000 - 0x00007ffe4be4f000 	c:\Users\Administrator\.windsurf\extensions\redhat.java-1.45.0-win32-x64\jre\21.0.8-win32-x86_64\bin\instrument.dll
0x00007ffe345c0000 - 0x00007ffe345df000 	c:\Users\Administrator\.windsurf\extensions\redhat.java-1.45.0-win32-x64\jre\21.0.8-win32-x86_64\bin\java.dll
0x00007ffe56320000 - 0x00007ffe56a62000 	C:\WINDOWS\System32\SHELL32.dll
0x00007ffe55f90000 - 0x00007ffe56104000 	C:\WINDOWS\System32\wintypes.dll
0x00007ffe53130000 - 0x00007ffe53988000 	C:\WINDOWS\SYSTEM32\windows.storage.dll
0x00007ffe56a80000 - 0x00007ffe56b71000 	C:\WINDOWS\System32\SHCORE.dll
0x00007ffe58130000 - 0x00007ffe5819a000 	C:\WINDOWS\System32\shlwapi.dll
0x00007ffe55400000 - 0x00007ffe5542f000 	C:\WINDOWS\SYSTEM32\profapi.dll
0x00007ffe345a0000 - 0x00007ffe345b8000 	c:\Users\Administrator\.windsurf\extensions\redhat.java-1.45.0-win32-x64\jre\21.0.8-win32-x86_64\bin\zip.dll
0x00007ffe3e730000 - 0x00007ffe3e740000 	C:\Users\Administrator\.windsurf\extensions\redhat.java-1.45.0-win32-x64\jre\21.0.8-win32-x86_64\bin\net.dll
0x00007ffe4bf70000 - 0x00007ffe4c08e000 	C:\WINDOWS\SYSTEM32\WINHTTP.dll
0x00007ffe547c0000 - 0x00007ffe5482a000 	C:\WINDOWS\system32\mswsock.dll
0x00007ffe33ac0000 - 0x00007ffe33ad6000 	C:\Users\Administrator\.windsurf\extensions\redhat.java-1.45.0-win32-x64\jre\21.0.8-win32-x86_64\bin\nio.dll
0x00007ffe38500000 - 0x00007ffe38510000 	c:\Users\Administrator\.windsurf\extensions\redhat.java-1.45.0-win32-x64\jre\21.0.8-win32-x86_64\bin\verify.dll
0x00007ffe114b0000 - 0x00007ffe114f4000 	C:\Users\Administrator\AppData\Roaming\Windsurf\User\globalStorage\redhat.java\1.45.0\config_win\org.eclipse.equinox.launcher\org.eclipse.equinox.launcher.win32.win32.x86_64_1.2.1400.v20250801-0854\eclipse_11916.dll
0x00007ffe56170000 - 0x00007ffe5630e000 	C:\WINDOWS\System32\ole32.dll
0x00007ffe54ba0000 - 0x00007ffe54bbb000 	C:\WINDOWS\SYSTEM32\CRYPTSP.dll
0x00007ffe541d0000 - 0x00007ffe5420a000 	C:\WINDOWS\system32\rsaenh.dll
0x00007ffe54860000 - 0x00007ffe5488b000 	C:\WINDOWS\SYSTEM32\USERENV.dll
0x00007ffe553d0000 - 0x00007ffe553f6000 	C:\WINDOWS\SYSTEM32\bcrypt.dll
0x00007ffe54a00000 - 0x00007ffe54a0c000 	C:\WINDOWS\SYSTEM32\CRYPTBASE.dll
0x00007ffe53c80000 - 0x00007ffe53cb3000 	C:\WINDOWS\SYSTEM32\IPHLPAPI.DLL
0x00007ffe56d70000 - 0x00007ffe56d7a000 	C:\WINDOWS\System32\NSI.dll
0x00007ffdf9e30000 - 0x00007ffdf9e79000 	C:\Users\Administrator\AppData\Local\Temp\jna-146731693\jna18312193587772172934.dll
0x00007ffe56a70000 - 0x00007ffe56a78000 	C:\WINDOWS\System32\PSAPI.DLL
0x00007ffe4c9e0000 - 0x00007ffe4c9ff000 	C:\WINDOWS\SYSTEM32\dhcpcsvc6.DLL
0x00007ffe4c9b0000 - 0x00007ffe4c9d5000 	C:\WINDOWS\SYSTEM32\dhcpcsvc.DLL

JVMTI agents:
c:\Users\Administrator\.windsurf\extensions\redhat.java-1.45.0-win32-x64\lombok\lombok-1.18.39-4050.jar path:c:\Users\Administrator\.windsurf\extensions\redhat.java-1.45.0-win32-x64\jre\21.0.8-win32-x86_64\bin\instrument.dll, loaded, initialized, instrumentlib options:none

dbghelp: loaded successfully - version: 4.0.5 - missing functions: none
symbol engine: initialized successfully - sym options: 0x614 - pdb path: .;c:\Users\Administrator\.windsurf\extensions\redhat.java-1.45.0-win32-x64\jre\21.0.8-win32-x86_64\bin;C:\WINDOWS\SYSTEM32;C:\WINDOWS\WinSxS\amd64_microsoft.windows.common-controls_6595b64144ccf1df_6.0.26100.4202_none_3e0698d4e335f517;c:\Users\Administrator\.windsurf\extensions\redhat.java-1.45.0-win32-x64\jre\21.0.8-win32-x86_64\bin\server;C:\Users\Administrator\AppData\Roaming\Windsurf\User\globalStorage\redhat.java\1.45.0\config_win\org.eclipse.equinox.launcher\org.eclipse.equinox.launcher.win32.win32.x86_64_1.2.1400.v20250801-0854;C:\Users\Administrator\AppData\Local\Temp\jna-146731693

VM Arguments:
jvm_args: --add-modules=ALL-SYSTEM --add-opens=java.base/java.util=ALL-UNNAMED --add-opens=java.base/java.lang=ALL-UNNAMED --add-opens=java.base/sun.nio.fs=ALL-UNNAMED -Declipse.application=org.eclipse.jdt.ls.core.id1 -Dosgi.bundles.defaultStartLevel=4 -Declipse.product=org.eclipse.jdt.ls.core.product -Djava.import.generatesMetadataFilesAtProjectRoot=false -DDetectVMInstallationsJob.disabled=true -Dfile.encoding=utf8 -XX:+UseParallelGC -XX:GCTimeRatio=4 -XX:AdaptiveSizePolicyWeight=90 -Dsun.zip.disableMemoryMapping=true -Xmx2G -Xms100m -Xlog:disable -javaagent:c:\Users\Administrator\.windsurf\extensions\redhat.java-1.45.0-win32-x64\lombok\lombok-1.18.39-4050.jar -XX:+HeapDumpOnOutOfMemoryError -XX:HeapDumpPath=c:\Users\Administrator\AppData\Roaming\Windsurf\User\workspaceStorage\36ce390dab02e965a489977d07a55338\redhat.java -Daether.dependencyCollector.impl=bf 
java_command: c:\Users\Administrator\.windsurf\extensions\redhat.java-1.45.0-win32-x64\server\plugins\org.eclipse.equinox.launcher_1.7.0.v20250519-0528.jar -configuration c:\Users\Administrator\AppData\Roaming\Windsurf\User\globalStorage\redhat.java\1.45.0\config_win -data c:\Users\Administrator\AppData\Roaming\Windsurf\User\workspaceStorage\36ce390dab02e965a489977d07a55338\redhat.java\jdt_ws --pipe=\\.\pipe\lsp-c16c03f26bcb13d73aac5b805dfa4ae4-sock
java_class_path (initial): c:\Users\Administrator\.windsurf\extensions\redhat.java-1.45.0-win32-x64\server\plugins\org.eclipse.equinox.launcher_1.7.0.v20250519-0528.jar
Launcher Type: SUN_STANDARD

[Global flags]
    uintx AdaptiveSizePolicyWeight                 = 90                                        {product} {command line}
     intx CICompilerCount                          = 12                                        {product} {ergonomic}
    uintx GCTimeRatio                              = 4                                         {product} {command line}
     bool HeapDumpOnOutOfMemoryError               = true                                   {manageable} {command line}
    ccstr HeapDumpPath                             = c:\Users\Administrator\AppData\Roaming\Windsurf\User\workspaceStorage\36ce390dab02e965a489977d07a55338\redhat.java         {manageable} {command line}
   size_t InitialHeapSize                          = 104857600                                 {product} {command line}
   size_t MaxHeapSize                              = 2147483648                                {product} {command line}
   size_t MaxNewSize                               = 715653120                                 {product} {ergonomic}
   size_t MinHeapDeltaBytes                        = 524288                                    {product} {ergonomic}
   size_t MinHeapSize                              = 104857600                                 {product} {command line}
   size_t NewSize                                  = 34603008                                  {product} {ergonomic}
    uintx NonNMethodCodeHeapSize                   = 7602480                                {pd product} {ergonomic}
    uintx NonProfiledCodeHeapSize                  = 122027880                              {pd product} {ergonomic}
   size_t OldSize                                  = 70254592                                  {product} {ergonomic}
    uintx ProfiledCodeHeapSize                     = 122027880                              {pd product} {ergonomic}
    uintx ReservedCodeCacheSize                    = 251658240                              {pd product} {ergonomic}
     bool SegmentedCodeCache                       = true                                      {product} {ergonomic}
   size_t SoftMaxHeapSize                          = 2147483648                             {manageable} {ergonomic}
     bool UseCompressedOops                        = true                           {product lp64_product} {ergonomic}
     bool UseLargePagesIndividualAllocation        = false                                  {pd product} {ergonomic}
     bool UseParallelGC                            = true                                      {product} {command line}

Logging:
Log output configuration:
 #0: stdout all=off uptime,level,tags foldmultilines=false
 #1: stderr all=off uptime,level,tags foldmultilines=false

Environment Variables:
JAVA_HOME=E:\jdk21
PATH=E:\tools\VMware\bin\;E:\jdk21\bin;c:\Users\Administrator\AppData\Local\Programs\cursor\resources\app\bin;E:\tools\apache-maven-3.9.8\bin;E:\tools\Git\bin;C:\WINDOWS\system32;C:\WINDOWS;C:\WINDOWS\System32\Wbem;C:\WINDOWS\System32\WindowsPowerShell\v1.0\;C:\WINDOWS\System32\OpenSSH\;D:\software\mysql-5.7.24-winx64\mysql-5.7.24-winx64\bin;C:\Users\Administrator\AppData\Local\Microsoft\WindowsApps;E:\WebProject\VScode\bin;C:\Users\Administrator\AppData\Local\Programs\cursor\resources\app\bin;c:\Users\Administrator\AppData\Local\Programs\cursor\resources\app\bin;E:\tools\nodejs\;E:\tools\web\dll;E:\tools\Anaconda3;E:\tools\Anaconda3\Scripts;E:\tools\Anaconda3\Library\bin;E:\tools\Anaconda3\Library\mingw-w64\bin;E:\tools\Anaconda3\Library\usr\bin;;e:\tools\cursor\resources\app\bin;C:\Program Files\Docker\Docker\resources\bin;E:\SoftWare\cursor\resources\app\bin;C:\Users\Administrator\AppData\Local\Microsoft\WindowsApps;E:\jdk21\bin;;E:\WebProject\VScode\bin;E:\Webs\tools\Microsoft VS Code\bin;C:\Users\Administrator\AppData\Roaming\npm;D:\SoftWare\cpolar\;E:\tools\PyCharm 2025.1.3\bin;;E:\SoftWare\Windsurf\bin
USERNAME=Administrator
OS=Windows_NT
PROCESSOR_IDENTIFIER=Intel64 Family 6 Model 165 Stepping 2, GenuineIntel
TMP=C:\Users\ADMINI~1\AppData\Local\Temp
TEMP=C:\Users\ADMINI~1\AppData\Local\Temp




Periodic native trim disabled

---------------  S Y S T E M  ---------------

OS:
 Windows 11 , 64 bit Build 26100 (10.0.26100.4202)
OS uptime: 0 days 17:47 hours
Hyper-V role detected

CPU: total 16 (initial active 16) (8 cores per cpu, 2 threads per core) family 6 model 165 stepping 2 microcode 0xf8, cx8, cmov, fxsr, ht, mmx, 3dnowpref, sse, sse2, sse3, ssse3, sse4.1, sse4.2, popcnt, lzcnt, tsc, tscinvbit, avx, avx2, aes, erms, clmul, bmi1, bmi2, adx, fma, vzeroupper, clflush, clflushopt, hv, rdtscp, f16c
Processor Information for the first 16 processors :
  Max Mhz: 2208, Current Mhz: 2208, Mhz Limit: 2208

Memory: 4k page, system-wide physical 16159M (1832M free)
TotalPageFile size 34308M (AvailPageFile size 3M)
current process WorkingSet (physical memory assigned to process): 274M, peak: 502M
current process commit charge ("private bytes"): 360M, peak: 596M

vm_info: OpenJDK 64-Bit Server VM (21.0.8+9-LTS) for windows-amd64 JRE (21.0.8+9-LTS), built on 2025-07-15T00:00:00Z by "admin" with MS VC++ 17.7 (VS2022)

END.
