#
# There is insufficient memory for the Java Runtime Environment to continue.
# Native memory allocation (mmap) failed to map 102760448 bytes for G1 virtual space
# Possible reasons:
#   The system is out of physical RAM or swap space
#   The process is running with CompressedOops enabled, and the Java Heap may be blocking the growth of the native heap
# Possible solutions:
#   Reduce memory load on the system
#   Increase physical memory or swap space
#   Check if swap backing store is full
#   Decrease Java heap size (-Xmx/-Xms)
#   Decrease number of Java threads
#   Decrease Java thread stack sizes (-Xss)
#   Set larger code cache with -XX:ReservedCodeCacheSize=
#   JVM is running with Zero Based Compressed Oops mode in which the Java heap is
#     placed in the first 32GB address space. The Java Heap base address is the
#     maximum limit for the native heap growth. Please use -XX:HeapBaseMinAddress
#     to set the Java Heap base and to place the Java Heap above 32GB virtual address.
# This output file may be truncated or incomplete.
#
#  Out of Memory Error (os_windows.cpp:3600), pid=12816, tid=27812
#
# JRE version: Java(TM) SE Runtime Environment (21.0.2+13) (build 21.0.2+13-LTS-58)
# Java VM: Java HotSpot(TM) 64-Bit Server VM (21.0.2+13-LTS-58, mixed mode, emulated-client, sharing, tiered, compressed oops, compressed class ptrs, g1 gc, windows-amd64)
# No core dump will be written. Minidumps are not enabled by default on client versions of Windows
#

---------------  S U M M A R Y ------------

Command Line: -XX:TieredStopAtLevel=1 -Dspring.output.ansi.enabled=always -Dcom.sun.management.jmxremote -Dspring.jmx.enabled=true -Dspring.liveBeansView.mbeanDomain -Dspring.application.admin.enabled=true -Dmanagement.endpoints.jmx.exposure.include=* -javaagent:C:\Users\Administrator\IntelliJ IDEA 2024.2\lib\idea_rt.jar=63233:C:\Users\Administrator\IntelliJ IDEA 2024.2\bin -Dfile.encoding=UTF-8 -Dsun.stdout.encoding=UTF-8 -Dsun.stderr.encoding=UTF-8 com.hospital.hospitalserver.HospitalServerApplication

Host: Intel(R) Core(TM) i7-10870H CPU @ 2.20GHz, 16 cores, 15G,  Windows 11 , 64 bit Build 26100 (10.0.26100.4202)
Time: Mon Sep 22 16:44:08 2025  Windows 11 , 64 bit Build 26100 (10.0.26100.4202) elapsed time: 5086.319779 seconds (0d 1h 24m 46s)

---------------  T H R E A D  ---------------

Current thread (0x0000011fe41e3e80):  VMThread "VM Thread"          [id=27812, stack(0x0000001184500000,0x0000001184600000) (1024K)]

Stack: [0x0000001184500000,0x0000001184600000]
Native frames: (J=compiled Java code, j=interpreted, Vv=VM code, C=native code)
V  [jvm.dll+0x6cade9]
V  [jvm.dll+0x8569c1]
V  [jvm.dll+0x858d2e]
V  [jvm.dll+0x859413]
V  [jvm.dll+0x280e56]
V  [jvm.dll+0x6c74d5]
V  [jvm.dll+0x6bbeca]
V  [jvm.dll+0x355bca]
V  [jvm.dll+0x35d816]
V  [jvm.dll+0x3ae67e]
V  [jvm.dll+0x3ae928]
V  [jvm.dll+0x3295dc]
V  [jvm.dll+0x329667]
V  [jvm.dll+0x36df1c]
V  [jvm.dll+0x36c71d]
V  [jvm.dll+0x328d51]
V  [jvm.dll+0x36be2a]
V  [jvm.dll+0x85ef18]
V  [jvm.dll+0x860014]
V  [jvm.dll+0x860550]
V  [jvm.dll+0x8607f3]
V  [jvm.dll+0x7ff568]
V  [jvm.dll+0x6c953d]
C  [ucrtbase.dll+0x37b0]
C  [KERNEL32.DLL+0x2e8d7]
C  [ntdll.dll+0x3c34c]

VM_Operation (0x00000011878f7f00): G1CollectForAllocation, mode: safepoint, requested by thread 0x0000011feb6da580


---------------  P R O C E S S  ---------------

Threads class SMR info:
_java_thread_list=0x0000011fe99e7320, length=52, elements={
0x0000011fe4209d10, 0x0000011fe420a970, 0x0000011fe42134a0, 0x0000011fe42154d0,
0x0000011fe4216c50, 0x0000011fe42183d0, 0x0000011fe421bb60, 0x0000011fe90c0180,
0x0000011fe93fd8e0, 0x0000011fe965dfc0, 0x0000011fea1ba8d0, 0x0000011feaa6ff80,
0x0000011feaa726e0, 0x0000011fe95336a0, 0x0000011fe9533d30, 0x0000011fe9534a50,
0x0000011fe95343c0, 0x0000011fe9532980, 0x0000011fe95350e0, 0x0000011fe9535770,
0x0000011fe95322f0, 0x0000011fe9536490, 0x0000011fe95371b0, 0x0000011fe9539280,
0x0000011fe9537840, 0x0000011fe9536b20, 0x0000011fe9538bf0, 0x0000011feaa70610,
0x0000011feaa70ca0, 0x0000011feaa72050, 0x0000011feaa71330, 0x0000011fe9535e00,
0x0000011feaa719c0, 0x0000011fe9537ed0, 0x0000011feaa6f260, 0x0000011fe9538560,
0x0000011feb0a9aa0, 0x0000011feb0aa130, 0x0000011feb0aae50, 0x0000011feb0aa7c0,
0x0000011feb0a9410, 0x0000011fe95c8710, 0x0000011feb293e40, 0x0000011feb3cb780,
0x0000011fe90df9f0, 0x0000011fea3ad010, 0x0000011feb17ff50, 0x0000011feb6d7e20,
0x0000011feb6da580, 0x0000011feb6db930, 0x0000011feb6dac10, 0x0000011feb6db2a0
}

Java Threads: ( => current thread )
  0x0000011fe4209d10 JavaThread "Reference Handler"          daemon [_thread_blocked, id=6364, stack(0x0000001184600000,0x0000001184700000) (1024K)]
  0x0000011fe420a970 JavaThread "Finalizer"                  daemon [_thread_blocked, id=24612, stack(0x0000001184700000,0x0000001184800000) (1024K)]
  0x0000011fe42134a0 JavaThread "Signal Dispatcher"          daemon [_thread_blocked, id=26568, stack(0x0000001184800000,0x0000001184900000) (1024K)]
  0x0000011fe42154d0 JavaThread "Attach Listener"            daemon [_thread_blocked, id=18908, stack(0x0000001184900000,0x0000001184a00000) (1024K)]
  0x0000011fe4216c50 JavaThread "Service Thread"             daemon [_thread_blocked, id=16628, stack(0x0000001184a00000,0x0000001184b00000) (1024K)]
  0x0000011fe42183d0 JavaThread "Monitor Deflation Thread"   daemon [_thread_blocked, id=28636, stack(0x0000001184b00000,0x0000001184c00000) (1024K)]
  0x0000011fe421bb60 JavaThread "C1 CompilerThread0"         daemon [_thread_blocked, id=19140, stack(0x0000001184c00000,0x0000001184d00000) (1024K)]
  0x0000011fe90c0180 JavaThread "Common-Cleaner"             daemon [_thread_blocked, id=13756, stack(0x0000001184e00000,0x0000001184f00000) (1024K)]
  0x0000011fe93fd8e0 JavaThread "Notification Thread"        daemon [_thread_blocked, id=20192, stack(0x0000001185000000,0x0000001185100000) (1024K)]
  0x0000011fe965dfc0 JavaThread "RMI TCP Accept-0"           daemon [_thread_in_native, id=700, stack(0x0000001185300000,0x0000001185400000) (1024K)]
  0x0000011fea1ba8d0 JavaThread "RMI Scheduler(0)"           daemon [_thread_blocked, id=5080, stack(0x0000001186800000,0x0000001186900000) (1024K)]
  0x0000011feaa6ff80 JavaThread "mysql-cj-abandoned-connection-cleanup" daemon [_thread_blocked, id=7700, stack(0x0000001186c00000,0x0000001186d00000) (1024K)]
  0x0000011feaa726e0 JavaThread "Live Reload Server"         daemon [_thread_in_native, id=17436, stack(0x0000001186e00000,0x0000001186f00000) (1024K)]
  0x0000011fe95336a0 JavaThread "DestroyJavaVM"                     [_thread_blocked, id=26044, stack(0x0000001183e00000,0x0000001183f00000) (1024K)]
  0x0000011fe9533d30 JavaThread "File Watcher"               daemon [_thread_blocked, id=25180, stack(0x0000001183c00000,0x0000001183d00000) (1024K)]
  0x0000011fe9534a50 JavaThread "File Watcher"               daemon [_thread_blocked, id=23692, stack(0x0000001185100000,0x0000001185200000) (1024K)]
  0x0000011fe95343c0 JavaThread "File Watcher"               daemon [_thread_blocked, id=25684, stack(0x0000001184d00000,0x0000001184e00000) (1024K)]
  0x0000011fe9532980 JavaThread "File Watcher"               daemon [_thread_blocked, id=9200, stack(0x0000001185a00000,0x0000001185b00000) (1024K)]
  0x0000011fe95350e0 JavaThread "File Watcher"               daemon [_thread_blocked, id=25676, stack(0x0000001186100000,0x0000001186200000) (1024K)]
  0x0000011fe9535770 JavaThread "File Watcher"               daemon [_thread_blocked, id=20128, stack(0x0000001184f00000,0x0000001185000000) (1024K)]
  0x0000011fe95322f0 JavaThread "File Watcher"               daemon [_thread_blocked, id=14404, stack(0x0000001185200000,0x0000001185300000) (1024K)]
  0x0000011fe9536490 JavaThread "File Watcher"               daemon [_thread_blocked, id=7668, stack(0x0000001186200000,0x0000001186300000) (1024K)]
  0x0000011fe95371b0 JavaThread "File Watcher"               daemon [_thread_blocked, id=25340, stack(0x0000001185b00000,0x0000001185c00000) (1024K)]
  0x0000011fe9539280 JavaThread "File Watcher"               daemon [_thread_blocked, id=2244, stack(0x0000001186900000,0x0000001186a00000) (1024K)]
  0x0000011fe9537840 JavaThread "File Watcher"               daemon [_thread_blocked, id=26812, stack(0x0000001183d00000,0x0000001183e00000) (1024K)]
  0x0000011fe9536b20 JavaThread "File Watcher"               daemon [_thread_blocked, id=16736, stack(0x0000001186700000,0x0000001186800000) (1024K)]
  0x0000011fe9538bf0 JavaThread "File Watcher"               daemon [_thread_blocked, id=31356, stack(0x0000001186300000,0x0000001186400000) (1024K)]
  0x0000011feaa70610 JavaThread "File Watcher"               daemon [_thread_blocked, id=5040, stack(0x0000001186a00000,0x0000001186b00000) (1024K)]
  0x0000011feaa70ca0 JavaThread "File Watcher"               daemon [_thread_blocked, id=22736, stack(0x0000001186f00000,0x0000001187000000) (1024K)]
  0x0000011feaa72050 JavaThread "File Watcher"               daemon [_thread_blocked, id=24828, stack(0x0000001186b00000,0x0000001186c00000) (1024K)]
  0x0000011feaa71330 JavaThread "File Watcher"               daemon [_thread_blocked, id=33324, stack(0x0000001186d00000,0x0000001186e00000) (1024K)]
  0x0000011fe9535e00 JavaThread "File Watcher"               daemon [_thread_blocked, id=18800, stack(0x0000001187000000,0x0000001187100000) (1024K)]
  0x0000011feaa719c0 JavaThread "File Watcher"               daemon [_thread_blocked, id=5456, stack(0x0000001187200000,0x0000001187300000) (1024K)]
  0x0000011fe9537ed0 JavaThread "File Watcher"               daemon [_thread_blocked, id=28136, stack(0x0000001187100000,0x0000001187200000) (1024K)]
  0x0000011feaa6f260 JavaThread "File Watcher"               daemon [_thread_blocked, id=29836, stack(0x0000001187300000,0x0000001187400000) (1024K)]
  0x0000011fe9538560 JavaThread "File Watcher"               daemon [_thread_blocked, id=35104, stack(0x0000001187600000,0x0000001187700000) (1024K)]
  0x0000011feb0a9aa0 JavaThread "File Watcher"               daemon [_thread_blocked, id=17508, stack(0x0000001187700000,0x0000001187800000) (1024K)]
  0x0000011feb0aa130 JavaThread "File Watcher"               daemon [_thread_blocked, id=34548, stack(0x0000001187400000,0x0000001187500000) (1024K)]
  0x0000011feb0aae50 JavaThread "File Watcher"               daemon [_thread_blocked, id=25240, stack(0x0000001187500000,0x0000001187600000) (1024K)]
  0x0000011feb0aa7c0 JavaThread "File Watcher"               daemon [_thread_blocked, id=33860, stack(0x0000001187a00000,0x0000001187b00000) (1024K)]
  0x0000011feb0a9410 JavaThread "File Watcher"               daemon [_thread_blocked, id=4564, stack(0x0000001187c00000,0x0000001187d00000) (1024K)]
  0x0000011fe95c8710 JavaThread "C1 CompilerThread1"         daemon [_thread_blocked, id=17824, stack(0x0000001187f00000,0x0000001188000000) (1024K)]
  0x0000011feb293e40 JavaThread "C1 CompilerThread2"         daemon [_thread_blocked, id=11412, stack(0x0000001188000000,0x0000001188100000) (1024K)]
  0x0000011feb3cb780 JavaThread "C1 CompilerThread3"         daemon [_thread_blocked, id=19232, stack(0x0000001188100000,0x0000001188200000) (1024K)]
  0x0000011fe90df9f0 JavaThread "C1 CompilerThread4"         daemon [_thread_blocked, id=34584, stack(0x0000001188200000,0x0000001188300000) (1024K)]
  0x0000011fea3ad010 JavaThread "C1 CompilerThread5"         daemon [_thread_blocked, id=11840, stack(0x0000001188300000,0x0000001188400000) (1024K)]
  0x0000011feb17ff50 JavaThread "C1 CompilerThread6"         daemon [_thread_blocked, id=13208, stack(0x0000001188400000,0x0000001188500000) (1024K)]
  0x0000011feb6d7e20 JavaThread "Thread-102"                        [_thread_blocked, id=32124, stack(0x0000001183b00000,0x0000001183c00000) (1024K)]
  0x0000011feb6da580 JavaThread "restartedMain"                     [_thread_blocked, id=34672, stack(0x0000001187800000,0x0000001187900000) (1024K)]
  0x0000011feb6db930 JavaThread "Catalina-utility-1"                [_thread_blocked, id=27108, stack(0x0000001187900000,0x0000001187a00000) (1024K)]
  0x0000011feb6dac10 JavaThread "Catalina-utility-2"                [_thread_blocked, id=18008, stack(0x0000001187d00000,0x0000001187e00000) (1024K)]
  0x0000011feb6db2a0 JavaThread "container-26"                      [_thread_blocked, id=31928, stack(0x0000001187e00000,0x0000001187f00000) (1024K)]
Total: 52

Other Threads:
=>0x0000011fe41e3e80 VMThread "VM Thread"                           [id=27812, stack(0x0000001184500000,0x0000001184600000) (1024K)]
  0x0000011fe41cd320 WatcherThread "VM Periodic Task Thread"        [id=31264, stack(0x0000001184400000,0x0000001184500000) (1024K)]
  0x0000011fd0a7b7a0 WorkerThread "GC Thread#0"                     [id=31336, stack(0x0000001183f00000,0x0000001184000000) (1024K)]
  0x0000011fe9ab3bb0 WorkerThread "GC Thread#1"                     [id=6088, stack(0x0000001185400000,0x0000001185500000) (1024K)]
  0x0000011fe993d870 WorkerThread "GC Thread#2"                     [id=14044, stack(0x0000001185500000,0x0000001185600000) (1024K)]
  0x0000011fe993e020 WorkerThread "GC Thread#3"                     [id=19288, stack(0x0000001185600000,0x0000001185700000) (1024K)]
  0x0000011fe993e3c0 WorkerThread "GC Thread#4"                     [id=27868, stack(0x0000001185700000,0x0000001185800000) (1024K)]
  0x0000011fe993e760 WorkerThread "GC Thread#5"                     [id=28268, stack(0x0000001185800000,0x0000001185900000) (1024K)]
  0x0000011fe9ad5170 WorkerThread "GC Thread#6"                     [id=22160, stack(0x0000001185900000,0x0000001185a00000) (1024K)]
  0x0000011fea01ae20 WorkerThread "GC Thread#7"                     [id=34448, stack(0x0000001185d00000,0x0000001185e00000) (1024K)]
  0x0000011fe9f9ac80 WorkerThread "GC Thread#8"                     [id=27384, stack(0x0000001185e00000,0x0000001185f00000) (1024K)]
  0x0000011fea01f3e0 WorkerThread "GC Thread#9"                     [id=4440, stack(0x0000001185f00000,0x0000001186000000) (1024K)]
  0x0000011fea01f040 WorkerThread "GC Thread#10"                    [id=5412, stack(0x0000001186000000,0x0000001186100000) (1024K)]
  0x0000011fea01fec0 WorkerThread "GC Thread#11"                    [id=11872, stack(0x0000001186400000,0x0000001186500000) (1024K)]
  0x0000011fea01fb20 WorkerThread "GC Thread#12"                    [id=12452, stack(0x0000001185c00000,0x0000001185d00000) (1024K)]
  0x0000011fcefee3c0 ConcurrentGCThread "G1 Main Marker"            [id=18236, stack(0x0000001184000000,0x0000001184100000) (1024K)]
  0x0000011fcefeeb70 WorkerThread "G1 Conc#0"                       [id=15588, stack(0x0000001184100000,0x0000001184200000) (1024K)]
  0x0000011fea01f780 WorkerThread "G1 Conc#1"                       [id=10732, stack(0x0000001186500000,0x0000001186600000) (1024K)]
  0x0000011fea020260 WorkerThread "G1 Conc#2"                       [id=15768, stack(0x0000001186600000,0x0000001186700000) (1024K)]
  0x0000011fe40a1400 ConcurrentGCThread "G1 Refine#0"               [id=524, stack(0x0000001184200000,0x0000001184300000) (1024K)]
  0x0000011fe40a2c30 ConcurrentGCThread "G1 Service"                [id=22180, stack(0x0000001184300000,0x0000001184400000) (1024K)]
Total: 21

Threads with active compile tasks:
Total: 0

VM state: at safepoint (normal execution)

VM Mutex/Monitor currently owned by a thread:  ([mutex/lock_event])
[0x00007fff7271cd68] Threads_lock - owner thread: 0x0000011fe41e3e80
[0x00007fff7271ce68] Heap_lock - owner thread: 0x0000011feb6da580

Heap address: 0x0000000703800000, size: 4040 MB, Compressed Oops mode: Zero based, Oop shift amount: 3

CDS archive(s) mapped at: [0x0000011f80000000-0x0000011f80c90000-0x0000011f80c90000), size 13172736, SharedBaseAddress: 0x0000011f80000000, ArchiveRelocationMode: 1.
Compressed class space mapped at: 0x0000011f81000000-0x0000011fc1000000, reserved size: 1073741824
Narrow klass base: 0x0000011f80000000, Narrow klass shift: 0, Narrow klass range: 0x100000000

GC Precious Log:
 CardTable entry size: 512
 Card Set container configuration: InlinePtr #cards 4 size 8 Array Of Cards #cards 16 size 48 Howl #buckets 8 coarsen threshold 3686 Howl Bitmap #cards 512 size 80 coarsen threshold 460 Card regions per heap region 1 cards per card region 4096
 CPUs: 16 total, 16 available
 Memory: 16159M
 Large Page Support: Disabled
 NUMA Support: Disabled
 Compressed Oops: Enabled (Zero based)
 Heap Region Size: 2M
 Heap Min Capacity: 8M
 Heap Initial Capacity: 254M
 Heap Max Capacity: 4040M
 Pre-touch: Disabled
 Parallel Workers: 13
 Concurrent Workers: 3
 Concurrent Refinement Workers: 13
 Periodic GC: Disabled

Heap:
 garbage-first heap   total 61440K, used 21876K [0x0000000703800000, 0x0000000800000000)
  region size 2048K, 2 young (4096K), 2 survivors (4096K)
 Metaspace       used 43979K, committed 44736K, reserved 1114112K
  class space    used 5910K, committed 6208K, reserved 1048576K

Heap Regions: E=young(eden), S=young(survivor), O=old, HS=humongous(starts), HC=humongous(continues), CS=collection set, F=free, TAMS=top-at-mark-start, PB=parsable bottom
|   0|0x0000000703800000, 0x00000007039fffe8, 0x0000000703a00000| 99%| O|  |TAMS 0x00000007039fffe8| PB 0x0000000703800000| Untracked 
|   1|0x0000000703a00000, 0x0000000703c00000, 0x0000000703c00000|100%| O|  |TAMS 0x0000000703c00000| PB 0x0000000703a00000| Untracked 
|   2|0x0000000703c00000, 0x0000000703dfffe0, 0x0000000703e00000| 99%| O|  |TAMS 0x0000000703dfffe0| PB 0x0000000703c00000| Untracked 
|   3|0x0000000703e00000, 0x0000000704000000, 0x0000000704000000|100%| O|  |TAMS 0x0000000704000000| PB 0x0000000703e00000| Untracked 
|   4|0x0000000704000000, 0x00000007041fffe0, 0x0000000704200000| 99%| O|  |TAMS 0x00000007041fffe0| PB 0x0000000704000000| Untracked 
|   5|0x0000000704200000, 0x00000007043ffff0, 0x0000000704400000| 99%| O|  |TAMS 0x00000007043ffff0| PB 0x0000000704200000| Untracked 
|   6|0x0000000704400000, 0x00000007045ee9b0, 0x0000000704600000| 96%| O|  |TAMS 0x00000007045ee9b0| PB 0x0000000704400000| Untracked 
|   7|0x0000000704600000, 0x00000007047ffff0, 0x0000000704800000| 99%| O|  |TAMS 0x00000007047ffff0| PB 0x0000000704600000| Untracked 
|   8|0x0000000704800000, 0x00000007049fffe8, 0x0000000704a00000| 99%| O|  |TAMS 0x00000007049fffe8| PB 0x0000000704800000| Untracked 
|   9|0x0000000704a00000, 0x0000000704a00000, 0x0000000704c00000|  0%| F|  |TAMS 0x0000000704a00000| PB 0x0000000704a00000| Untracked 
|  10|0x0000000704c00000, 0x0000000704c55b38, 0x0000000704e00000| 16%| O|  |TAMS 0x0000000704c55b38| PB 0x0000000704c00000| Untracked 
|  11|0x0000000704e00000, 0x0000000704e00000, 0x0000000705000000|  0%| F|  |TAMS 0x0000000704e00000| PB 0x0000000704e00000| Untracked 
|  12|0x0000000705000000, 0x0000000705118e60, 0x0000000705200000| 54%| S|CS|TAMS 0x0000000705000000| PB 0x0000000705000000| Complete 
|  13|0x0000000705200000, 0x0000000705400000, 0x0000000705400000|100%| S|CS|TAMS 0x0000000705200000| PB 0x0000000705200000| Complete 
|  14|0x0000000705400000, 0x0000000705400000, 0x0000000705600000|  0%| F|  |TAMS 0x0000000705400000| PB 0x0000000705400000| Untracked 
|  15|0x0000000705600000, 0x0000000705600000, 0x0000000705800000|  0%| F|  |TAMS 0x0000000705600000| PB 0x0000000705600000| Untracked 
|  16|0x0000000705800000, 0x0000000705800000, 0x0000000705a00000|  0%| F|  |TAMS 0x0000000705800000| PB 0x0000000705800000| Untracked 
|  17|0x0000000705a00000, 0x0000000705a00000, 0x0000000705c00000|  0%| F|  |TAMS 0x0000000705a00000| PB 0x0000000705a00000| Untracked 
|  18|0x0000000705c00000, 0x0000000705c00000, 0x0000000705e00000|  0%| F|  |TAMS 0x0000000705c00000| PB 0x0000000705c00000| Untracked 
|  19|0x0000000705e00000, 0x0000000705e00000, 0x0000000706000000|  0%| F|  |TAMS 0x0000000705e00000| PB 0x0000000705e00000| Untracked 
|  20|0x0000000706000000, 0x0000000706000000, 0x0000000706200000|  0%| F|  |TAMS 0x0000000706000000| PB 0x0000000706000000| Untracked 
|  21|0x0000000706200000, 0x0000000706200000, 0x0000000706400000|  0%| F|  |TAMS 0x0000000706200000| PB 0x0000000706200000| Untracked 
|  22|0x0000000706400000, 0x0000000706400000, 0x0000000706600000|  0%| F|  |TAMS 0x0000000706400000| PB 0x0000000706400000| Untracked 
|  23|0x0000000706600000, 0x0000000706600000, 0x0000000706800000|  0%| F|  |TAMS 0x0000000706600000| PB 0x0000000706600000| Untracked 
|  24|0x0000000706800000, 0x0000000706800000, 0x0000000706a00000|  0%| F|  |TAMS 0x0000000706800000| PB 0x0000000706800000| Untracked 
|  25|0x0000000706a00000, 0x0000000706a00000, 0x0000000706c00000|  0%| F|  |TAMS 0x0000000706a00000| PB 0x0000000706a00000| Untracked 
|  26|0x0000000706c00000, 0x0000000706c00000, 0x0000000706e00000|  0%| F|  |TAMS 0x0000000706c00000| PB 0x0000000706c00000| Untracked 
|  27|0x0000000706e00000, 0x0000000706e00000, 0x0000000707000000|  0%| F|  |TAMS 0x0000000706e00000| PB 0x0000000706e00000| Untracked 
|  28|0x0000000707000000, 0x0000000707000000, 0x0000000707200000|  0%| F|  |TAMS 0x0000000707000000| PB 0x0000000707000000| Untracked 
|  29|0x0000000707200000, 0x0000000707200000, 0x0000000707400000|  0%| F|  |TAMS 0x0000000707200000| PB 0x0000000707200000| Untracked 

Card table byte_map: [0x0000011fdd510000,0x0000011fddd00000] _byte_map_base: 0x0000011fd9cf4000

Marking Bits: (CMBitMap*) 0x0000011fcefecfa0
 Bits: [0x0000011fddd00000, 0x0000011fe1c20000)

Polling page: 0x0000011fcf1c0000

Metaspace:

Usage:
  Non-class:     37.18 MB used.
      Class:      5.77 MB used.
       Both:     42.95 MB used.

Virtual space:
  Non-class space:       64.00 MB reserved,      37.62 MB ( 59%) committed,  1 nodes.
      Class space:        1.00 GB reserved,       6.06 MB ( <1%) committed,  1 nodes.
             Both:        1.06 GB reserved,      43.69 MB (  4%) committed. 

Chunk freelists:
   Non-Class:  10.04 MB
       Class:  9.91 MB
        Both:  19.95 MB

MaxMetaspaceSize: unlimited
CompressedClassSpaceSize: 1.00 GB
Initial GC threshold: 21.00 MB
Current GC threshold: 72.75 MB
CDS: on
 - commit_granule_bytes: 65536.
 - commit_granule_words: 8192.
 - virtual_space_node_default_size: 8388608.
 - enlarge_chunks_in_place: 1.
 - use_allocation_guard: 0.


Internal statistics:

num_allocs_failed_limit: 6.
num_arena_births: 1668.
num_arena_deaths: 940.
num_vsnodes_births: 2.
num_vsnodes_deaths: 0.
num_space_committed: 699.
num_space_uncommitted: 0.
num_chunks_returned_to_freelist: 1383.
num_chunks_taken_from_freelist: 3799.
num_chunk_merges: 205.
num_chunk_splits: 1916.
num_chunks_enlarged: 1216.
num_inconsistent_stats: 0.

CodeCache: size=49152Kb used=15721Kb max_used=15721Kb free=33430Kb
 bounds [0x0000011fd8f50000, 0x0000011fda0a0000, 0x0000011fdbf50000]
 total_blobs=6616 nmethods=5973 adapters=559
 compilation: enabled
              stopped_count=0, restarted_count=0
 full_count=0

Compilation events (20 events):
Event: 5083.180 Thread 0x0000011feb17ff50 nmethod 9918 0x0000011fd961f510 code [0x0000011fd961f6c0, 0x0000011fd961f7f8]
Event: 5083.180 Thread 0x0000011fe421bb60 nmethod 9913 0x0000011fd9683590 code [0x0000011fd96837a0, 0x0000011fd9683d30]
Event: 5083.180 Thread 0x0000011feb3cb780 nmethod 9914 0x0000011fd9406c90 code [0x0000011fd9406ec0, 0x0000011fd94072e0]
Event: 5083.180 Thread 0x0000011fea3ad010 nmethod 9917 0x0000011fd9406990 code [0x0000011fd9406b20, 0x0000011fd9406be8]
Event: 5083.180 Thread 0x0000011fea3ad010 9920       1       org.springframework.asm.Label::getCanonicalInstance (19 bytes)
Event: 5083.180 Thread 0x0000011fe95c8710 nmethod 9910 0x0000011fd9b34b90 code [0x0000011fd9b34de0, 0x0000011fd9b35ae8]
Event: 5083.180 Thread 0x0000011feb17ff50 9921       1       org.springframework.cglib.core.ClassEmitter$1::getType (5 bytes)
Event: 5083.180 Thread 0x0000011fea3ad010 nmethod 9920 0x0000011fd961da90 code [0x0000011fd961dc20, 0x0000011fd961dd08]
Event: 5083.180 Thread 0x0000011feb17ff50 nmethod 9921 0x0000011fd971f310 code [0x0000011fd971f4a0, 0x0000011fd971f570]
Event: 5083.181 Thread 0x0000011feb3cb780 9922       1       org.springframework.cglib.core.ClassEmitter::getClassType (8 bytes)
Event: 5083.181 Thread 0x0000011fe90df9f0 9923       1       org.springframework.asm.Frame::getInputStackSize (6 bytes)
Event: 5083.181 Thread 0x0000011feb3cb780 nmethod 9922 0x0000011fd9764490 code [0x0000011fd9764640, 0x0000011fd9764738]
Event: 5083.181 Thread 0x0000011feb293e40 nmethod 9912 0x0000011fd9934110 code [0x0000011fd99343a0, 0x0000011fd9934e18]
Event: 5083.181 Thread 0x0000011feb3cb780 9924       1       org.springframework.asm.AnnotationWriter::putAnnotations (67 bytes)
Event: 5083.181 Thread 0x0000011fe90df9f0 nmethod 9923 0x0000011fd9744b90 code [0x0000011fd9744d20, 0x0000011fd9744df8]
Event: 5083.181 Thread 0x0000011feb3cb780 nmethod 9924 0x0000011fd9933790 code [0x0000011fd99339a0, 0x0000011fd9933bf0]
Event: 5083.207 Thread 0x0000011feb3cb780 9925       1       java.lang.invoke.LambdaForm$MH/0x0000011f813f5400::invoke (35 bytes)
Event: 5083.207 Thread 0x0000011feb3cb780 nmethod 9925 0x0000011fd98f3e10 code [0x0000011fd98f3fe0, 0x0000011fd98f41b0]
Event: 5083.251 Thread 0x0000011fe90df9f0 9926       1       org.springframework.util.ClassUtils::findMethodCandidatesByName (68 bytes)
Event: 5083.251 Thread 0x0000011fe90df9f0 nmethod 9926 0x0000011fd9b34390 code [0x0000011fd9b345a0, 0x0000011fd9b34920]

GC Heap History (20 events):
Event: 4981.441 GC heap after
{Heap after GC invocations=63 (full 6):
 garbage-first heap   total 75776K, used 21950K [0x0000000703800000, 0x0000000800000000)
  region size 2048K, 1 young (2048K), 1 survivors (2048K)
 Metaspace       used 44112K, committed 44736K, reserved 1114112K
  class space    used 5936K, committed 6208K, reserved 1048576K
}
Event: 5026.110 GC heap before
{Heap before GC invocations=63 (full 6):
 garbage-first heap   total 75776K, used 62910K [0x0000000703800000, 0x0000000800000000)
  region size 2048K, 21 young (43008K), 1 survivors (2048K)
 Metaspace       used 44112K, committed 44736K, reserved 1114112K
  class space    used 5936K, committed 6208K, reserved 1048576K
}
Event: 5026.115 GC heap after
{Heap after GC invocations=64 (full 6):
 garbage-first heap   total 75776K, used 21868K [0x0000000703800000, 0x0000000800000000)
  region size 2048K, 1 young (2048K), 1 survivors (2048K)
 Metaspace       used 44112K, committed 44736K, reserved 1114112K
  class space    used 5936K, committed 6208K, reserved 1048576K
}
Event: 5061.537 GC heap before
{Heap before GC invocations=65 (full 6):
 garbage-first heap   total 75776K, used 54636K [0x0000000703800000, 0x0000000800000000)
  region size 2048K, 18 young (36864K), 1 survivors (2048K)
 Metaspace       used 44043K, committed 44736K, reserved 1114112K
  class space    used 5920K, committed 6208K, reserved 1048576K
}
Event: 5061.572 GC heap after
{Heap after GC invocations=66 (full 7):
 garbage-first heap   total 61440K, used 16388K [0x0000000703800000, 0x0000000800000000)
  region size 2048K, 0 young (0K), 0 survivors (0K)
 Metaspace       used 43635K, committed 44736K, reserved 1114112K
  class space    used 5837K, committed 6208K, reserved 1048576K
}
Event: 5061.918 GC heap before
{Heap before GC invocations=66 (full 7):
 garbage-first heap   total 61440K, used 51204K [0x0000000703800000, 0x0000000800000000)
  region size 2048K, 18 young (36864K), 0 survivors (0K)
 Metaspace       used 43790K, committed 44736K, reserved 1114112K
  class space    used 5875K, committed 6208K, reserved 1048576K
}
Event: 5061.923 GC heap after
{Heap after GC invocations=67 (full 7):
 garbage-first heap   total 61440K, used 20538K [0x0000000703800000, 0x0000000800000000)
  region size 2048K, 3 young (6144K), 3 survivors (6144K)
 Metaspace       used 43790K, committed 44736K, reserved 1114112K
  class space    used 5875K, committed 6208K, reserved 1048576K
}
Event: 5063.551 GC heap before
{Heap before GC invocations=68 (full 7):
 garbage-first heap   total 61440K, used 47162K [0x0000000703800000, 0x0000000800000000)
  region size 2048K, 16 young (32768K), 3 survivors (6144K)
 Metaspace       used 43868K, committed 44736K, reserved 1114112K
  class space    used 5892K, committed 6208K, reserved 1048576K
}
Event: 5063.554 GC heap after
{Heap after GC invocations=69 (full 7):
 garbage-first heap   total 61440K, used 20495K [0x0000000703800000, 0x0000000800000000)
  region size 2048K, 2 young (4096K), 2 survivors (4096K)
 Metaspace       used 43868K, committed 44736K, reserved 1114112K
  class space    used 5892K, committed 6208K, reserved 1048576K
}
Event: 5065.181 GC heap before
{Heap before GC invocations=69 (full 7):
 garbage-first heap   total 61440K, used 47119K [0x0000000703800000, 0x0000000800000000)
  region size 2048K, 16 young (32768K), 2 survivors (4096K)
 Metaspace       used 43920K, committed 44736K, reserved 1114112K
  class space    used 5900K, committed 6208K, reserved 1048576K
}
Event: 5065.183 GC heap after
{Heap after GC invocations=70 (full 7):
 garbage-first heap   total 61440K, used 19450K [0x0000000703800000, 0x0000000800000000)
  region size 2048K, 1 young (2048K), 1 survivors (2048K)
 Metaspace       used 43920K, committed 44736K, reserved 1114112K
  class space    used 5900K, committed 6208K, reserved 1048576K
}
Event: 5065.787 GC heap before
{Heap before GC invocations=70 (full 7):
 garbage-first heap   total 61440K, used 54266K [0x0000000703800000, 0x0000000800000000)
  region size 2048K, 18 young (36864K), 1 survivors (2048K)
 Metaspace       used 43982K, committed 44736K, reserved 1114112K
  class space    used 5912K, committed 6208K, reserved 1048576K
}
Event: 5065.790 GC heap after
{Heap after GC invocations=71 (full 7):
 garbage-first heap   total 61440K, used 20898K [0x0000000703800000, 0x0000000800000000)
  region size 2048K, 2 young (4096K), 2 survivors (4096K)
 Metaspace       used 43982K, committed 44736K, reserved 1114112K
  class space    used 5912K, committed 6208K, reserved 1048576K
}
Event: 5080.172 GC heap before
{Heap before GC invocations=72 (full 7):
 garbage-first heap   total 61440K, used 51618K [0x0000000703800000, 0x0000000800000000)
  region size 2048K, 17 young (34816K), 2 survivors (4096K)
 Metaspace       used 43988K, committed 44736K, reserved 1114112K
  class space    used 5914K, committed 6208K, reserved 1048576K
}
Event: 5080.174 GC heap after
{Heap after GC invocations=73 (full 7):
 garbage-first heap   total 61440K, used 20879K [0x0000000703800000, 0x0000000800000000)
  region size 2048K, 2 young (4096K), 2 survivors (4096K)
 Metaspace       used 43988K, committed 44736K, reserved 1114112K
  class space    used 5914K, committed 6208K, reserved 1048576K
}
Event: 5080.369 GC heap before
{Heap before GC invocations=73 (full 7):
 garbage-first heap   total 61440K, used 49551K [0x0000000703800000, 0x0000000800000000)
  region size 2048K, 17 young (34816K), 2 survivors (4096K)
 Metaspace       used 44068K, committed 44736K, reserved 1114112K
  class space    used 5931K, committed 6208K, reserved 1048576K
}
Event: 5080.371 GC heap after
{Heap after GC invocations=74 (full 7):
 garbage-first heap   total 61440K, used 22826K [0x0000000703800000, 0x0000000800000000)
  region size 2048K, 3 young (6144K), 3 survivors (6144K)
 Metaspace       used 44068K, committed 44736K, reserved 1114112K
  class space    used 5931K, committed 6208K, reserved 1048576K
}
Event: 5082.843 GC heap before
{Heap before GC invocations=74 (full 7):
 garbage-first heap   total 61440K, used 28970K [0x0000000703800000, 0x0000000800000000)
  region size 2048K, 7 young (14336K), 3 survivors (6144K)
 Metaspace       used 44075K, committed 44736K, reserved 1114112K
  class space    used 5932K, committed 6208K, reserved 1048576K
}
Event: 5082.875 GC heap after
{Heap after GC invocations=75 (full 8):
 garbage-first heap   total 61440K, used 18705K [0x0000000703800000, 0x0000000800000000)
  region size 2048K, 0 young (0K), 0 survivors (0K)
 Metaspace       used 43935K, committed 44736K, reserved 1114112K
  class space    used 5901K, committed 6208K, reserved 1048576K
}
Event: 5084.294 GC heap before
{Heap before GC invocations=75 (full 8):
 garbage-first heap   total 61440K, used 49425K [0x0000000703800000, 0x0000000800000000)
  region size 2048K, 16 young (32768K), 0 survivors (0K)
 Metaspace       used 43979K, committed 44736K, reserved 1114112K
  class space    used 5910K, committed 6208K, reserved 1048576K
}

Dll operation events (12 events):
Event: 0.018 Loaded shared library E:\jdk21\bin\java.dll
Event: 0.104 Loaded shared library E:\jdk21\bin\zip.dll
Event: 0.110 Loaded shared library E:\jdk21\bin\instrument.dll
Event: 0.113 Loaded shared library E:\jdk21\bin\net.dll
Event: 0.115 Loaded shared library E:\jdk21\bin\nio.dll
Event: 0.116 Loaded shared library E:\jdk21\bin\zip.dll
Event: 0.158 Loaded shared library C:\Users\Administrator\IntelliJ IDEA 2024.2\bin\breakgen64.dll
Event: 0.164 Loaded shared library E:\jdk21\bin\jimage.dll
Event: 0.168 Loaded shared library E:\jdk21\bin\extnet.dll
Event: 0.180 Loaded shared library E:\jdk21\bin\management.dll
Event: 0.194 Loaded shared library E:\jdk21\bin\management_ext.dll
Event: 1.235 Loaded shared library E:\jdk21\bin\sunmscapi.dll

Deoptimization events (0 events):
No events

Classes loaded (20 events):
Event: 3953.415 Loading class java/util/WeakHashMap$HashIterator done
Event: 3953.415 Loading class java/util/WeakHashMap$KeyIterator done
Event: 3953.479 Loading class java/lang/ref/Finalizer$2
Event: 3953.480 Loading class java/lang/ref/Finalizer$2 done
Event: 3953.480 Loading class java/lang/ref/Finalizer$1
Event: 3953.480 Loading class java/lang/ref/Finalizer$1 done
Event: 3953.928 Loading class java/util/WeakHashMap$EntrySet
Event: 3953.928 Loading class java/util/WeakHashMap$EntrySet done
Event: 3953.928 Loading class java/util/WeakHashMap$EntryIterator
Event: 3953.929 Loading class java/util/WeakHashMap$EntryIterator done
Event: 3954.229 Loading class jdk/internal/loader/BootLoader$PackageHelper
Event: 3954.229 Loading class jdk/internal/loader/BootLoader$PackageHelper done
Event: 4028.882 Loading class java/time/DurationEditor
Event: 4028.882 Loading class java/time/DurationEditor done
Event: 4414.745 Loading class java/lang/invoke/MethodHandleImpl$CountingWrapper$1
Event: 4414.745 Loading class java/lang/invoke/MethodHandleImpl$CountingWrapper$1 done
Event: 4756.238 Loading class java/time/DurationEditor
Event: 4756.238 Loading class java/time/DurationEditor done
Event: 5080.297 Loading class java/time/DurationEditor
Event: 5080.297 Loading class java/time/DurationEditor done

Classes unloaded (20 events):
Event: 5082.853 Thread 0x0000011fe41e3e80 Unloading class 0x0000011f8136d000 'java/lang/invoke/LambdaForm$MH+0x0000011f8136d000'
Event: 5082.853 Thread 0x0000011fe41e3e80 Unloading class 0x0000011f81369000 'java/lang/invoke/LambdaForm$MH+0x0000011f81369000'
Event: 5082.853 Thread 0x0000011fe41e3e80 Unloading class 0x0000011f8127b800 'java/lang/invoke/LambdaForm$MH+0x0000011f8127b800'
Event: 5082.853 Thread 0x0000011fe41e3e80 Unloading class 0x0000011f8126f400 'java/lang/invoke/LambdaForm$MH+0x0000011f8126f400'
Event: 5082.853 Thread 0x0000011fe41e3e80 Unloading class 0x0000011f811b2400 'java/lang/invoke/LambdaForm$MH+0x0000011f811b2400'
Event: 5082.853 Thread 0x0000011fe41e3e80 Unloading class 0x0000011f81190c00 'java/lang/invoke/LambdaForm$MH+0x0000011f81190c00'
Event: 5082.853 Thread 0x0000011fe41e3e80 Unloading class 0x0000011f810d5c00 'java/lang/invoke/LambdaForm$MH+0x0000011f810d5c00'
Event: 5082.853 Thread 0x0000011fe41e3e80 Unloading class 0x0000011f810d4c00 'java/lang/invoke/LambdaForm$MH+0x0000011f810d4c00'
Event: 5082.853 Thread 0x0000011fe41e3e80 Unloading class 0x0000011f81388800 'java/lang/invoke/LambdaForm$MH+0x0000011f81388800'
Event: 5082.853 Thread 0x0000011fe41e3e80 Unloading class 0x0000011f8136bc00 'java/lang/invoke/LambdaForm$MH+0x0000011f8136bc00'
Event: 5082.853 Thread 0x0000011fe41e3e80 Unloading class 0x0000011f81301400 'java/lang/invoke/LambdaForm$MH+0x0000011f81301400'
Event: 5082.853 Thread 0x0000011fe41e3e80 Unloading class 0x0000011f81364000 'java/lang/invoke/LambdaForm$MH+0x0000011f81364000'
Event: 5082.853 Thread 0x0000011fe41e3e80 Unloading class 0x0000011f8127b000 'java/lang/invoke/LambdaForm$MH+0x0000011f8127b000'
Event: 5082.853 Thread 0x0000011fe41e3e80 Unloading class 0x0000011f81398000 'java/lang/invoke/LambdaForm$MH+0x0000011f81398000'
Event: 5082.853 Thread 0x0000011fe41e3e80 Unloading class 0x0000011f813ac400 'java/lang/invoke/LambdaForm$MH+0x0000011f813ac400'
Event: 5082.853 Thread 0x0000011fe41e3e80 Unloading class 0x0000011f813ad800 'java/lang/invoke/LambdaForm$MH+0x0000011f813ad800'
Event: 5082.853 Thread 0x0000011fe41e3e80 Unloading class 0x0000011f81408400 'java/lang/invoke/LambdaForm$MH+0x0000011f81408400'
Event: 5082.853 Thread 0x0000011fe41e3e80 Unloading class 0x0000011f81414400 'java/lang/invoke/LambdaForm$MH+0x0000011f81414400'
Event: 5082.853 Thread 0x0000011fe41e3e80 Unloading class 0x0000011f814bc000 'java/lang/invoke/LambdaForm$MH+0x0000011f814bc000'
Event: 5082.853 Thread 0x0000011fe41e3e80 Unloading class 0x0000011f81538400 'java/lang/invoke/LambdaForm$MH+0x0000011f81538400'

Classes redefined (0 events):
No events

Internal exceptions (20 events):
Event: 5082.905 Thread 0x0000011feb6da580 Exception <a 'java/io/IOException'{0x0000000707118168}> (0x0000000707118168) 
thrown [s\open\src\hotspot\share\prims\jni.cpp, line 520]
Event: 5083.184 Thread 0x0000011feb6da580 Exception <a 'java/lang/NoClassDefFoundError'{0x0000000705f91f68}: org/flywaydb/core/Flyway> (0x0000000705f91f68) 
thrown [s\open\src\hotspot\share\oops\constantPool.cpp, line 871]
Event: 5083.184 Thread 0x0000011feb6da580 Exception <a 'java/lang/NoClassDefFoundError'{0x0000000705f925c8}: liquibase/integration/spring/SpringLiquibase> (0x0000000705f925c8) 
thrown [s\open\src\hotspot\share\oops\constantPool.cpp, line 871]
Event: 5083.186 Thread 0x0000011feb6da580 Exception <a 'java/lang/NoClassDefFoundError'{0x0000000705fb4fd8}: org/jooq/DSLContext> (0x0000000705fb4fd8) 
thrown [s\open\src\hotspot\share\oops\constantPool.cpp, line 871]
Event: 5083.186 Thread 0x0000011feb6da580 Exception <a 'java/lang/NoClassDefFoundError'{0x0000000705fb68e0}: jakarta/persistence/EntityManagerFactory> (0x0000000705fb68e0) 
thrown [s\open\src\hotspot\share\oops\constantPool.cpp, line 871]
Event: 5083.187 Thread 0x0000011feb6da580 Exception <a 'java/lang/NoClassDefFoundError'{0x0000000705feabc0}: org/springframework/batch/core/repository/JobRepository> (0x0000000705feabc0) 
thrown [s\open\src\hotspot\share\oops\constantPool.cpp, line 871]
Event: 5083.187 Thread 0x0000011feb6da580 Exception <a 'java/lang/NoClassDefFoundError'{0x0000000705feb218}: org/quartz/Scheduler> (0x0000000705feb218) 
thrown [s\open\src\hotspot\share\oops\constantPool.cpp, line 871]
Event: 5083.188 Thread 0x0000011feb6da580 Exception <a 'java/lang/NoClassDefFoundError'{0x0000000705feb928}: org/springframework/session/jdbc/JdbcIndexedSessionRepository> (0x0000000705feb928) 
thrown [s\open\src\hotspot\share\oops\constantPool.cpp, line 871]
Event: 5083.229 Thread 0x0000011feb6da580 Exception <a 'java/io/IOException'{0x0000000705926280}> (0x0000000705926280) 
thrown [s\open\src\hotspot\share\prims\jni.cpp, line 520]
Event: 5083.229 Thread 0x0000011feb6da580 Exception <a 'java/io/IOException'{0x0000000705926840}> (0x0000000705926840) 
thrown [s\open\src\hotspot\share\prims\jni.cpp, line 520]
Event: 5083.230 Thread 0x0000011feb6da580 Exception <a 'java/io/IOException'{0x0000000705932518}> (0x0000000705932518) 
thrown [s\open\src\hotspot\share\prims\jni.cpp, line 520]
Event: 5083.230 Thread 0x0000011feb6da580 Exception <a 'java/io/IOException'{0x0000000705932ad8}> (0x0000000705932ad8) 
thrown [s\open\src\hotspot\share\prims\jni.cpp, line 520]
Event: 5083.230 Thread 0x0000011feb6da580 Exception <a 'java/io/IOException'{0x0000000705934ed8}> (0x0000000705934ed8) 
thrown [s\open\src\hotspot\share\prims\jni.cpp, line 520]
Event: 5083.230 Thread 0x0000011feb6da580 Exception <a 'java/io/IOException'{0x0000000705935498}> (0x0000000705935498) 
thrown [s\open\src\hotspot\share\prims\jni.cpp, line 520]
Event: 5083.231 Thread 0x0000011feb6da580 Exception <a 'java/io/FileNotFoundException'{0x000000070594ba98}> (0x000000070594ba98) 
thrown [s\open\src\hotspot\share\prims\jni.cpp, line 520]
Event: 5083.241 Thread 0x0000011feb6da580 Exception <a 'java/io/IOException'{0x000000070563dcc8}> (0x000000070563dcc8) 
thrown [s\open\src\hotspot\share\prims\jni.cpp, line 520]
Event: 5083.241 Thread 0x0000011feb6da580 Exception <a 'java/io/IOException'{0x000000070563e538}> (0x000000070563e538) 
thrown [s\open\src\hotspot\share\prims\jni.cpp, line 520]
Event: 5083.241 Thread 0x0000011feb6da580 Exception <a 'java/io/IOException'{0x000000070563ff80}> (0x000000070563ff80) 
thrown [s\open\src\hotspot\share\prims\jni.cpp, line 520]
Event: 5083.241 Thread 0x0000011feb6da580 Exception <a 'java/io/IOException'{0x00000007056407f0}> (0x00000007056407f0) 
thrown [s\open\src\hotspot\share\prims\jni.cpp, line 520]
Event: 5083.247 Thread 0x0000011feb6da580 Exception <a 'java/io/FileNotFoundException'{0x00000007056b3828}> (0x00000007056b3828) 
thrown [s\open\src\hotspot\share\prims\jni.cpp, line 520]

ZGC Phase Switch (0 events):
No events

VM Operations (20 events):
Event: 5063.554 Executing VM operation: G1CollectForAllocation (G1 Evacuation Pause) done
Event: 5064.557 Executing VM operation: Cleanup
Event: 5064.557 Executing VM operation: Cleanup done
Event: 5065.181 Executing VM operation: G1CollectForAllocation (G1 Evacuation Pause)
Event: 5065.183 Executing VM operation: G1CollectForAllocation (G1 Evacuation Pause) done
Event: 5065.787 Executing VM operation: G1CollectForAllocation (G1 Evacuation Pause)
Event: 5065.790 Executing VM operation: G1CollectForAllocation (G1 Evacuation Pause) done
Event: 5065.801 Executing VM operation: G1PauseRemark
Event: 5065.807 Executing VM operation: G1PauseRemark done
Event: 5065.809 Executing VM operation: G1PauseCleanup
Event: 5065.810 Executing VM operation: G1PauseCleanup done
Event: 5080.172 Executing VM operation: G1CollectForAllocation (G1 Evacuation Pause)
Event: 5080.174 Executing VM operation: G1CollectForAllocation (G1 Evacuation Pause) done
Event: 5080.369 Executing VM operation: G1CollectForAllocation (G1 Evacuation Pause)
Event: 5080.371 Executing VM operation: G1CollectForAllocation (G1 Evacuation Pause) done
Event: 5082.843 Executing VM operation: G1CollectFull (System.gc())
Event: 5082.876 Executing VM operation: G1CollectFull (System.gc()) done
Event: 5083.878 Executing VM operation: Cleanup
Event: 5084.282 Executing VM operation: Cleanup done
Event: 5084.294 Executing VM operation: G1CollectForAllocation (G1 Evacuation Pause)

Events (20 events):
Event: 5082.860 Thread 0x0000011fe41e3e80 flushing nmethod 0x0000011fd971d410
Event: 5082.860 Thread 0x0000011fe41e3e80 flushing nmethod 0x0000011fd971b310
Event: 5082.860 Thread 0x0000011fe41e3e80 flushing nmethod 0x0000011fd9629610
Event: 5082.860 Thread 0x0000011fe41e3e80 flushing nmethod 0x0000011fd961f510
Event: 5082.860 Thread 0x0000011fe41e3e80 flushing nmethod 0x0000011fd961da90
Event: 5082.860 Thread 0x0000011fe41e3e80 flushing nmethod 0x0000011fd9614910
Event: 5082.860 Thread 0x0000011fe41e3e80 flushing nmethod 0x0000011fd95f3090
Event: 5082.860 Thread 0x0000011fe41e3e80 flushing nmethod 0x0000011fd9525210
Event: 5082.860 Thread 0x0000011fe41e3e80 flushing nmethod 0x0000011fd93ba390
Event: 5082.860 Thread 0x0000011fe41e3e80 flushing nmethod 0x0000011fd92d2b10
Event: 5082.860 Thread 0x0000011fe41e3e80 flushing nmethod 0x0000011fd9269d90
Event: 5082.860 Thread 0x0000011fe41e3e80 flushing nmethod 0x0000011fd90eac10
Event: 5082.876 Thread 0x0000011feb6d9ef0 Thread added: 0x0000011feb6d9ef0
Event: 5082.876 Thread 0x0000011feb6d9ef0 Thread exited: 0x0000011feb6d9ef0
Event: 5082.876 Thread 0x0000011feb6da580 Thread added: 0x0000011feb6da580
Event: 5083.030 Thread 0x0000011feb6d9860 Thread added: 0x0000011feb6d9860
Event: 5083.047 Thread 0x0000011feb6d9860 Thread exited: 0x0000011feb6d9860
Event: 5083.247 Thread 0x0000011feb6db930 Thread added: 0x0000011feb6db930
Event: 5083.247 Thread 0x0000011feb6dac10 Thread added: 0x0000011feb6dac10
Event: 5083.247 Thread 0x0000011feb6db2a0 Thread added: 0x0000011feb6db2a0


Dynamic libraries:
0x00007ff7d6ce0000 - 0x00007ff7d6cf0000 	E:\jdk21\bin\java.exe
0x00007fffe6120000 - 0x00007fffe6385000 	C:\WINDOWS\SYSTEM32\ntdll.dll
0x00007fffe4fc0000 - 0x00007fffe5089000 	C:\WINDOWS\System32\KERNEL32.DLL
0x00007fffe3990000 - 0x00007fffe3d78000 	C:\WINDOWS\System32\KERNELBASE.dll
0x00007fffe36c0000 - 0x00007fffe380b000 	C:\WINDOWS\System32\ucrtbase.dll
0x00007fffd2010000 - 0x00007fffd2029000 	E:\jdk21\bin\jli.dll
0x00007fffd1ff0000 - 0x00007fffd200b000 	E:\jdk21\bin\VCRUNTIME140.dll
0x00007fffe3ec0000 - 0x00007fffe3f73000 	C:\WINDOWS\System32\ADVAPI32.dll
0x00007fffe52a0000 - 0x00007fffe5349000 	C:\WINDOWS\System32\msvcrt.dll
0x00007fffe54c0000 - 0x00007fffe5566000 	C:\WINDOWS\System32\sechost.dll
0x00007fffe5ec0000 - 0x00007fffe5fd5000 	C:\WINDOWS\System32\RPCRT4.dll
0x00007fffe4cd0000 - 0x00007fffe4e9a000 	C:\WINDOWS\System32\USER32.dll
0x00007fffe2500000 - 0x00007fffe279a000 	C:\WINDOWS\WinSxS\amd64_microsoft.windows.common-controls_6595b64144ccf1df_6.0.26100.4202_none_3e0698d4e335f517\COMCTL32.dll
0x00007fffe3270000 - 0x00007fffe3297000 	C:\WINDOWS\System32\win32u.dll
0x00007fffe5390000 - 0x00007fffe53bb000 	C:\WINDOWS\System32\GDI32.dll
0x00007fffe32a0000 - 0x00007fffe33d7000 	C:\WINDOWS\System32\gdi32full.dll
0x00007fffe3e10000 - 0x00007fffe3eb3000 	C:\WINDOWS\System32\msvcp_win.dll
0x00007fffd28b0000 - 0x00007fffd28bb000 	C:\WINDOWS\SYSTEM32\VERSION.dll
0x00007fffe5350000 - 0x00007fffe5380000 	C:\WINDOWS\System32\IMM32.DLL
0x00007fffc10f0000 - 0x00007fffc10fc000 	E:\jdk21\bin\vcruntime140_1.dll
0x00007fffb3020000 - 0x00007fffb30ae000 	E:\jdk21\bin\msvcp140.dll
0x00007fff71ae0000 - 0x00007fff727f7000 	E:\jdk21\bin\server\jvm.dll
0x00007fffe3f80000 - 0x00007fffe3ff4000 	C:\WINDOWS\System32\WS2_32.dll
0x00007fffe2ad0000 - 0x00007fffe2b2e000 	C:\WINDOWS\SYSTEM32\POWRPROF.dll
0x00007fffcd5b0000 - 0x00007fffcd5e5000 	C:\WINDOWS\SYSTEM32\WINMM.dll
0x00007fffe27e0000 - 0x00007fffe27f4000 	C:\WINDOWS\SYSTEM32\UMPDC.dll
0x00007fffe16c0000 - 0x00007fffe16db000 	C:\WINDOWS\SYSTEM32\kernel.appcore.dll
0x00007fffde710000 - 0x00007fffde71a000 	E:\jdk21\bin\jimage.dll
0x00007fffe2b60000 - 0x00007fffe2da1000 	C:\WINDOWS\SYSTEM32\DBGHELP.DLL
0x00007fffe5b20000 - 0x00007fffe5ea5000 	C:\WINDOWS\System32\combase.dll
0x00007fffe5a00000 - 0x00007fffe5ae1000 	C:\WINDOWS\System32\OLEAUT32.dll
0x00007fffe29c0000 - 0x00007fffe29f9000 	C:\WINDOWS\SYSTEM32\dbgcore.DLL
0x00007fffe33e0000 - 0x00007fffe3479000 	C:\WINDOWS\System32\bcryptPrimitives.dll
0x00007fffdceb0000 - 0x00007fffdcebf000 	E:\jdk21\bin\instrument.dll
0x00007fffd1bb0000 - 0x00007fffd1bcf000 	E:\jdk21\bin\java.dll
0x00007fffe43f0000 - 0x00007fffe4b32000 	C:\WINDOWS\System32\SHELL32.dll
0x00007fffe3540000 - 0x00007fffe36b4000 	C:\WINDOWS\System32\wintypes.dll
0x00007fffe0430000 - 0x00007fffe0c88000 	C:\WINDOWS\SYSTEM32\windows.storage.dll
0x00007fffe5fe0000 - 0x00007fffe60d1000 	C:\WINDOWS\System32\SHCORE.dll
0x00007fffe53c0000 - 0x00007fffe542a000 	C:\WINDOWS\System32\shlwapi.dll
0x00007fffe3180000 - 0x00007fffe31af000 	C:\WINDOWS\SYSTEM32\profapi.dll
0x00007fffd0a50000 - 0x00007fffd0a68000 	E:\jdk21\bin\zip.dll
0x00007fffdad40000 - 0x00007fffdad50000 	E:\jdk21\bin\net.dll
0x00007fffda3a0000 - 0x00007fffda4be000 	C:\WINDOWS\SYSTEM32\WINHTTP.dll
0x00007fffe1bd0000 - 0x00007fffe1c3a000 	C:\WINDOWS\system32\mswsock.dll
0x00007fffd1b40000 - 0x00007fffd1b56000 	E:\jdk21\bin\nio.dll
0x00007fffdce70000 - 0x00007fffdce8a000 	C:\Users\Administrator\IntelliJ IDEA 2024.2\bin\breakgen64.dll
0x00007fffdab80000 - 0x00007fffdab89000 	E:\jdk21\bin\extnet.dll
0x00007fffe1200000 - 0x00007fffe1327000 	C:\WINDOWS\SYSTEM32\DNSAPI.dll
0x00007fffe1160000 - 0x00007fffe1193000 	C:\WINDOWS\SYSTEM32\IPHLPAPI.DLL
0x00007fffe4200000 - 0x00007fffe420a000 	C:\WINDOWS\System32\NSI.dll
0x00000000664d0000 - 0x00000000664f6000 	C:\Program Files\Bonjour\mdnsNSP.dll
0x00007fffdb070000 - 0x00007fffdb07b000 	C:\Windows\System32\rasadhlp.dll
0x00007fffd89c0000 - 0x00007fffd8a46000 	C:\WINDOWS\System32\fwpuclnt.dll
0x00007fffd26b0000 - 0x00007fffd26ba000 	E:\jdk21\bin\management.dll
0x00007fffd26a0000 - 0x00007fffd26ab000 	E:\jdk21\bin\management_ext.dll
0x00007fffe5430000 - 0x00007fffe5438000 	C:\WINDOWS\System32\PSAPI.DLL
0x00007fffe2eb0000 - 0x00007fffe2ecb000 	C:\WINDOWS\SYSTEM32\CRYPTSP.dll
0x00007fffe1ff0000 - 0x00007fffe202a000 	C:\WINDOWS\system32\rsaenh.dll
0x00007fffe1c40000 - 0x00007fffe1c6b000 	C:\WINDOWS\SYSTEM32\USERENV.dll
0x00007fffe3150000 - 0x00007fffe3176000 	C:\WINDOWS\SYSTEM32\bcrypt.dll
0x00007fffe1fe0000 - 0x00007fffe1fec000 	C:\WINDOWS\SYSTEM32\CRYPTBASE.dll
0x00007fffb90c0000 - 0x00007fffb90d8000 	C:\WINDOWS\system32\napinsp.dll
0x00007fffb9020000 - 0x00007fffb9032000 	C:\WINDOWS\System32\winrnr.dll
0x00007fffb8fb0000 - 0x00007fffb8fe0000 	C:\WINDOWS\system32\nlansp_c.dll
0x00007fffd97b0000 - 0x00007fffd97d0000 	C:\WINDOWS\system32\wshbth.dll
0x00007fffd09c0000 - 0x00007fffd09ce000 	E:\jdk21\bin\sunmscapi.dll
0x00007fffe3810000 - 0x00007fffe3987000 	C:\WINDOWS\System32\CRYPT32.dll
0x00007fffe23c0000 - 0x00007fffe23f0000 	C:\WINDOWS\SYSTEM32\ncrypt.dll
0x00007fffe22a0000 - 0x00007fffe22df000 	C:\WINDOWS\SYSTEM32\NTASN1.dll
0x00007fff5f4d0000 - 0x00007fff5f4d8000 	C:\WINDOWS\system32\wshunix.dll

dbghelp: loaded successfully - version: 4.0.5 - missing functions: none
symbol engine: initialized successfully - sym options: 0x614 - pdb path: .;E:\jdk21\bin;C:\WINDOWS\SYSTEM32;C:\WINDOWS\WinSxS\amd64_microsoft.windows.common-controls_6595b64144ccf1df_6.0.26100.4202_none_3e0698d4e335f517;E:\jdk21\bin\server;C:\Users\Administrator\IntelliJ IDEA 2024.2\bin;C:\Program Files\Bonjour

VM Arguments:
jvm_args: -XX:TieredStopAtLevel=1 -Dspring.output.ansi.enabled=always -Dcom.sun.management.jmxremote -Dspring.jmx.enabled=true -Dspring.liveBeansView.mbeanDomain -Dspring.application.admin.enabled=true -Dmanagement.endpoints.jmx.exposure.include=* -javaagent:C:\Users\Administrator\IntelliJ IDEA 2024.2\lib\idea_rt.jar=63233:C:\Users\Administrator\IntelliJ IDEA 2024.2\bin -Dfile.encoding=UTF-8 -Dsun.stdout.encoding=UTF-8 -Dsun.stderr.encoding=UTF-8 
java_command: com.hospital.hospitalserver.HospitalServerApplication
java_class_path (initial): E:\Projects\HospitalServer\target\classes;E:\Repository\IDEARepository\org\springframework\boot\spring-boot-starter-web\3.4.4\spring-boot-starter-web-3.4.4.jar;E:\Repository\IDEARepository\org\springframework\boot\spring-boot-starter\3.4.4\spring-boot-starter-3.4.4.jar;E:\Repository\IDEARepository\org\springframework\boot\spring-boot-starter-logging\3.4.4\spring-boot-starter-logging-3.4.4.jar;E:\Repository\IDEARepository\ch\qos\logback\logback-classic\1.5.18\logback-classic-1.5.18.jar;E:\Repository\IDEARepository\ch\qos\logback\logback-core\1.5.18\logback-core-1.5.18.jar;E:\Repository\IDEARepository\org\apache\logging\log4j\log4j-to-slf4j\2.24.3\log4j-to-slf4j-2.24.3.jar;E:\Repository\IDEARepository\org\apache\logging\log4j\log4j-api\2.24.3\log4j-api-2.24.3.jar;E:\Repository\IDEARepository\org\slf4j\jul-to-slf4j\2.0.17\jul-to-slf4j-2.0.17.jar;E:\Repository\IDEARepository\jakarta\annotation\jakarta.annotation-api\2.1.1\jakarta.annotation-api-2.1.1.jar;E:\Repository\IDEARepository\org\yaml\snakeyaml\2.3\snakeyaml-2.3.jar;E:\Repository\IDEARepository\org\springframework\boot\spring-boot-starter-json\3.4.4\spring-boot-starter-json-3.4.4.jar;E:\Repository\IDEARepository\com\fasterxml\jackson\datatype\jackson-datatype-jdk8\2.18.3\jackson-datatype-jdk8-2.18.3.jar;E:\Repository\IDEARepository\com\fasterxml\jackson\datatype\jackson-datatype-jsr310\2.18.3\jackson-datatype-jsr310-2.18.3.jar;E:\Repository\IDEARepository\com\fasterxml\jackson\module\jackson-module-parameter-names\2.18.3\jackson-module-parameter-names-2.18.3.jar;E:\Repository\IDEARepository\org\springframework\boot\spring-boot-starter-tomcat\3.4.4\spring-boot-starter-tomcat-3.4.4.jar;E:\Repository\IDEARepository\org\apache\tomcat\embed\tomcat-embed-core\10.1.39\tomcat-embed-core-10.1.39.jar;E:\Repository\IDEARepository\org\apache\tomcat\embed\tomcat-embed-el\10.1.39\tomcat-embed-el-10.1.39.jar;E:\Repository\IDEARepository\org\apache\tomcat\embed\tomcat-embed-websocket\10.1.39\tomcat-embed-websocket-10.1.39.jar;E:\Repository\IDEARepository\org\springframework\spring-web\6.2.5\spring-web-6.2.5.jar;E:\Repository\IDEARepository\org\springframework\spring-beans\6.2.5\spring-beans-6.2.5.jar;E:\Repository\IDEARepository\io\micrometer\micrometer-observation\1.14.5\micrometer-observation-1.14.5.jar;E:\Repository\IDEARepository\io\micrometer\micrometer-commons\1.14.5\micrometer-commons-1.14.5.jar;E:\Repository\IDEARepository\org\springframework\spring-webmvc\6.2.5\spring-webmvc-6.2.5.jar;E:\Repository\IDEARepository\org\springframework\spring-aop\6.2.5\spring-aop-6.2.5.jar;E:\Repository\IDEARepository\org\springframework\spring-context\6.2.5\spring-context-6.2.5.jar;E:\Repository\IDEARepository\org\springframework\spring-expression\6.2.5\spring-expression-6.2.5.jar;E:\Repository\IDEARepository\org\mybatis\spring\boot\mybatis-spring-boot-starter\3.0.5\mybatis-spring-boot-starter-3.0.5.jar;E:\Repository\IDEARepository\org\springframework\boot\spring-boot-starter-jdbc\3.4.4\spring-boot-starter-jdbc-3.4.4.jar;E:\Repository\IDEARepository\com\zaxxer\HikariCP\5.1.0\HikariCP-5.1.0.jar;E:\Repository\IDEARepository\org\springframework\spring-jdbc\6.2.5\spring-jdbc-6.2.5.jar;E:\Repository\IDEARepository\org\mybatis\spring\boot\mybatis-spring-boot-autoconfigure\3.0.5\mybatis-spring-boot-autoconfigure-3.0.5.jar;E:\Repository\IDEARepository\org\mybatis\mybatis\3.5.19\mybatis-3.5.19.jar;E:\Repository\IDEARepository\org\mybatis\mybatis-spring\3.0.5\mybatis-spring-3.0.5.jar;E:\Repository\IDEARepository\org\springframework\boot\spring-boot-devtools\3.4.4\spring-boot-devtools-3.4.4.jar;E:\Repository\IDEARepository\org\springframework\boot\spring-boot\3.4.4\spring-boot-3.4.4.jar;E:\Repository\IDEARepository\org\springframework\boot\spring-boot-autoconfigure\3.4.4\spring-boot-autoconfigure-3.4.4.jar;E:\Repository\IDEARepository\com\auth0\java-jwt\3.9.0\java-jwt-3.9.0.jar;E:\Repository\IDEARepository\com\fasterxml\jackson\core\jackson-databind\2.18.3\jackson-databind-2.18.3.jar;E:\Repository\IDEARepository\com\fasterxml\jackson\core\jackson-annotations\2.18.3\jackson-annotations-2.18.3.jar;E:\Repository\IDEARepository\com\fasterxml\jackson\core\jackson-core\2.18.3\jackson-core-2.18.3.jar;E:\Repository\IDEARepository\commons-codec\commons-codec\1.17.2\commons-codec-1.17.2.jar;E:\Repository\IDEARepository\org\json\json\20190722\json-20190722.jar;E:\Repository\IDEARepository\commons-lang\commons-lang\2.6\commons-lang-2.6.jar;E:\Repository\IDEARepository\com\mysql\mysql-connector-j\9.1.0\mysql-connector-j-9.1.0.jar;E:\Repository\IDEARepository\org\projectlombok\lombok\1.18.30\lombok-1.18.30.jar;E:\Repository\IDEARepository\cn\hutool\hutool-all\5.6.3\hutool-all-5.6.3.jar;E:\Repository\IDEARepository\org\slf4j\slf4j-api\2.0.17\slf4j-api-2.0.17.jar;E:\Repository\IDEARepository\org\springframework\spring-core\6.2.5\spring-core-6.2.5.jar;E:\Repository\IDEARepository\org\springframework\spring-jcl\6.2.5\spring-jcl-6.2.5.jar;E:\Repository\IDEARepository\org\springframework\spring-tx\6.2.5\spring-tx-6.2.5.jar;E:\Repository\IDEARepository\org\apache\logging\log4j\log4j-core\2.24.3\log4j-core-2.24.3.jar
Launcher Type: SUN_STANDARD

[Global flags]
     intx CICompilerCount                          = 12                                        {product} {ergonomic}
     uint ConcGCThreads                            = 3                                         {product} {ergonomic}
     uint G1ConcRefinementThreads                  = 13                                        {product} {ergonomic}
   size_t G1HeapRegionSize                         = 2097152                                   {product} {ergonomic}
    uintx GCDrainStackTargetSize                   = 64                                        {product} {ergonomic}
   size_t InitialHeapSize                          = 266338304                                 {product} {ergonomic}
     bool ManagementServer                         = true                                      {product} {command line}
   size_t MarkStackSize                            = 4194304                                   {product} {ergonomic}
   size_t MaxHeapSize                              = 4236247040                                {product} {ergonomic}
   size_t MaxNewSize                               = 2541748224                                {product} {ergonomic}
   size_t MinHeapDeltaBytes                        = 2097152                                   {product} {ergonomic}
   size_t MinHeapSize                              = 8388608                                   {product} {ergonomic}
    uintx NonNMethodCodeHeapSize                   = 4096                                   {pd product} {ergonomic}
    uintx NonProfiledCodeHeapSize                  = 0                                      {pd product} {ergonomic}
     bool ProfileInterpreter                       = false                                  {pd product} {command line}
    uintx ProfiledCodeHeapSize                     = 0                                      {pd product} {ergonomic}
   size_t SoftMaxHeapSize                          = 4236247040                             {manageable} {ergonomic}
     intx TieredStopAtLevel                        = 1                                         {product} {command line}
     bool UseCompressedOops                        = true                           {product lp64_product} {ergonomic}
     bool UseG1GC                                  = true                                      {product} {ergonomic}
     bool UseLargePagesIndividualAllocation        = false                                  {pd product} {ergonomic}

Logging:
Log output configuration:
 #0: stdout all=warning uptime,level,tags foldmultilines=false
 #1: stderr all=off uptime,level,tags foldmultilines=false

Environment Variables:
JAVA_HOME=E:\jdk21
PATH=E:\tools\VMware\bin\;E:\jdk21\bin;c:\Users\Administrator\AppData\Local\Programs\cursor\resources\app\bin;E:\tools\apache-maven-3.9.8\bin;E:\tools\Git\bin;C:\WINDOWS\system32;C:\WINDOWS;C:\WINDOWS\System32\Wbem;C:\WINDOWS\System32\WindowsPowerShell\v1.0\;C:\WINDOWS\System32\OpenSSH\;D:\software\mysql-5.7.24-winx64\mysql-5.7.24-winx64\bin;C:\Users\Administrator\AppData\Local\Microsoft\WindowsApps;E:\WebProject\VScode\bin;C:\Users\Administrator\AppData\Local\Programs\cursor\resources\app\bin;c:\Users\Administrator\AppData\Local\Programs\cursor\resources\app\bin;E:\tools\nodejs\;E:\tools\web\dll;E:\tools\Anaconda3;E:\tools\Anaconda3\Scripts;E:\tools\Anaconda3\Library\bin;E:\tools\Anaconda3\Library\mingw-w64\bin;E:\tools\Anaconda3\Library\usr\bin;;e:\tools\cursor\resources\app\bin;C:\Program Files\Docker\Docker\resources\bin;E:\SoftWare\cursor\resources\app\bin;C:\Users\Administrator\AppData\Local\Microsoft\WindowsApps;E:\jdk21\bin;;E:\WebProject\VScode\bin;E:\Webs\tools\Microsoft VS Code\bin;C:\Users\Administrator\AppData\Roaming\npm;D:\SoftWare\cpolar\;E:\tools\PyCharm 2025.1.3\bin;;E:\SoftWare\Windsurf\bin
USERNAME=Administrator
OS=Windows_NT
PROCESSOR_IDENTIFIER=Intel64 Family 6 Model 165 Stepping 2, GenuineIntel
TMP=C:\Users\ADMINI~1\AppData\Local\Temp
TEMP=C:\Users\ADMINI~1\AppData\Local\Temp




Periodic native trim disabled

---------------  S Y S T E M  ---------------

OS:
 Windows 11 , 64 bit Build 26100 (10.0.26100.4202)
OS uptime: 1 days 18:59 hours
Hyper-V role detected

CPU: total 16 (initial active 16) (8 cores per cpu, 2 threads per core) family 6 model 165 stepping 2 microcode 0xf8, cx8, cmov, fxsr, ht, mmx, 3dnowpref, sse, sse2, sse3, ssse3, sse4.1, sse4.2, popcnt, lzcnt, tsc, tscinvbit, avx, avx2, aes, erms, clmul, bmi1, bmi2, adx, fma, vzeroupper, clflush, clflushopt, hv, rdtscp, f16c
Processor Information for all 16 processors :
  Max Mhz: 2208, Current Mhz: 2208, Mhz Limit: 2208

Memory: 4k page, system-wide physical 16159M (1061M free)
TotalPageFile size 34308M (AvailPageFile size 0M)
current process WorkingSet (physical memory assigned to process): 164M, peak: 188M
current process commit charge ("private bytes"): 239M, peak: 378M

vm_info: Java HotSpot(TM) 64-Bit Server VM (21.0.2+13-LTS-58) for windows-amd64 JRE (21.0.2+13-LTS-58), built on 2024-01-05T18:32:24Z by "mach5one" with MS VC++ 17.1 (VS2022)

END.
