#
# There is insufficient memory for the Java Runtime Environment to continue.
# Native memory allocation (malloc) failed to allocate 32744 bytes for Chunk::new
# Possible reasons:
#   The system is out of physical RAM or swap space
#   The process is running with CompressedOops enabled, and the Java Heap may be blocking the growth of the native heap
# Possible solutions:
#   Reduce memory load on the system
#   Increase physical memory or swap space
#   Check if swap backing store is full
#   Decrease Java heap size (-Xmx/-Xms)
#   Decrease number of Java threads
#   Decrease Java thread stack sizes (-Xss)
#   Set larger code cache with -XX:ReservedCodeCacheSize=
#   JVM is running with Zero Based Compressed Oops mode in which the Java heap is
#     placed in the first 32GB address space. The Java Heap base address is the
#     maximum limit for the native heap growth. Please use -XX:HeapBaseMinAddress
#     to set the Java Heap base and to place the Java Heap above 32GB virtual address.
# This output file may be truncated or incomplete.
#
#  Out of Memory Error (arena.cpp:168), pid=35628, tid=5476
#
# JRE version: Java(TM) SE Runtime Environment (21.0.2+13) (build 21.0.2+13-LTS-58)
# Java VM: Java HotSpot(TM) 64-Bit Server VM (21.0.2+13-LTS-58, mixed mode, emulated-client, sharing, tiered, compressed oops, compressed class ptrs, g1 gc, windows-amd64)
# No core dump will be written. Minidumps are not enabled by default on client versions of Windows
#

---------------  S U M M A R Y ------------

Command Line: -XX:TieredStopAtLevel=1 -Dspring.output.ansi.enabled=always -Dcom.sun.management.jmxremote -Dspring.jmx.enabled=true -Dspring.liveBeansView.mbeanDomain -Dspring.application.admin.enabled=true -Dmanagement.endpoints.jmx.exposure.include=* -javaagent:C:\Users\Administrator\IntelliJ IDEA 2024.2\lib\idea_rt.jar=62485:C:\Users\Administrator\IntelliJ IDEA 2024.2\bin -Dfile.encoding=UTF-8 -Dsun.stdout.encoding=UTF-8 -Dsun.stderr.encoding=UTF-8 com.hospital.hospitalserver.HospitalServerApplication

Host: Intel(R) Core(TM) i7-10870H CPU @ 2.20GHz, 16 cores, 15G,  Windows 11 , 64 bit Build 26100 (10.0.26100.4202)
Time: Tue Sep 23 14:14:54 2025  Windows 11 , 64 bit Build 26100 (10.0.26100.4202) elapsed time: 806.697083 seconds (0d 0h 13m 26s)

---------------  T H R E A D  ---------------

Current thread (0x000001b4b4b2bc00):  JavaThread "C1 CompilerThread0" daemon [_thread_in_native, id=5476, stack(0x0000004f53b00000,0x0000004f53c00000) (1024K)]


Current CompileTask:
C1: 806697 8056       1       com.sun.org.apache.xerces.internal.impl.dtd.XMLDTDValidator::addDTDDefaultAttrsAndValidate (1031 bytes)

Stack: [0x0000004f53b00000,0x0000004f53c00000]
Native frames: (J=compiled Java code, j=interpreted, Vv=VM code, C=native code)
V  [jvm.dll+0x6cade9]
V  [jvm.dll+0x8569c1]
V  [jvm.dll+0x858d2e]
V  [jvm.dll+0x859413]
V  [jvm.dll+0x280e56]
V  [jvm.dll+0xc3f3d]
V  [jvm.dll+0xc4473]
V  [jvm.dll+0x198b34]
V  [jvm.dll+0x19b1de]
V  [jvm.dll+0x154953]
V  [jvm.dll+0x154208]
V  [jvm.dll+0x154444]
V  [jvm.dll+0x153886]
V  [jvm.dll+0x1555ed]
V  [jvm.dll+0x258859]
V  [jvm.dll+0x256e3a]
V  [jvm.dll+0x3ef6c6]
V  [jvm.dll+0x7ff568]
V  [jvm.dll+0x6c953d]
C  [ucrtbase.dll+0x37b0]
C  [KERNEL32.DLL+0x2e8d7]
C  [ntdll.dll+0x3c34c]


---------------  P R O C E S S  ---------------

Threads class SMR info:
_java_thread_list=0x000001b4fb94da20, length=25, elements={
0x000001b4b4b1f750, 0x000001b4b4b221c0, 0x000001b4b4b25dd0, 0x000001b4b4b26960,
0x000001b4b4b27620, 0x000001b4b4b28cb0, 0x000001b4b4b2bc00, 0x000001b4b57eda80,
0x000001b4fb0e87a0, 0x000001b4fb0f5140, 0x000001b4fb38ba20, 0x000001b4fb3ad560,
0x000001b4fb41d340, 0x000001b4fb421230, 0x000001b4fcbd12b0, 0x000001b4fd3382e0,
0x000001b4fd33d830, 0x000001b4fcbd1940, 0x000001b4fcbd1fd0, 0x000001b4fb679150,
0x000001b4fcbd2660, 0x000001b4fd338970, 0x000001b4fd33c480, 0x000001b4fb1e01e0,
0x000001b4fbc08410
}

Java Threads: ( => current thread )
  0x000001b4b4b1f750 JavaThread "Reference Handler"          daemon [_thread_blocked, id=2564, stack(0x0000004f53500000,0x0000004f53600000) (1024K)]
  0x000001b4b4b221c0 JavaThread "Finalizer"                  daemon [_thread_blocked, id=32368, stack(0x0000004f53600000,0x0000004f53700000) (1024K)]
  0x000001b4b4b25dd0 JavaThread "Signal Dispatcher"          daemon [_thread_blocked, id=11728, stack(0x0000004f53700000,0x0000004f53800000) (1024K)]
  0x000001b4b4b26960 JavaThread "Attach Listener"            daemon [_thread_blocked, id=23624, stack(0x0000004f53800000,0x0000004f53900000) (1024K)]
  0x000001b4b4b27620 JavaThread "Service Thread"             daemon [_thread_blocked, id=27824, stack(0x0000004f53900000,0x0000004f53a00000) (1024K)]
  0x000001b4b4b28cb0 JavaThread "Monitor Deflation Thread"   daemon [_thread_blocked, id=1036, stack(0x0000004f53a00000,0x0000004f53b00000) (1024K)]
=>0x000001b4b4b2bc00 JavaThread "C1 CompilerThread0"         daemon [_thread_in_native, id=5476, stack(0x0000004f53b00000,0x0000004f53c00000) (1024K)]
  0x000001b4b57eda80 JavaThread "Common-Cleaner"             daemon [_thread_blocked, id=23280, stack(0x0000004f53c00000,0x0000004f53d00000) (1024K)]
  0x000001b4fb0e87a0 JavaThread "Monitor Ctrl-Break"         daemon [_thread_in_native, id=31364, stack(0x0000004f54200000,0x0000004f54300000) (1024K)]
  0x000001b4fb0f5140 JavaThread "Notification Thread"        daemon [_thread_blocked, id=24256, stack(0x0000004f54300000,0x0000004f54400000) (1024K)]
  0x000001b4fb38ba20 JavaThread "RMI TCP Accept-0"           daemon [_thread_in_native, id=18884, stack(0x0000004f54400000,0x0000004f54500000) (1024K)]
  0x000001b4fb3ad560 JavaThread "RMI TCP Connection(1)-192.168.159.1" daemon [_thread_in_native, id=15020, stack(0x0000004f54500000,0x0000004f54600000) (1024K)]
  0x000001b4fb41d340 JavaThread "RMI Scheduler(0)"           daemon [_thread_blocked, id=26576, stack(0x0000004f54600000,0x0000004f54700000) (1024K)]
  0x000001b4fb421230 JavaThread "JMX server connection timeout 34" daemon [_thread_blocked, id=34164, stack(0x0000004f54700000,0x0000004f54800000) (1024K)]
  0x000001b4fcbd12b0 JavaThread "mysql-cj-abandoned-connection-cleanup" daemon [_thread_blocked, id=23440, stack(0x0000004f55f00000,0x0000004f56000000) (1024K)]
  0x000001b4fd3382e0 JavaThread "Live Reload Server"         daemon [_thread_in_native, id=30140, stack(0x0000004f56200000,0x0000004f56300000) (1024K)]
  0x000001b4fd33d830 JavaThread "DestroyJavaVM"                     [_thread_blocked, id=2792, stack(0x0000004f52d00000,0x0000004f52e00000) (1024K)]
  0x000001b4fcbd1940 JavaThread "Thread-19"                         [_thread_blocked, id=18204, stack(0x0000004f52c00000,0x0000004f52d00000) (1024K)]
  0x000001b4fcbd1fd0 JavaThread "restartedMain"                     [_thread_in_vm, id=34588, stack(0x0000004f52a00000,0x0000004f52b00000) (1024K)]
  0x000001b4fb679150 JavaThread "C1 CompilerThread1"         daemon [_thread_blocked, id=18424, stack(0x0000004f53e00000,0x0000004f53f00000) (1024K)]
  0x000001b4fcbd2660 JavaThread "Catalina-utility-1"                [_thread_blocked, id=32124, stack(0x0000004f53f00000,0x0000004f54000000) (1024K)]
  0x000001b4fd338970 JavaThread "Catalina-utility-2"                [_thread_blocked, id=5904, stack(0x0000004f54000000,0x0000004f54100000) (1024K)]
  0x000001b4fd33c480 JavaThread "container-0"                       [_thread_blocked, id=17312, stack(0x0000004f54100000,0x0000004f54200000) (1024K)]
  0x000001b4fb1e01e0 JavaThread "C1 CompilerThread2"         daemon [_thread_blocked, id=18956, stack(0x0000004f55100000,0x0000004f55200000) (1024K)]
  0x000001b4fbc08410 JavaThread "C1 CompilerThread3"         daemon [_thread_blocked, id=25344, stack(0x0000004f55200000,0x0000004f55300000) (1024K)]
Total: 25

Other Threads:
  0x000001b4b4af9e30 VMThread "VM Thread"                           [id=1316, stack(0x0000004f53400000,0x0000004f53500000) (1024K)]
  0x000001b4b4ae17b0 WatcherThread "VM Periodic Task Thread"        [id=20428, stack(0x0000004f53300000,0x0000004f53400000) (1024K)]
  0x000001b4a14eab60 WorkerThread "GC Thread#0"                     [id=16664, stack(0x0000004f52e00000,0x0000004f52f00000) (1024K)]
  0x000001b4fb4a2270 WorkerThread "GC Thread#1"                     [id=16576, stack(0x0000004f54800000,0x0000004f54900000) (1024K)]
  0x000001b4fb4a6d00 WorkerThread "GC Thread#2"                     [id=22900, stack(0x0000004f54900000,0x0000004f54a00000) (1024K)]
  0x000001b4fb4a70a0 WorkerThread "GC Thread#3"                     [id=22480, stack(0x0000004f54a00000,0x0000004f54b00000) (1024K)]
  0x000001b4fb4a8270 WorkerThread "GC Thread#4"                     [id=3984, stack(0x0000004f54b00000,0x0000004f54c00000) (1024K)]
  0x000001b4fb4a8e90 WorkerThread "GC Thread#5"                     [id=3948, stack(0x0000004f54c00000,0x0000004f54d00000) (1024K)]
  0x000001b4fb5126e0 WorkerThread "GC Thread#6"                     [id=35696, stack(0x0000004f54d00000,0x0000004f54e00000) (1024K)]
  0x000001b4fb5310f0 WorkerThread "GC Thread#7"                     [id=29400, stack(0x0000004f54e00000,0x0000004f54f00000) (1024K)]
  0x000001b4fb52b4e0 WorkerThread "GC Thread#8"                     [id=15828, stack(0x0000004f54f00000,0x0000004f55000000) (1024K)]
  0x000001b4fb5357d0 WorkerThread "GC Thread#9"                     [id=27596, stack(0x0000004f55000000,0x0000004f55100000) (1024K)]
  0x000001b4fb9047d0 WorkerThread "GC Thread#10"                    [id=28284, stack(0x0000004f55300000,0x0000004f55400000) (1024K)]
  0x000001b4fb9052b0 WorkerThread "GC Thread#11"                    [id=11388, stack(0x0000004f55400000,0x0000004f55500000) (1024K)]
  0x000001b4fb905d90 WorkerThread "GC Thread#12"                    [id=9564, stack(0x0000004f55500000,0x0000004f55600000) (1024K)]
  0x000001b4a14fc550 ConcurrentGCThread "G1 Main Marker"            [id=1272, stack(0x0000004f52f00000,0x0000004f53000000) (1024K)]
  0x000001b4a14fcf60 WorkerThread "G1 Conc#0"                       [id=20556, stack(0x0000004f53000000,0x0000004f53100000) (1024K)]
  0x000001b4fb904430 WorkerThread "G1 Conc#1"                       [id=10680, stack(0x0000004f55600000,0x0000004f55700000) (1024K)]
  0x000001b4fbbffd60 WorkerThread "G1 Conc#2"                       [id=33052, stack(0x0000004f55700000,0x0000004f55800000) (1024K)]
  0x000001b4b49b3470 ConcurrentGCThread "G1 Refine#0"               [id=25016, stack(0x0000004f53100000,0x0000004f53200000) (1024K)]
  0x000001b4b49b4ca0 ConcurrentGCThread "G1 Service"                [id=16288, stack(0x0000004f53200000,0x0000004f53300000) (1024K)]
Total: 21

Threads with active compile tasks:
C1 CompilerThread0   806747 8056       1       com.sun.org.apache.xerces.internal.impl.dtd.XMLDTDValidator::addDTDDefaultAttrsAndValidate (1031 bytes)
Total: 1

VM state: not at safepoint (normal execution)

VM Mutex/Monitor currently owned by a thread: None

Heap address: 0x0000000703800000, size: 4040 MB, Compressed Oops mode: Zero based, Oop shift amount: 3

CDS archive(s) mapped at: [0x000001b4b6000000-0x000001b4b6c90000-0x000001b4b6c90000), size 13172736, SharedBaseAddress: 0x000001b4b6000000, ArchiveRelocationMode: 1.
Compressed class space mapped at: 0x000001b4b7000000-0x000001b4f7000000, reserved size: 1073741824
Narrow klass base: 0x000001b4b6000000, Narrow klass shift: 0, Narrow klass range: 0x100000000

GC Precious Log:
 CardTable entry size: 512
 Card Set container configuration: InlinePtr #cards 4 size 8 Array Of Cards #cards 16 size 48 Howl #buckets 8 coarsen threshold 3686 Howl Bitmap #cards 512 size 80 coarsen threshold 460 Card regions per heap region 1 cards per card region 4096
 CPUs: 16 total, 16 available
 Memory: 16159M
 Large Page Support: Disabled
 NUMA Support: Disabled
 Compressed Oops: Enabled (Zero based)
 Heap Region Size: 2M
 Heap Min Capacity: 8M
 Heap Initial Capacity: 254M
 Heap Max Capacity: 4040M
 Pre-touch: Disabled
 Parallel Workers: 13
 Concurrent Workers: 3
 Concurrent Refinement Workers: 13
 Periodic GC: Disabled

Heap:
 garbage-first heap   total 75776K, used 28019K [0x0000000703800000, 0x0000000800000000)
  region size 2048K, 6 young (12288K), 2 survivors (4096K)
 Metaspace       used 47869K, committed 48512K, reserved 1114112K
  class space    used 6488K, committed 6784K, reserved 1048576K

Heap Regions: E=young(eden), S=young(survivor), O=old, HS=humongous(starts), HC=humongous(continues), CS=collection set, F=free, TAMS=top-at-mark-start, PB=parsable bottom
|   0|0x0000000703800000, 0x00000007039fffe8, 0x0000000703a00000| 99%| O|  |TAMS 0x0000000703800000| PB 0x0000000703800000| Untracked 
|   1|0x0000000703a00000, 0x0000000703bfffb0, 0x0000000703c00000| 99%| O|  |TAMS 0x0000000703a00000| PB 0x0000000703a00000| Untracked 
|   2|0x0000000703c00000, 0x0000000703e00000, 0x0000000703e00000|100%| O|  |TAMS 0x0000000703c00000| PB 0x0000000703c00000| Untracked 
|   3|0x0000000703e00000, 0x0000000703ffffe0, 0x0000000704000000| 99%| O|  |TAMS 0x0000000703e00000| PB 0x0000000703e00000| Untracked 
|   4|0x0000000704000000, 0x00000007041fffd8, 0x0000000704200000| 99%| O|  |TAMS 0x0000000704000000| PB 0x0000000704000000| Untracked 
|   5|0x0000000704200000, 0x0000000704400000, 0x0000000704400000|100%| O|  |TAMS 0x0000000704200000| PB 0x0000000704200000| Untracked 
|   6|0x0000000704400000, 0x00000007045fffd8, 0x0000000704600000| 99%| O|  |TAMS 0x0000000704400000| PB 0x0000000704400000| Untracked 
|   7|0x0000000704600000, 0x0000000704800000, 0x0000000704800000|100%| O|  |TAMS 0x0000000704600000| PB 0x0000000704600000| Untracked 
|   8|0x0000000704800000, 0x00000007049ffff0, 0x0000000704a00000| 99%| O|  |TAMS 0x0000000704800000| PB 0x0000000704800000| Untracked 
|   9|0x0000000704a00000, 0x0000000704b2b118, 0x0000000704c00000| 58%| O|  |TAMS 0x0000000704a00000| PB 0x0000000704a00000| Untracked 
|  10|0x0000000704c00000, 0x0000000704ce6108, 0x0000000704e00000| 44%| O|  |TAMS 0x0000000704c00000| PB 0x0000000704c00000| Untracked 
|  11|0x0000000704e00000, 0x0000000704e00000, 0x0000000705000000|  0%| F|  |TAMS 0x0000000704e00000| PB 0x0000000704e00000| Untracked 
|  12|0x0000000705000000, 0x0000000705000000, 0x0000000705200000|  0%| F|  |TAMS 0x0000000705000000| PB 0x0000000705000000| Untracked 
|  13|0x0000000705200000, 0x0000000705200000, 0x0000000705400000|  0%| F|  |TAMS 0x0000000705200000| PB 0x0000000705200000| Untracked 
|  14|0x0000000705400000, 0x000000070554be90, 0x0000000705600000| 64%| S|CS|TAMS 0x0000000705400000| PB 0x0000000705400000| Complete 
|  15|0x0000000705600000, 0x0000000705800000, 0x0000000705800000|100%| S|CS|TAMS 0x0000000705600000| PB 0x0000000705600000| Complete 
|  16|0x0000000705800000, 0x0000000705800000, 0x0000000705a00000|  0%| F|  |TAMS 0x0000000705800000| PB 0x0000000705800000| Untracked 
|  17|0x0000000705a00000, 0x0000000705a00000, 0x0000000705c00000|  0%| F|  |TAMS 0x0000000705a00000| PB 0x0000000705a00000| Untracked 
|  18|0x0000000705c00000, 0x0000000705c00000, 0x0000000705e00000|  0%| F|  |TAMS 0x0000000705c00000| PB 0x0000000705c00000| Untracked 
|  19|0x0000000705e00000, 0x0000000705e00000, 0x0000000706000000|  0%| F|  |TAMS 0x0000000705e00000| PB 0x0000000705e00000| Untracked 
|  20|0x0000000706000000, 0x0000000706000000, 0x0000000706200000|  0%| F|  |TAMS 0x0000000706000000| PB 0x0000000706000000| Untracked 
|  21|0x0000000706200000, 0x0000000706200000, 0x0000000706400000|  0%| F|  |TAMS 0x0000000706200000| PB 0x0000000706200000| Untracked 
|  22|0x0000000706400000, 0x0000000706400000, 0x0000000706600000|  0%| F|  |TAMS 0x0000000706400000| PB 0x0000000706400000| Untracked 
|  23|0x0000000706600000, 0x0000000706600000, 0x0000000706800000|  0%| F|  |TAMS 0x0000000706600000| PB 0x0000000706600000| Untracked 
|  24|0x0000000706800000, 0x0000000706800000, 0x0000000706a00000|  0%| F|  |TAMS 0x0000000706800000| PB 0x0000000706800000| Untracked 
|  25|0x0000000706a00000, 0x0000000706a00000, 0x0000000706c00000|  0%| F|  |TAMS 0x0000000706a00000| PB 0x0000000706a00000| Untracked 
|  26|0x0000000706c00000, 0x0000000706c00000, 0x0000000706e00000|  0%| F|  |TAMS 0x0000000706c00000| PB 0x0000000706c00000| Untracked 
|  27|0x0000000706e00000, 0x0000000706e00000, 0x0000000707000000|  0%| F|  |TAMS 0x0000000706e00000| PB 0x0000000706e00000| Untracked 
|  28|0x0000000707000000, 0x0000000707000000, 0x0000000707200000|  0%| F|  |TAMS 0x0000000707000000| PB 0x0000000707000000| Untracked 
|  29|0x0000000707200000, 0x0000000707200000, 0x0000000707400000|  0%| F|  |TAMS 0x0000000707200000| PB 0x0000000707200000| Untracked 
|  30|0x0000000707400000, 0x0000000707400000, 0x0000000707600000|  0%| F|  |TAMS 0x0000000707400000| PB 0x0000000707400000| Untracked 
|  31|0x0000000707600000, 0x0000000707600000, 0x0000000707800000|  0%| F|  |TAMS 0x0000000707600000| PB 0x0000000707600000| Untracked 
|  32|0x0000000707800000, 0x0000000707800000, 0x0000000707a00000|  0%| F|  |TAMS 0x0000000707800000| PB 0x0000000707800000| Untracked 
|  33|0x0000000707a00000, 0x0000000707bb2870, 0x0000000707c00000| 84%| E|  |TAMS 0x0000000707a00000| PB 0x0000000707a00000| Complete 
|  34|0x0000000707c00000, 0x0000000707e00000, 0x0000000707e00000|100%| E|CS|TAMS 0x0000000707c00000| PB 0x0000000707c00000| Complete 
|  35|0x0000000707e00000, 0x0000000708000000, 0x0000000708000000|100%| E|  |TAMS 0x0000000707e00000| PB 0x0000000707e00000| Complete 
|  36|0x0000000708000000, 0x0000000708200000, 0x0000000708200000|100%| E|CS|TAMS 0x0000000708000000| PB 0x0000000708000000| Complete 

Card table byte_map: [0x000001b4adf20000,0x000001b4ae710000] _byte_map_base: 0x000001b4aa704000

Marking Bits: (CMBitMap*) 0x000001b4a14eb170
 Bits: [0x000001b4ae710000, 0x000001b4b2630000)

Polling page: 0x000001b49fc40000

Metaspace:

Usage:
  Non-class:     40.41 MB used.
      Class:      6.34 MB used.
       Both:     46.75 MB used.

Virtual space:
  Non-class space:       64.00 MB reserved,      40.75 MB ( 64%) committed,  1 nodes.
      Class space:        1.00 GB reserved,       6.62 MB ( <1%) committed,  1 nodes.
             Both:        1.06 GB reserved,      47.38 MB (  4%) committed. 

Chunk freelists:
   Non-Class:  6.95 MB
       Class:  9.23 MB
        Both:  16.18 MB

MaxMetaspaceSize: unlimited
CompressedClassSpaceSize: 1.00 GB
Initial GC threshold: 21.00 MB
Current GC threshold: 78.69 MB
CDS: on
 - commit_granule_bytes: 65536.
 - commit_granule_words: 8192.
 - virtual_space_node_default_size: 8388608.
 - enlarge_chunks_in_place: 1.
 - use_allocation_guard: 0.


Internal statistics:

num_allocs_failed_limit: 6.
num_arena_births: 1314.
num_arena_deaths: 636.
num_vsnodes_births: 2.
num_vsnodes_deaths: 0.
num_space_committed: 758.
num_space_uncommitted: 0.
num_chunks_returned_to_freelist: 782.
num_chunks_taken_from_freelist: 3473.
num_chunk_merges: 164.
num_chunk_splits: 1975.
num_chunks_enlarged: 1312.
num_inconsistent_stats: 0.

CodeCache: size=49152Kb used=14603Kb max_used=14603Kb free=34548Kb
 bounds [0x000001b4a9950000, 0x000001b4aa7b0000, 0x000001b4ac950000]
 total_blobs=7159 nmethods=6512 adapters=568
 compilation: enabled
              stopped_count=0, restarted_count=0
 full_count=0

Compilation events (20 events):
Event: 804.667 Thread 0x000001b4fb1e01e0 8072       1       org.xml.sax.helpers.DefaultHandler::<init> (5 bytes)
Event: 804.667 Thread 0x000001b4fb679150 8059       1       com.sun.org.apache.xerces.internal.impl.XMLScanner::scanAttributeValue (943 bytes)
Event: 804.667 Thread 0x000001b4fb1e01e0 nmethod 8072 0x000001b4a9f79090 code [0x000001b4a9f79220, 0x000001b4a9f792e8]
Event: 804.667 Thread 0x000001b4fb1e01e0 8060       1       com.sun.org.apache.xerces.internal.util.XMLAttributesImpl::addAttribute (9 bytes)
Event: 804.667 Thread 0x000001b4fbc08410 8061       1       com.sun.org.apache.xerces.internal.util.XMLAttributesImpl::addAttribute (679 bytes)
Event: 804.667 Thread 0x000001b4fb1e01e0 nmethod 8060 0x000001b4aa140910 code [0x000001b4aa140ac0, 0x000001b4aa140bb0]
Event: 804.667 Thread 0x000001b4fb1e01e0 8063       1       com.sun.org.apache.xerces.internal.util.XMLAttributesImpl::setValue (27 bytes)
Event: 804.668 Thread 0x000001b4fb1e01e0 nmethod 8063 0x000001b4aa362b10 code [0x000001b4aa362cc0, 0x000001b4aa362ef0]
Event: 804.668 Thread 0x000001b4fb1e01e0 8064       1       com.sun.org.apache.xerces.internal.util.XMLAttributesImpl::setSpecified (11 bytes)
Event: 804.668 Thread 0x000001b4fb1e01e0 nmethod 8064 0x000001b4aa373090 code [0x000001b4aa373220, 0x000001b4aa373328]
Event: 804.668 Thread 0x000001b4fb1e01e0 8065       1       com.sun.org.apache.xerces.internal.utils.XMLSecurityManager::isNoLimit (10 bytes)
Event: 804.668 Thread 0x000001b4fb1e01e0 nmethod 8065 0x000001b4a9fb6490 code [0x000001b4a9fb6620, 0x000001b4a9fb66f8]
Event: 804.668 Thread 0x000001b4fb1e01e0 8066       1       com.sun.org.apache.xerces.internal.util.XMLAttributesImpl::setType (11 bytes)
Event: 804.668 Thread 0x000001b4fb1e01e0 nmethod 8066 0x000001b4aa0f6190 code [0x000001b4aa0f6340, 0x000001b4aa0f6498]
Event: 804.668 Thread 0x000001b4fb1e01e0 8067       1       com.sun.org.apache.xerces.internal.util.XMLAttributesImpl::getType (28 bytes)
Event: 804.669 Thread 0x000001b4fb1e01e0 nmethod 8067 0x000001b4aa64c710 code [0x000001b4aa64c8c0, 0x000001b4aa64cb30]
Event: 804.669 Thread 0x000001b4fb1e01e0 8068       1       com.sun.org.apache.xerces.internal.util.XMLAttributesImpl::getReportableType (15 bytes)
Event: 804.669 Thread 0x000001b4fb1e01e0 nmethod 8068 0x000001b4aa446810 code [0x000001b4aa4469c0, 0x000001b4aa446bd0]
Event: 804.669 Thread 0x000001b4fb1e01e0 8069       1       com.sun.org.apache.xerces.internal.util.XMLAttributesImpl::getURI (29 bytes)
Event: 806.686 Thread 0x000001b4fb1e01e0 nmethod 8069 0x000001b4aa132590 code [0x000001b4aa132740, 0x000001b4aa132898]

GC Heap History (20 events):
Event: 370.508 GC heap before
{Heap before GC invocations=13 (full 1):
 garbage-first heap   total 61440K, used 47974K [0x0000000703800000, 0x0000000800000000)
  region size 2048K, 17 young (34816K), 0 survivors (0K)
 Metaspace       used 39195K, committed 40128K, reserved 1114112K
  class space    used 5426K, committed 5824K, reserved 1048576K
}
Event: 370.511 GC heap after
{Heap after GC invocations=14 (full 1):
 garbage-first heap   total 61440K, used 19917K [0x0000000703800000, 0x0000000800000000)
  region size 2048K, 3 young (6144K), 3 survivors (6144K)
 Metaspace       used 39195K, committed 40128K, reserved 1114112K
  class space    used 5426K, committed 5824K, reserved 1048576K
}
Event: 370.645 GC heap before
{Heap before GC invocations=14 (full 1):
 garbage-first heap   total 61440K, used 44493K [0x0000000703800000, 0x0000000800000000)
  region size 2048K, 16 young (32768K), 3 survivors (6144K)
 Metaspace       used 39419K, committed 40128K, reserved 1114112K
  class space    used 5461K, committed 5824K, reserved 1048576K
}
Event: 370.647 GC heap after
{Heap after GC invocations=15 (full 1):
 garbage-first heap   total 61440K, used 21293K [0x0000000703800000, 0x0000000800000000)
  region size 2048K, 2 young (4096K), 2 survivors (4096K)
 Metaspace       used 39419K, committed 40128K, reserved 1114112K
  class space    used 5461K, committed 5824K, reserved 1048576K
}
Event: 372.144 GC heap before
{Heap before GC invocations=15 (full 1):
 garbage-first heap   total 61440K, used 27437K [0x0000000703800000, 0x0000000800000000)
  region size 2048K, 6 young (12288K), 2 survivors (4096K)
 Metaspace       used 39430K, committed 40128K, reserved 1114112K
  class space    used 5464K, committed 5824K, reserved 1048576K
}
Event: 372.177 GC heap after
{Heap after GC invocations=16 (full 2):
 garbage-first heap   total 61440K, used 17782K [0x0000000703800000, 0x0000000800000000)
  region size 2048K, 0 young (0K), 0 survivors (0K)
 Metaspace       used 39324K, committed 40128K, reserved 1114112K
  class space    used 5437K, committed 5824K, reserved 1048576K
}
Event: 372.440 GC heap before
{Heap before GC invocations=16 (full 2):
 garbage-first heap   total 61440K, used 50550K [0x0000000703800000, 0x0000000800000000)
  region size 2048K, 16 young (32768K), 0 survivors (0K)
 Metaspace       used 39389K, committed 40128K, reserved 1114112K
  class space    used 5453K, committed 5824K, reserved 1048576K
}
Event: 372.444 GC heap after
{Heap after GC invocations=17 (full 2):
 garbage-first heap   total 61440K, used 20859K [0x0000000703800000, 0x0000000800000000)
  region size 2048K, 2 young (4096K), 2 survivors (4096K)
 Metaspace       used 39389K, committed 40128K, reserved 1114112K
  class space    used 5453K, committed 5824K, reserved 1048576K
}
Event: 372.598 GC heap before
{Heap before GC invocations=17 (full 2):
 garbage-first heap   total 61440K, used 47483K [0x0000000703800000, 0x0000000800000000)
  region size 2048K, 16 young (32768K), 2 survivors (4096K)
 Metaspace       used 39541K, committed 40192K, reserved 1114112K
  class space    used 5470K, committed 5824K, reserved 1048576K
}
Event: 372.600 GC heap after
{Heap after GC invocations=18 (full 2):
 garbage-first heap   total 161792K, used 21748K [0x0000000703800000, 0x0000000800000000)
  region size 2048K, 1 young (2048K), 1 survivors (2048K)
 Metaspace       used 39541K, committed 40192K, reserved 1114112K
  class space    used 5470K, committed 5824K, reserved 1048576K
}
Event: 678.089 GC heap before
{Heap before GC invocations=18 (full 2):
 garbage-first heap   total 161792K, used 79092K [0x0000000703800000, 0x0000000800000000)
  region size 2048K, 31 young (63488K), 1 survivors (2048K)
 Metaspace       used 47090K, committed 47808K, reserved 1114112K
  class space    used 6395K, committed 6720K, reserved 1048576K
}
Event: 678.117 GC heap after
{Heap after GC invocations=19 (full 3):
 garbage-first heap   total 90112K, used 20543K [0x0000000703800000, 0x0000000800000000)
  region size 2048K, 0 young (0K), 0 survivors (0K)
 Metaspace       used 47084K, committed 47808K, reserved 1114112K
  class space    used 6394K, committed 6720K, reserved 1048576K
}
Event: 678.441 GC heap before
{Heap before GC invocations=19 (full 3):
 garbage-first heap   total 90112K, used 69695K [0x0000000703800000, 0x0000000800000000)
  region size 2048K, 25 young (51200K), 0 survivors (0K)
 Metaspace       used 47299K, committed 48000K, reserved 1114112K
  class space    used 6426K, committed 6720K, reserved 1048576K
}
Event: 678.443 GC heap after
{Heap after GC invocations=20 (full 3):
 garbage-first heap   total 90112K, used 23997K [0x0000000703800000, 0x0000000800000000)
  region size 2048K, 2 young (4096K), 2 survivors (4096K)
 Metaspace       used 47299K, committed 48000K, reserved 1114112K
  class space    used 6426K, committed 6720K, reserved 1048576K
}
Event: 679.994 GC heap before
{Heap before GC invocations=20 (full 3):
 garbage-first heap   total 90112K, used 34237K [0x0000000703800000, 0x0000000800000000)
  region size 2048K, 8 young (16384K), 2 survivors (4096K)
 Metaspace       used 47302K, committed 48000K, reserved 1114112K
  class space    used 6426K, committed 6720K, reserved 1048576K
}
Event: 680.016 GC heap after
{Heap after GC invocations=21 (full 4):
 garbage-first heap   total 75776K, used 19882K [0x0000000703800000, 0x0000000800000000)
  region size 2048K, 0 young (0K), 0 survivors (0K)
 Metaspace       used 47145K, committed 48000K, reserved 1114112K
  class space    used 6385K, committed 6720K, reserved 1048576K
}
Event: 680.238 GC heap before
{Heap before GC invocations=21 (full 4):
 garbage-first heap   total 75776K, used 60842K [0x0000000703800000, 0x0000000800000000)
  region size 2048K, 21 young (43008K), 0 survivors (0K)
 Metaspace       used 47239K, committed 48000K, reserved 1114112K
  class space    used 6404K, committed 6720K, reserved 1048576K
}
Event: 680.240 GC heap after
{Heap after GC invocations=22 (full 4):
 garbage-first heap   total 75776K, used 23219K [0x0000000703800000, 0x0000000800000000)
  region size 2048K, 2 young (4096K), 2 survivors (4096K)
 Metaspace       used 47239K, committed 48000K, reserved 1114112K
  class space    used 6404K, committed 6720K, reserved 1048576K
}
Event: 804.280 GC heap before
{Heap before GC invocations=22 (full 4):
 garbage-first heap   total 75776K, used 53939K [0x0000000703800000, 0x0000000800000000)
  region size 2048K, 19 young (38912K), 2 survivors (4096K)
 Metaspace       used 47662K, committed 48320K, reserved 1114112K
  class space    used 6450K, committed 6720K, reserved 1048576K
}
Event: 804.328 GC heap after
{Heap after GC invocations=23 (full 5):
 garbage-first heap   total 75776K, used 20548K [0x0000000703800000, 0x0000000800000000)
  region size 2048K, 0 young (0K), 0 survivors (0K)
 Metaspace       used 47656K, committed 48320K, reserved 1114112K
  class space    used 6449K, committed 6720K, reserved 1048576K
}

Dll operation events (12 events):
Event: 0.027 Loaded shared library E:\jdk21\bin\java.dll
Event: 0.186 Loaded shared library E:\jdk21\bin\zip.dll
Event: 0.192 Loaded shared library E:\jdk21\bin\instrument.dll
Event: 0.197 Loaded shared library E:\jdk21\bin\net.dll
Event: 0.199 Loaded shared library E:\jdk21\bin\nio.dll
Event: 0.202 Loaded shared library E:\jdk21\bin\zip.dll
Event: 0.252 Loaded shared library E:\jdk21\bin\jimage.dll
Event: 0.318 Loaded shared library C:\Users\Administrator\IntelliJ IDEA 2024.2\bin\breakgen64.dll
Event: 0.328 Loaded shared library E:\jdk21\bin\extnet.dll
Event: 0.340 Loaded shared library E:\jdk21\bin\management.dll
Event: 0.359 Loaded shared library E:\jdk21\bin\management_ext.dll
Event: 1.986 Loaded shared library E:\jdk21\bin\sunmscapi.dll

Deoptimization events (2 events):
Event: 374.302 Thread 0x000001b4fb3ad560 DEOPT PACKING pc=0x000001b4a9cbfdbc sp=0x0000004f545fed60
Event: 374.302 Thread 0x000001b4fb3ad560 DEOPT UNPACKING pc=0x000001b4a99a4e42 sp=0x0000004f545fe1f8 mode 0

Classes loaded (20 events):
Event: 374.461 Loading class java/util/stream/LongStream
Event: 374.462 Loading class java/util/stream/LongStream done
Event: 374.462 Loading class java/util/stream/DoubleStream
Event: 374.462 Loading class java/util/stream/DoubleStream done
Event: 374.468 Loading class java/util/AbstractMap$SimpleEntry
Event: 374.468 Loading class java/util/AbstractMap$SimpleEntry done
Event: 678.082 Loading class java/security/SignatureException
Event: 678.082 Loading class java/security/SignatureException done
Event: 678.082 Loading class java/security/PrivateKey
Event: 678.082 Loading class java/security/PrivateKey done
Event: 678.083 Loading class javax/net/ssl/SSLSocket
Event: 678.083 Loading class javax/net/ssl/SSLSocket done
Event: 678.083 Loading class java/security/spec/InvalidKeySpecException
Event: 678.083 Loading class java/security/spec/InvalidKeySpecException done
Event: 678.083 Loading class javax/crypto/NoSuchPaddingException
Event: 678.083 Loading class javax/crypto/NoSuchPaddingException done
Event: 678.083 Loading class javax/crypto/IllegalBlockSizeException
Event: 678.083 Loading class javax/crypto/IllegalBlockSizeException done
Event: 678.084 Loading class javax/crypto/BadPaddingException
Event: 678.084 Loading class javax/crypto/BadPaddingException done

Classes unloaded (20 events):
Event: 680.000 Thread 0x000001b4b4af9e30 Unloading class 0x000001b4b7364000 'java/lang/invoke/LambdaForm$BMH+0x000001b4b7364000'
Event: 680.000 Thread 0x000001b4b4af9e30 Unloading class 0x000001b4b7370800 'java/lang/invoke/LambdaForm$MH+0x000001b4b7370800'
Event: 680.000 Thread 0x000001b4b4af9e30 Unloading class 0x000001b4b7371400 'java/lang/invoke/LambdaForm$MH+0x000001b4b7371400'
Event: 680.000 Thread 0x000001b4b4af9e30 Unloading class 0x000001b4b7372000 'java/lang/invoke/LambdaForm$MH+0x000001b4b7372000'
Event: 680.000 Thread 0x000001b4b4af9e30 Unloading class 0x000001b4b73a8000 'java/lang/invoke/LambdaForm$MH+0x000001b4b73a8000'
Event: 680.000 Thread 0x000001b4b4af9e30 Unloading class 0x000001b4b73cf400 'java/lang/invoke/LambdaForm$MH+0x000001b4b73cf400'
Event: 680.000 Thread 0x000001b4b4af9e30 Unloading class 0x000001b4b73d1000 'java/lang/invoke/LambdaForm$MH+0x000001b4b73d1000'
Event: 680.000 Thread 0x000001b4b4af9e30 Unloading class 0x000001b4b73d3400 'java/lang/invoke/LambdaForm$MH+0x000001b4b73d3400'
Event: 680.000 Thread 0x000001b4b4af9e30 Unloading class 0x000001b4b73d3800 'java/lang/invoke/LambdaForm$MH+0x000001b4b73d3800'
Event: 680.000 Thread 0x000001b4b4af9e30 Unloading class 0x000001b4b73d5400 'java/lang/invoke/LambdaForm$MH+0x000001b4b73d5400'
Event: 680.000 Thread 0x000001b4b4af9e30 Unloading class 0x000001b4b73d5c00 'java/lang/invoke/LambdaForm$MH+0x000001b4b73d5c00'
Event: 680.000 Thread 0x000001b4b4af9e30 Unloading class 0x000001b4b73dcc00 'java/lang/invoke/LambdaForm$MH+0x000001b4b73dcc00'
Event: 680.000 Thread 0x000001b4b4af9e30 Unloading class 0x000001b4b7414400 'java/lang/invoke/LambdaForm$MH+0x000001b4b7414400'
Event: 680.000 Thread 0x000001b4b4af9e30 Unloading class 0x000001b4b7414c00 'java/lang/invoke/LambdaForm$MH+0x000001b4b7414c00'
Event: 680.000 Thread 0x000001b4b4af9e30 Unloading class 0x000001b4b7434800 'java/lang/invoke/LambdaForm$BMH+0x000001b4b7434800'
Event: 680.000 Thread 0x000001b4b4af9e30 Unloading class 0x000001b4b7532000 'java/lang/invoke/LambdaForm$MH+0x000001b4b7532000'
Event: 680.000 Thread 0x000001b4b4af9e30 Unloading class 0x000001b4b7532c00 'java/lang/invoke/LambdaForm$MH+0x000001b4b7532c00'
Event: 680.000 Thread 0x000001b4b4af9e30 Unloading class 0x000001b4b7544800 'java/lang/invoke/LambdaForm$MH+0x000001b4b7544800'
Event: 804.298 Thread 0x000001b4b4af9e30 Unloading class 0x000001b4b7699000 'jdk/internal/reflect/GeneratedSerializationConstructorAccessor35'
Event: 804.298 Thread 0x000001b4b4af9e30 Unloading class 0x000001b4b76bc800 'org/apache/catalina/loader/JdbcLeakPrevention'

Classes redefined (0 events):
No events

Internal exceptions (20 events):
Event: 680.158 Thread 0x000001b4fcbd1940 Exception <a 'java/lang/NoClassDefFoundError'{0x0000000706a2b5c8}: org/flywaydb/core/Flyway> (0x0000000706a2b5c8) 
thrown [s\open\src\hotspot\share\oops\constantPool.cpp, line 871]
Event: 680.158 Thread 0x000001b4fcbd1940 Exception <a 'java/lang/NoClassDefFoundError'{0x0000000706a2bc28}: liquibase/integration/spring/SpringLiquibase> (0x0000000706a2bc28) 
thrown [s\open\src\hotspot\share\oops\constantPool.cpp, line 871]
Event: 680.160 Thread 0x000001b4fcbd1940 Exception <a 'java/lang/NoClassDefFoundError'{0x0000000706a4f688}: org/jooq/DSLContext> (0x0000000706a4f688) 
thrown [s\open\src\hotspot\share\oops\constantPool.cpp, line 871]
Event: 680.160 Thread 0x000001b4fcbd1940 Exception <a 'java/lang/NoClassDefFoundError'{0x0000000706a50f70}: jakarta/persistence/EntityManagerFactory> (0x0000000706a50f70) 
thrown [s\open\src\hotspot\share\oops\constantPool.cpp, line 871]
Event: 680.161 Thread 0x000001b4fcbd1940 Exception <a 'java/lang/NoClassDefFoundError'{0x0000000706a89a18}: org/springframework/batch/core/repository/JobRepository> (0x0000000706a89a18) 
thrown [s\open\src\hotspot\share\oops\constantPool.cpp, line 871]
Event: 680.161 Thread 0x000001b4fcbd1940 Exception <a 'java/lang/NoClassDefFoundError'{0x0000000706a8a070}: org/quartz/Scheduler> (0x0000000706a8a070) 
thrown [s\open\src\hotspot\share\oops\constantPool.cpp, line 871]
Event: 680.161 Thread 0x000001b4fcbd1940 Exception <a 'java/lang/NoClassDefFoundError'{0x0000000706a8a6f0}: org/springframework/session/jdbc/JdbcIndexedSessionRepository> (0x0000000706a8a6f0) 
thrown [s\open\src\hotspot\share\oops\constantPool.cpp, line 871]
Event: 680.190 Thread 0x000001b4fcbd1940 Exception <a 'java/io/FileNotFoundException'{0x0000000706412578}> (0x0000000706412578) 
thrown [s\open\src\hotspot\share\prims\jni.cpp, line 520]
Event: 680.204 Thread 0x000001b4fcbd1940 Exception <a 'java/io/FileNotFoundException'{0x0000000706583920}> (0x0000000706583920) 
thrown [s\open\src\hotspot\share\prims\jni.cpp, line 520]
Event: 804.280 Thread 0x000001b4fd339690 Exception <a 'java/lang/InterruptedException'{0x0000000706104cd0}: sleep interrupted> (0x0000000706104cd0) 
thrown [s\open\src\hotspot\share\prims\jvm.cpp, line 3074]
Event: 804.339 Thread 0x000001b4fcbd1fd0 Exception <a 'sun/nio/fs/WindowsException'{0x0000000708069cc0}> (0x0000000708069cc0) 
thrown [s\open\src\hotspot\share\prims\jni.cpp, line 520]
Event: 804.578 Thread 0x000001b4fcbd1fd0 Exception <a 'java/lang/NoClassDefFoundError'{0x0000000706a31bc0}: org/flywaydb/core/Flyway> (0x0000000706a31bc0) 
thrown [s\open\src\hotspot\share\oops\constantPool.cpp, line 871]
Event: 804.578 Thread 0x000001b4fcbd1fd0 Exception <a 'java/lang/NoClassDefFoundError'{0x0000000706a32220}: liquibase/integration/spring/SpringLiquibase> (0x0000000706a32220) 
thrown [s\open\src\hotspot\share\oops\constantPool.cpp, line 871]
Event: 804.579 Thread 0x000001b4fcbd1fd0 Exception <a 'java/lang/NoClassDefFoundError'{0x0000000706a55cb0}: org/jooq/DSLContext> (0x0000000706a55cb0) 
thrown [s\open\src\hotspot\share\oops\constantPool.cpp, line 871]
Event: 804.579 Thread 0x000001b4fcbd1fd0 Exception <a 'java/lang/NoClassDefFoundError'{0x0000000706a57598}: jakarta/persistence/EntityManagerFactory> (0x0000000706a57598) 
thrown [s\open\src\hotspot\share\oops\constantPool.cpp, line 871]
Event: 804.581 Thread 0x000001b4fcbd1fd0 Exception <a 'java/lang/NoClassDefFoundError'{0x0000000706a90000}: org/springframework/batch/core/repository/JobRepository> (0x0000000706a90000) 
thrown [s\open\src\hotspot\share\oops\constantPool.cpp, line 871]
Event: 804.581 Thread 0x000001b4fcbd1fd0 Exception <a 'java/lang/NoClassDefFoundError'{0x0000000706a90658}: org/quartz/Scheduler> (0x0000000706a90658) 
thrown [s\open\src\hotspot\share\oops\constantPool.cpp, line 871]
Event: 804.581 Thread 0x000001b4fcbd1fd0 Exception <a 'java/lang/NoClassDefFoundError'{0x0000000706a90cd8}: org/springframework/session/jdbc/JdbcIndexedSessionRepository> (0x0000000706a90cd8) 
thrown [s\open\src\hotspot\share\oops\constantPool.cpp, line 871]
Event: 804.630 Thread 0x000001b4fcbd1fd0 Exception <a 'java/io/FileNotFoundException'{0x00000007067ff5e8}> (0x00000007067ff5e8) 
thrown [s\open\src\hotspot\share\prims\jni.cpp, line 520]
Event: 804.642 Thread 0x000001b4fcbd1fd0 Exception <a 'java/io/FileNotFoundException'{0x000000070656e8c0}> (0x000000070656e8c0) 
thrown [s\open\src\hotspot\share\prims\jni.cpp, line 520]

ZGC Phase Switch (0 events):
No events

VM Operations (20 events):
Event: 678.443 Executing VM operation: G1CollectForAllocation (G1 Evacuation Pause) done
Event: 679.444 Executing VM operation: Cleanup
Event: 679.444 Executing VM operation: Cleanup done
Event: 679.994 Executing VM operation: G1CollectFull (System.gc())
Event: 680.016 Executing VM operation: G1CollectFull (System.gc()) done
Event: 680.238 Executing VM operation: G1CollectForAllocation (G1 Evacuation Pause)
Event: 680.240 Executing VM operation: G1CollectForAllocation (G1 Evacuation Pause) done
Event: 681.250 Executing VM operation: Cleanup
Event: 681.250 Executing VM operation: Cleanup done
Event: 693.341 Executing VM operation: Cleanup
Event: 693.341 Executing VM operation: Cleanup done
Event: 720.601 Executing VM operation: Cleanup
Event: 720.601 Executing VM operation: Cleanup done
Event: 721.437 Executing VM operation: HandshakeAllThreads (HandshakeForDeflation)
Event: 721.437 Executing VM operation: HandshakeAllThreads (HandshakeForDeflation) done
Event: 721.437 Executing VM operation: RendezvousGCThreads
Event: 721.437 Executing VM operation: RendezvousGCThreads done
Event: 804.280 Executing VM operation: G1CollectFull (System.gc())
Event: 804.328 Executing VM operation: G1CollectFull (System.gc()) done
Event: 805.332 Executing VM operation: Cleanup

Events (20 events):
Event: 804.307 Thread 0x000001b4b4af9e30 flushing nmethod 0x000001b4a9a98990
Event: 804.307 Thread 0x000001b4b4af9e30 flushing nmethod 0x000001b4a9a97b90
Event: 804.307 Thread 0x000001b4b4af9e30 flushing nmethod 0x000001b4a9a97790
Event: 804.307 Thread 0x000001b4b4af9e30 flushing nmethod 0x000001b4a9a9bc10
Event: 804.307 Thread 0x000001b4b4af9e30 flushing nmethod 0x000001b4a9a9b810
Event: 804.307 Thread 0x000001b4b4af9e30 flushing nmethod 0x000001b4a9a94a90
Event: 804.307 Thread 0x000001b4b4af9e30 flushing nmethod 0x000001b4a9a92290
Event: 804.307 Thread 0x000001b4b4af9e30 flushing nmethod 0x000001b4a9a8eb10
Event: 804.307 Thread 0x000001b4b4af9e30 flushing nmethod 0x000001b4a9a66e10
Event: 804.328 Thread 0x000001b4fcbd1fd0 Thread added: 0x000001b4fcbd1fd0
Event: 804.328 Thread 0x000001b4fcbd1fd0 Thread exited: 0x000001b4fcbd1fd0
Event: 804.329 Thread 0x000001b4fcbd1fd0 Thread added: 0x000001b4fcbd1fd0
Event: 804.343 Thread 0x000001b4fb679150 Thread added: 0x000001b4fb679150
Event: 804.425 Thread 0x000001b4fcbd2660 Thread added: 0x000001b4fcbd2660
Event: 804.443 Thread 0x000001b4fcbd2660 Thread exited: 0x000001b4fcbd2660
Event: 804.642 Thread 0x000001b4fcbd2660 Thread added: 0x000001b4fcbd2660
Event: 804.642 Thread 0x000001b4fd338970 Thread added: 0x000001b4fd338970
Event: 804.643 Thread 0x000001b4fd33c480 Thread added: 0x000001b4fd33c480
Event: 804.666 Thread 0x000001b4fb1e01e0 Thread added: 0x000001b4fb1e01e0
Event: 804.667 Thread 0x000001b4fbc08410 Thread added: 0x000001b4fbc08410


Dynamic libraries:
0x00007ff7d6ce0000 - 0x00007ff7d6cf0000 	E:\jdk21\bin\java.exe
0x00007fffe6120000 - 0x00007fffe6385000 	C:\WINDOWS\SYSTEM32\ntdll.dll
0x00007fffe4fc0000 - 0x00007fffe5089000 	C:\WINDOWS\System32\KERNEL32.DLL
0x00007fffe3990000 - 0x00007fffe3d78000 	C:\WINDOWS\System32\KERNELBASE.dll
0x00007fffe36c0000 - 0x00007fffe380b000 	C:\WINDOWS\System32\ucrtbase.dll
0x00007fffd2060000 - 0x00007fffd2079000 	E:\jdk21\bin\jli.dll
0x00007fffd2010000 - 0x00007fffd202b000 	E:\jdk21\bin\VCRUNTIME140.dll
0x00007fffe3ec0000 - 0x00007fffe3f73000 	C:\WINDOWS\System32\ADVAPI32.dll
0x00007fffe52a0000 - 0x00007fffe5349000 	C:\WINDOWS\System32\msvcrt.dll
0x00007fffe54c0000 - 0x00007fffe5566000 	C:\WINDOWS\System32\sechost.dll
0x00007fffe5ec0000 - 0x00007fffe5fd5000 	C:\WINDOWS\System32\RPCRT4.dll
0x00007fffe4cd0000 - 0x00007fffe4e9a000 	C:\WINDOWS\System32\USER32.dll
0x00007fffe3270000 - 0x00007fffe3297000 	C:\WINDOWS\System32\win32u.dll
0x00007fffe2500000 - 0x00007fffe279a000 	C:\WINDOWS\WinSxS\amd64_microsoft.windows.common-controls_6595b64144ccf1df_6.0.26100.4202_none_3e0698d4e335f517\COMCTL32.dll
0x00007fffe5390000 - 0x00007fffe53bb000 	C:\WINDOWS\System32\GDI32.dll
0x00007fffe32a0000 - 0x00007fffe33d7000 	C:\WINDOWS\System32\gdi32full.dll
0x00007fffe3e10000 - 0x00007fffe3eb3000 	C:\WINDOWS\System32\msvcp_win.dll
0x00007fffd28b0000 - 0x00007fffd28bb000 	C:\WINDOWS\SYSTEM32\VERSION.dll
0x00007fffe5350000 - 0x00007fffe5380000 	C:\WINDOWS\System32\IMM32.DLL
0x00007fffc10f0000 - 0x00007fffc10fc000 	E:\jdk21\bin\vcruntime140_1.dll
0x00007fffd1b00000 - 0x00007fffd1b8e000 	E:\jdk21\bin\msvcp140.dll
0x00007fff71e00000 - 0x00007fff72b17000 	E:\jdk21\bin\server\jvm.dll
0x00007fffe3f80000 - 0x00007fffe3ff4000 	C:\WINDOWS\System32\WS2_32.dll
0x00007fffe2ad0000 - 0x00007fffe2b2e000 	C:\WINDOWS\SYSTEM32\POWRPROF.dll
0x00007fffcd5b0000 - 0x00007fffcd5e5000 	C:\WINDOWS\SYSTEM32\WINMM.dll
0x00007fffe27e0000 - 0x00007fffe27f4000 	C:\WINDOWS\SYSTEM32\UMPDC.dll
0x00007fffe16c0000 - 0x00007fffe16db000 	C:\WINDOWS\SYSTEM32\kernel.appcore.dll
0x00007fffe2a40000 - 0x00007fffe2a4a000 	E:\jdk21\bin\jimage.dll
0x00007fffe2b60000 - 0x00007fffe2da1000 	C:\WINDOWS\SYSTEM32\DBGHELP.DLL
0x00007fffe5b20000 - 0x00007fffe5ea5000 	C:\WINDOWS\System32\combase.dll
0x00007fffe5a00000 - 0x00007fffe5ae1000 	C:\WINDOWS\System32\OLEAUT32.dll
0x00007fffe29c0000 - 0x00007fffe29f9000 	C:\WINDOWS\SYSTEM32\dbgcore.DLL
0x00007fffe33e0000 - 0x00007fffe3479000 	C:\WINDOWS\System32\bcryptPrimitives.dll
0x00007fffde710000 - 0x00007fffde71f000 	E:\jdk21\bin\instrument.dll
0x00007fffd1ff0000 - 0x00007fffd200f000 	E:\jdk21\bin\java.dll
0x00007fffe43f0000 - 0x00007fffe4b32000 	C:\WINDOWS\System32\SHELL32.dll
0x00007fffe3540000 - 0x00007fffe36b4000 	C:\WINDOWS\System32\wintypes.dll
0x00007fffe0430000 - 0x00007fffe0c88000 	C:\WINDOWS\SYSTEM32\windows.storage.dll
0x00007fffe5fe0000 - 0x00007fffe60d1000 	C:\WINDOWS\System32\SHCORE.dll
0x00007fffe53c0000 - 0x00007fffe542a000 	C:\WINDOWS\System32\shlwapi.dll
0x00007fffe3180000 - 0x00007fffe31af000 	C:\WINDOWS\SYSTEM32\profapi.dll
0x00007fffd19c0000 - 0x00007fffd19d8000 	E:\jdk21\bin\zip.dll
0x00007fffdd070000 - 0x00007fffdd080000 	E:\jdk21\bin\net.dll
0x00007fffda3a0000 - 0x00007fffda4be000 	C:\WINDOWS\SYSTEM32\WINHTTP.dll
0x00007fffe1bd0000 - 0x00007fffe1c3a000 	C:\WINDOWS\system32\mswsock.dll
0x00007fffd1bb0000 - 0x00007fffd1bc6000 	E:\jdk21\bin\nio.dll
0x00007fffd0c50000 - 0x00007fffd0c6a000 	C:\Users\Administrator\IntelliJ IDEA 2024.2\bin\breakgen64.dll
0x00007fffdcf40000 - 0x00007fffdcf49000 	E:\jdk21\bin\extnet.dll
0x00007fffe1200000 - 0x00007fffe1327000 	C:\WINDOWS\SYSTEM32\DNSAPI.dll
0x00007fffe1160000 - 0x00007fffe1193000 	C:\WINDOWS\SYSTEM32\IPHLPAPI.DLL
0x00007fffe4200000 - 0x00007fffe420a000 	C:\WINDOWS\System32\NSI.dll
0x00000000664d0000 - 0x00000000664f6000 	C:\Program Files\Bonjour\mdnsNSP.dll
0x00007fffdb070000 - 0x00007fffdb07b000 	C:\Windows\System32\rasadhlp.dll
0x00007fffd89c0000 - 0x00007fffd8a46000 	C:\WINDOWS\System32\fwpuclnt.dll
0x00007fffdab80000 - 0x00007fffdab8a000 	E:\jdk21\bin\management.dll
0x00007fffd2050000 - 0x00007fffd205b000 	E:\jdk21\bin\management_ext.dll
0x00007fffe5430000 - 0x00007fffe5438000 	C:\WINDOWS\System32\PSAPI.DLL
0x00007fffe2eb0000 - 0x00007fffe2ecb000 	C:\WINDOWS\SYSTEM32\CRYPTSP.dll
0x00007fffe1ff0000 - 0x00007fffe202a000 	C:\WINDOWS\system32\rsaenh.dll
0x00007fffe1c40000 - 0x00007fffe1c6b000 	C:\WINDOWS\SYSTEM32\USERENV.dll
0x00007fffe3150000 - 0x00007fffe3176000 	C:\WINDOWS\SYSTEM32\bcrypt.dll
0x00007fffe1fe0000 - 0x00007fffe1fec000 	C:\WINDOWS\SYSTEM32\CRYPTBASE.dll
0x00007fffb90c0000 - 0x00007fffb90d8000 	C:\WINDOWS\system32\napinsp.dll
0x00007fffb9020000 - 0x00007fffb9032000 	C:\WINDOWS\System32\winrnr.dll
0x00007fffb8fb0000 - 0x00007fffb8fe0000 	C:\WINDOWS\system32\nlansp_c.dll
0x00007fffd97b0000 - 0x00007fffd97d0000 	C:\WINDOWS\system32\wshbth.dll
0x00007fffbb3f0000 - 0x00007fffbb43e000 	C:\WINDOWS\SYSTEM32\pdh.dll
0x00007fffd1af0000 - 0x00007fffd1afe000 	E:\jdk21\bin\sunmscapi.dll
0x00007fffe3810000 - 0x00007fffe3987000 	C:\WINDOWS\System32\CRYPT32.dll
0x00007fffe23c0000 - 0x00007fffe23f0000 	C:\WINDOWS\SYSTEM32\ncrypt.dll
0x00007fffe22a0000 - 0x00007fffe22df000 	C:\WINDOWS\SYSTEM32\NTASN1.dll
0x00007fff5f4d0000 - 0x00007fff5f4d8000 	C:\WINDOWS\system32\wshunix.dll
0x00007fffe1920000 - 0x00007fffe1969000 	C:\WINDOWS\SYSTEM32\SspiCli.dll
0x00007fffce120000 - 0x00007fffce132000 	C:\WINDOWS\System32\perfproc.dll

dbghelp: loaded successfully - version: 4.0.5 - missing functions: none
symbol engine: initialized successfully - sym options: 0x614 - pdb path: .;E:\jdk21\bin;C:\WINDOWS\SYSTEM32;C:\WINDOWS\WinSxS\amd64_microsoft.windows.common-controls_6595b64144ccf1df_6.0.26100.4202_none_3e0698d4e335f517;E:\jdk21\bin\server;C:\Users\Administrator\IntelliJ IDEA 2024.2\bin;C:\Program Files\Bonjour

VM Arguments:
jvm_args: -XX:TieredStopAtLevel=1 -Dspring.output.ansi.enabled=always -Dcom.sun.management.jmxremote -Dspring.jmx.enabled=true -Dspring.liveBeansView.mbeanDomain -Dspring.application.admin.enabled=true -Dmanagement.endpoints.jmx.exposure.include=* -javaagent:C:\Users\Administrator\IntelliJ IDEA 2024.2\lib\idea_rt.jar=62485:C:\Users\Administrator\IntelliJ IDEA 2024.2\bin -Dfile.encoding=UTF-8 -Dsun.stdout.encoding=UTF-8 -Dsun.stderr.encoding=UTF-8 
java_command: com.hospital.hospitalserver.HospitalServerApplication
java_class_path (initial): E:\Projects\HospitalServer\target\classes;E:\Repository\IDEARepository\org\mybatis\spring\boot\mybatis-spring-boot-starter\3.0.5\mybatis-spring-boot-starter-3.0.5.jar;E:\Repository\IDEARepository\org\springframework\boot\spring-boot-starter\3.4.4\spring-boot-starter-3.4.4.jar;E:\Repository\IDEARepository\org\springframework\boot\spring-boot-starter-logging\3.4.4\spring-boot-starter-logging-3.4.4.jar;E:\Repository\IDEARepository\ch\qos\logback\logback-classic\1.5.18\logback-classic-1.5.18.jar;E:\Repository\IDEARepository\ch\qos\logback\logback-core\1.5.18\logback-core-1.5.18.jar;E:\Repository\IDEARepository\org\slf4j\jul-to-slf4j\2.0.17\jul-to-slf4j-2.0.17.jar;E:\Repository\IDEARepository\jakarta\annotation\jakarta.annotation-api\2.1.1\jakarta.annotation-api-2.1.1.jar;E:\Repository\IDEARepository\org\yaml\snakeyaml\2.3\snakeyaml-2.3.jar;E:\Repository\IDEARepository\org\springframework\boot\spring-boot-starter-jdbc\3.4.4\spring-boot-starter-jdbc-3.4.4.jar;E:\Repository\IDEARepository\com\zaxxer\HikariCP\5.1.0\HikariCP-5.1.0.jar;E:\Repository\IDEARepository\org\springframework\spring-jdbc\6.2.5\spring-jdbc-6.2.5.jar;E:\Repository\IDEARepository\org\mybatis\spring\boot\mybatis-spring-boot-autoconfigure\3.0.5\mybatis-spring-boot-autoconfigure-3.0.5.jar;E:\Repository\IDEARepository\org\mybatis\mybatis\3.5.19\mybatis-3.5.19.jar;E:\Repository\IDEARepository\org\mybatis\mybatis-spring\3.0.5\mybatis-spring-3.0.5.jar;E:\Repository\IDEARepository\org\springframework\boot\spring-boot-devtools\3.4.4\spring-boot-devtools-3.4.4.jar;E:\Repository\IDEARepository\org\springframework\boot\spring-boot\3.4.4\spring-boot-3.4.4.jar;E:\Repository\IDEARepository\org\springframework\spring-context\6.2.5\spring-context-6.2.5.jar;E:\Repository\IDEARepository\org\springframework\boot\spring-boot-autoconfigure\3.4.4\spring-boot-autoconfigure-3.4.4.jar;E:\Repository\IDEARepository\com\auth0\java-jwt\3.9.0\java-jwt-3.9.0.jar;E:\Repository\IDEARepository\com\fasterxml\jackson\core\jackson-databind\2.18.3\jackson-databind-2.18.3.jar;E:\Repository\IDEARepository\com\fasterxml\jackson\core\jackson-annotations\2.18.3\jackson-annotations-2.18.3.jar;E:\Repository\IDEARepository\com\fasterxml\jackson\core\jackson-core\2.18.3\jackson-core-2.18.3.jar;E:\Repository\IDEARepository\commons-codec\commons-codec\1.17.2\commons-codec-1.17.2.jar;E:\Repository\IDEARepository\org\json\json\20190722\json-20190722.jar;E:\Repository\IDEARepository\commons-lang\commons-lang\2.6\commons-lang-2.6.jar;E:\Repository\IDEARepository\com\mysql\mysql-connector-j\9.1.0\mysql-connector-j-9.1.0.jar;E:\Repository\IDEARepository\org\projectlombok\lombok\1.18.30\lombok-1.18.30.jar;E:\Repository\IDEARepository\cn\hutool\hutool-all\5.6.3\hutool-all-5.6.3.jar;E:\Repository\IDEARepository\org\springframework\spring-core\6.2.5\spring-core-6.2.5.jar;E:\Repository\IDEARepository\org\springframework\spring-jcl\6.2.5\spring-jcl-6.2.5.jar;E:\Repository\IDEARepository\org\springframework\spring-tx\6.2.5\spring-tx-6.2.5.jar;E:\Repository\IDEARepository\org\springframework\boot\spring-boot-starter-web\3.4.4\spring-boot-starter-web-3.4.4.jar;E:\Repository\IDEARepository\org\springframework\boot\spring-boot-starter-json\3.4.4\spring-boot-starter-json-3.4.4.jar;E:\Repository\IDEARepository\com\fasterxml\jackson\datatype\jackson-datatype-jdk8\2.18.3\jackson-datatype-jdk8-2.18.3.jar;E:\Repository\IDEARepository\com\fasterxml\jackson\datatype\jackson-datatype-jsr310\2.18.3\jackson-datatype-jsr310-2.18.3.jar;E:\Repository\IDEARepository\com\fasterxml\jackson\module\jackson-module-parameter-names\2.18.3\jackson-module-parameter-names-2.18.3.jar;E:\Repository\IDEARepository\org\springframework\boot\spring-boot-starter-tomcat\3.4.4\spring-boot-starter-tomcat-3.4.4.jar;E:\Repository\IDEARepository\org\apache\tomcat\embed\tomcat-embed-core\10.1.39\tomcat-embed-core-10.1.39.jar;E:\Repository\IDEARepository\org\apache\tomcat\embed\tomcat-embed-websocket\10.1.39\tomcat-embed-websocket-10.1.39.jar;E:\Repository\IDEARepository\org\springframework\spring-web\6.2.5\spring-web-6.2.5.jar;E:\Repository\IDEARepository\org\springframework\spring-beans\6.2.5\spring-beans-6.2.5.jar;E:\Repository\IDEARepository\io\micrometer\micrometer-observation\1.14.5\micrometer-observation-1.14.5.jar;E:\Repository\IDEARepository\io\micrometer\micrometer-commons\1.14.5\micrometer-commons-1.14.5.jar;E:\Repository\IDEARepository\org\springframework\spring-webmvc\6.2.5\spring-webmvc-6.2.5.jar;E:\Repository\IDEARepository\org\springframework\spring-aop\6.2.5\spring-aop-6.2.5.jar;E:\Repository\IDEARepository\org\springframework\spring-expression\6.2.5\spring-expression-6.2.5.jar;E:\Repository\IDEARepository\org\apache\logging\log4j\log4j-core\2.24.3\log4j-core-2.24.3.jar;E:\Repository\IDEARepository\org\apache\logging\log4j\log4j-api\2.24.3\log4j-api-2.24.3.jar;E:\Repository\IDEARepository\org\apache\logging\log4j\log4j-to-slf4j\2.24.3\log4j-to-slf4j-2.24.3.jar;E:\Repository\IDEARepository\org\slf4j\slf4j-api\2.0.17\slf4j-api-2.0.17.jar;E:\Repository\IDEARepository\org\mapstruct\mapstruct\1.5.5.Final\mapstruct-1.5.5.Final.jar;E:\Repository\IDEARepository\org\mapstruct\mapstruct-processor\1.5.5.Final\mapstruct-processor-1.5.5.Final.jar;E:\Repository\IDEARepository\org\springframework\boot\spring-boot-starter-validation\3.4.4\spring-boot-starter-validation-3.4.4.jar;E:\Repository\IDEARepository\org\apache\tomcat\embed\tomcat-embed-el\10.1.39\tomcat-embed-el-10.1.39.jar;E:\Repository\IDEARepository\org\hibernate\validator\hibernate-validator\8.0.2.Final\hibernate-validator-8.0.2.Final.jar;E:\Repository\IDEARepository\jakarta\validation\jakarta.validation-api\3.0.2\jakarta.validation-api-3.0.2.jar;E:\Repository\IDEARepository\org\jboss\logging\jboss-logging\3.6.1.Final\jboss-logging-3.6.1.Final.jar;E:\Repository\IDEARepository\com\fasterxml\classmate\1.7.0\classmate-1.7.0.jar
Launcher Type: SUN_STANDARD

[Global flags]
     intx CICompilerCount                          = 12                                        {product} {ergonomic}
     uint ConcGCThreads                            = 3                                         {product} {ergonomic}
     uint G1ConcRefinementThreads                  = 13                                        {product} {ergonomic}
   size_t G1HeapRegionSize                         = 2097152                                   {product} {ergonomic}
    uintx GCDrainStackTargetSize                   = 64                                        {product} {ergonomic}
   size_t InitialHeapSize                          = 266338304                                 {product} {ergonomic}
     bool ManagementServer                         = true                                      {product} {command line}
   size_t MarkStackSize                            = 4194304                                   {product} {ergonomic}
   size_t MaxHeapSize                              = 4236247040                                {product} {ergonomic}
   size_t MaxNewSize                               = 2541748224                                {product} {ergonomic}
   size_t MinHeapDeltaBytes                        = 2097152                                   {product} {ergonomic}
   size_t MinHeapSize                              = 8388608                                   {product} {ergonomic}
    uintx NonNMethodCodeHeapSize                   = 4096                                   {pd product} {ergonomic}
    uintx NonProfiledCodeHeapSize                  = 0                                      {pd product} {ergonomic}
     bool ProfileInterpreter                       = false                                  {pd product} {command line}
    uintx ProfiledCodeHeapSize                     = 0                                      {pd product} {ergonomic}
   size_t SoftMaxHeapSize                          = 4236247040                             {manageable} {ergonomic}
     intx TieredStopAtLevel                        = 1                                         {product} {command line}
     bool UseCompressedOops                        = true                           {product lp64_product} {ergonomic}
     bool UseG1GC                                  = true                                      {product} {ergonomic}
     bool UseLargePagesIndividualAllocation        = false                                  {pd product} {ergonomic}

Logging:
Log output configuration:
 #0: stdout all=warning uptime,level,tags foldmultilines=false
 #1: stderr all=off uptime,level,tags foldmultilines=false

Environment Variables:
JAVA_HOME=E:\jdk21
PATH=E:\tools\VMware\bin\;E:\jdk21\bin;c:\Users\Administrator\AppData\Local\Programs\cursor\resources\app\bin;E:\tools\apache-maven-3.9.8\bin;E:\tools\Git\bin;C:\WINDOWS\system32;C:\WINDOWS;C:\WINDOWS\System32\Wbem;C:\WINDOWS\System32\WindowsPowerShell\v1.0\;C:\WINDOWS\System32\OpenSSH\;D:\software\mysql-5.7.24-winx64\mysql-5.7.24-winx64\bin;C:\Users\Administrator\AppData\Local\Microsoft\WindowsApps;E:\WebProject\VScode\bin;C:\Users\Administrator\AppData\Local\Programs\cursor\resources\app\bin;c:\Users\Administrator\AppData\Local\Programs\cursor\resources\app\bin;E:\tools\nodejs\;E:\tools\web\dll;E:\tools\Anaconda3;E:\tools\Anaconda3\Scripts;E:\tools\Anaconda3\Library\bin;E:\tools\Anaconda3\Library\mingw-w64\bin;E:\tools\Anaconda3\Library\usr\bin;;e:\tools\cursor\resources\app\bin;C:\Program Files\Docker\Docker\resources\bin;E:\SoftWare\cursor\resources\app\bin;C:\Users\Administrator\AppData\Local\Microsoft\WindowsApps;E:\jdk21\bin;;E:\WebProject\VScode\bin;E:\Webs\tools\Microsoft VS Code\bin;C:\Users\Administrator\AppData\Roaming\npm;D:\SoftWare\cpolar\;E:\tools\PyCharm 2025.1.3\bin;;E:\SoftWare\Windsurf\bin
USERNAME=Administrator
OS=Windows_NT
PROCESSOR_IDENTIFIER=Intel64 Family 6 Model 165 Stepping 2, GenuineIntel
TMP=C:\Users\ADMINI~1\AppData\Local\Temp
TEMP=C:\Users\ADMINI~1\AppData\Local\Temp




Periodic native trim disabled

---------------  S Y S T E M  ---------------

OS:
 Windows 11 , 64 bit Build 26100 (10.0.26100.4202)
OS uptime: 2 days 16:29 hours
Hyper-V role detected

CPU: total 16 (initial active 16) (8 cores per cpu, 2 threads per core) family 6 model 165 stepping 2 microcode 0xf8, cx8, cmov, fxsr, ht, mmx, 3dnowpref, sse, sse2, sse3, ssse3, sse4.1, sse4.2, popcnt, lzcnt, tsc, tscinvbit, avx, avx2, aes, erms, clmul, bmi1, bmi2, adx, fma, vzeroupper, clflush, clflushopt, hv, rdtscp, f16c
Processor Information for all 16 processors :
  Max Mhz: 2208, Current Mhz: 2208, Mhz Limit: 2208

Memory: 4k page, system-wide physical 16159M (1614M free)
TotalPageFile size 34308M (AvailPageFile size 57M)
current process WorkingSet (physical memory assigned to process): 208M, peak: 255M
current process commit charge ("private bytes"): 263M, peak: 380M

vm_info: Java HotSpot(TM) 64-Bit Server VM (21.0.2+13-LTS-58) for windows-amd64 JRE (21.0.2+13-LTS-58), built on 2024-01-05T18:32:24Z by "mach5one" with MS VC++ 17.1 (VS2022)

END.
